{"D:\\UC\\MEI\\2o-ano\\Tese\\sheep-management\\frontend\\jest.setup.ts": {"path":"D:\\UC\\MEI\\2o-ano\\Tese\\sheep-management\\frontend\\jest.setup.ts","all":true,"statementMap":{"1":{"start":{"line":2,"column":0},"end":{"line":2,"column":35}}},"s":{"1":0},"branchMap":{"0":{"type":"branch","line":1,"loc":{"start":{"line":1,"column":2},"end":{"line":2,"column":35}},"locations":[{"start":{"line":1,"column":2},"end":{"line":2,"column":35}}]}},"b":{"0":[1]},"fnMap":{"0":{"name":"(empty-report)","decl":{"start":{"line":1,"column":2},"end":{"line":2,"column":35}},"loc":{"start":{"line":1,"column":2},"end":{"line":2,"column":35}},"line":1}},"f":{"0":1}}
,"D:\\UC\\MEI\\2o-ano\\Tese\\sheep-management\\frontend\\public\\service-worker.js": {"path":"D:\\UC\\MEI\\2o-ano\\Tese\\sheep-management\\frontend\\public\\service-worker.js","all":true,"statementMap":{"0":{"start":{"line":1,"column":0},"end":{"line":1,"column":0}},"1":{"start":{"line":2,"column":0},"end":{"line":2,"column":45}},"2":{"start":{"line":3,"column":0},"end":{"line":3,"column":48}},"3":{"start":{"line":4,"column":0},"end":{"line":4,"column":23}},"4":{"start":{"line":5,"column":0},"end":{"line":5,"column":5}},"5":{"start":{"line":6,"column":0},"end":{"line":6,"column":2}},"6":{"start":{"line":7,"column":0},"end":{"line":7,"column":48}},"7":{"start":{"line":8,"column":0},"end":{"line":8,"column":48}},"8":{"start":{"line":9,"column":0},"end":{"line":9,"column":5}},"9":{"start":{"line":10,"column":0},"end":{"line":10,"column":2}},"10":{"start":{"line":11,"column":0},"end":{"line":11,"column":45}},"11":{"start":{"line":12,"column":0},"end":{"line":12,"column":22}},"12":{"start":{"line":13,"column":0},"end":{"line":13,"column":33}},"13":{"start":{"line":14,"column":0},"end":{"line":14,"column":29}},"14":{"start":{"line":15,"column":0},"end":{"line":15,"column":50}},"15":{"start":{"line":16,"column":0},"end":{"line":16,"column":10}},"16":{"start":{"line":17,"column":0},"end":{"line":17,"column":6}},"17":{"start":{"line":18,"column":0},"end":{"line":18,"column":5}}},"s":{"0":0,"1":0,"2":0,"3":0,"4":0,"5":0,"6":0,"7":0,"8":0,"9":0,"10":0,"11":0,"12":0,"13":0,"14":0,"15":0,"16":0,"17":0},"branchMap":{"0":{"type":"branch","line":1,"loc":{"start":{"line":1,"column":460},"end":{"line":18,"column":5}},"locations":[{"start":{"line":1,"column":460},"end":{"line":18,"column":5}}]}},"b":{"0":[0]},"fnMap":{"0":{"name":"(empty-report)","decl":{"start":{"line":1,"column":460},"end":{"line":18,"column":5}},"loc":{"start":{"line":1,"column":460},"end":{"line":18,"column":5}},"line":1}},"f":{"0":0}}
,"D:\\UC\\MEI\\2o-ano\\Tese\\sheep-management\\frontend\\src\\App.tsx": {"path":"D:\\UC\\MEI\\2o-ano\\Tese\\sheep-management\\frontend\\src\\App.tsx","all":true,"statementMap":{"0":{"start":{"line":1,"column":0},"end":{"line":1,"column":18}},"1":{"start":{"line":2,"column":0},"end":{"line":2,"column":63}},"2":{"start":{"line":3,"column":0},"end":{"line":3,"column":45}},"3":{"start":{"line":4,"column":0},"end":{"line":4,"column":45}},"5":{"start":{"line":6,"column":0},"end":{"line":6,"column":16}},"6":{"start":{"line":7,"column":0},"end":{"line":7,"column":10}},"7":{"start":{"line":8,"column":0},"end":{"line":8,"column":19}},"8":{"start":{"line":9,"column":0},"end":{"line":9,"column":14}},"9":{"start":{"line":10,"column":0},"end":{"line":10,"column":50}},"10":{"start":{"line":11,"column":0},"end":{"line":11,"column":59}},"11":{"start":{"line":12,"column":0},"end":{"line":12,"column":15}},"12":{"start":{"line":13,"column":0},"end":{"line":13,"column":20}},"14":{"start":{"line":15,"column":0},"end":{"line":15,"column":1}},"16":{"start":{"line":17,"column":0},"end":{"line":17,"column":18}}},"s":{"0":0,"1":0,"2":0,"3":0,"5":0,"6":0,"7":0,"8":0,"9":0,"10":0,"11":0,"12":0,"14":0,"16":0},"branchMap":{"0":{"type":"branch","line":1,"loc":{"start":{"line":1,"column":272},"end":{"line":17,"column":-267}},"locations":[{"start":{"line":1,"column":272},"end":{"line":17,"column":-267}}]}},"b":{"0":[0]},"fnMap":{"0":{"name":"(empty-report)","decl":{"start":{"line":1,"column":272},"end":{"line":17,"column":-267}},"loc":{"start":{"line":1,"column":272},"end":{"line":17,"column":-267}},"line":1}},"f":{"0":0}}
,"D:\\UC\\MEI\\2o-ano\\Tese\\sheep-management\\frontend\\src\\main.tsx": {"path":"D:\\UC\\MEI\\2o-ano\\Tese\\sheep-management\\frontend\\src\\main.tsx","all":true,"statementMap":{"0":{"start":{"line":1,"column":0},"end":{"line":1,"column":34}},"1":{"start":{"line":2,"column":0},"end":{"line":2,"column":45}},"2":{"start":{"line":3,"column":0},"end":{"line":3,"column":20}},"3":{"start":{"line":4,"column":0},"end":{"line":4,"column":27}},"5":{"start":{"line":6,"column":0},"end":{"line":6,"column":52}},"6":{"start":{"line":7,"column":0},"end":{"line":7,"column":14}},"7":{"start":{"line":8,"column":0},"end":{"line":8,"column":11}},"8":{"start":{"line":9,"column":0},"end":{"line":9,"column":16}},"9":{"start":{"line":10,"column":0},"end":{"line":10,"column":1}}},"s":{"0":0,"1":0,"2":0,"3":0,"5":0,"6":0,"7":0,"8":0,"9":0},"branchMap":{"0":{"type":"branch","line":1,"loc":{"start":{"line":1,"column":203},"end":{"line":10,"column":-148}},"locations":[{"start":{"line":1,"column":203},"end":{"line":10,"column":-148}}]}},"b":{"0":[0]},"fnMap":{"0":{"name":"(empty-report)","decl":{"start":{"line":1,"column":203},"end":{"line":10,"column":-148}},"loc":{"start":{"line":1,"column":203},"end":{"line":10,"column":-148}},"line":1}},"f":{"0":0}}
,"D:\\UC\\MEI\\2o-ano\\Tese\\sheep-management\\frontend\\src\\components\\Button\\Button.tsx": {"path":"D:\\UC\\MEI\\2o-ano\\Tese\\sheep-management\\frontend\\src\\components\\Button\\Button.tsx","all":false,"statementMap":{"2":{"start":{"line":3,"column":0},"end":{"line":3,"column":41}},"12":{"start":{"line":13,"column":0},"end":{"line":13,"column":47}},"13":{"start":{"line":14,"column":0},"end":{"line":14,"column":11}},"14":{"start":{"line":15,"column":0},"end":{"line":15,"column":20}},"15":{"start":{"line":16,"column":0},"end":{"line":16,"column":10}},"16":{"start":{"line":17,"column":0},"end":{"line":17,"column":18}},"17":{"start":{"line":18,"column":0},"end":{"line":18,"column":19}},"18":{"start":{"line":19,"column":0},"end":{"line":19,"column":7}},"19":{"start":{"line":20,"column":0},"end":{"line":20,"column":10}},"20":{"start":{"line":21,"column":0},"end":{"line":21,"column":11}},"21":{"start":{"line":22,"column":0},"end":{"line":22,"column":55}},"22":{"start":{"line":23,"column":0},"end":{"line":23,"column":23}},"23":{"start":{"line":24,"column":0},"end":{"line":24,"column":17}},"24":{"start":{"line":25,"column":0},"end":{"line":25,"column":25}},"26":{"start":{"line":27,"column":0},"end":{"line":27,"column":16}},"27":{"start":{"line":28,"column":0},"end":{"line":28,"column":13}},"29":{"start":{"line":30,"column":0},"end":{"line":30,"column":2}}},"s":{"2":1,"12":1,"13":5,"14":5,"15":5,"16":5,"17":5,"18":5,"19":5,"20":5,"21":5,"22":5,"23":5,"24":5,"26":5,"27":5,"29":5},"branchMap":{"0":{"type":"branch","line":13,"loc":{"start":{"line":13,"column":45},"end":{"line":30,"column":2}},"locations":[{"start":{"line":13,"column":45},"end":{"line":30,"column":2}}]}},"b":{"0":[5]},"fnMap":{"0":{"name":"Button","decl":{"start":{"line":13,"column":45},"end":{"line":30,"column":2}},"loc":{"start":{"line":13,"column":45},"end":{"line":30,"column":2}},"line":13}},"f":{"0":5}}
,"D:\\UC\\MEI\\2o-ano\\Tese\\sheep-management\\frontend\\src\\components\\Card\\Card.tsx": {"path":"D:\\UC\\MEI\\2o-ano\\Tese\\sheep-management\\frontend\\src\\components\\Card\\Card.tsx","all":false,"statementMap":{"2":{"start":{"line":3,"column":0},"end":{"line":3,"column":39}},"9":{"start":{"line":10,"column":0},"end":{"line":10,"column":76}},"10":{"start":{"line":11,"column":0},"end":{"line":11,"column":73}},"11":{"start":{"line":12,"column":0},"end":{"line":12,"column":2}}},"s":{"2":1,"9":1,"10":4,"11":4},"branchMap":{"0":{"type":"branch","line":10,"loc":{"start":{"line":10,"column":41},"end":{"line":12,"column":2}},"locations":[{"start":{"line":10,"column":41},"end":{"line":12,"column":2}}]}},"b":{"0":[4]},"fnMap":{"0":{"name":"Card","decl":{"start":{"line":10,"column":41},"end":{"line":12,"column":2}},"loc":{"start":{"line":10,"column":41},"end":{"line":12,"column":2}},"line":10}},"f":{"0":4}}
,"D:\\UC\\MEI\\2o-ano\\Tese\\sheep-management\\frontend\\src\\components\\Layout\\PageLayout.tsx": {"path":"D:\\UC\\MEI\\2o-ano\\Tese\\sheep-management\\frontend\\src\\components\\Layout\\PageLayout.tsx","all":false,"statementMap":{"2":{"start":{"line":3,"column":0},"end":{"line":3,"column":36}},"3":{"start":{"line":4,"column":0},"end":{"line":4,"column":45}},"9":{"start":{"line":10,"column":0},"end":{"line":10,"column":72}},"10":{"start":{"line":11,"column":0},"end":{"line":11,"column":10}},"11":{"start":{"line":12,"column":0},"end":{"line":12,"column":38}},"12":{"start":{"line":13,"column":0},"end":{"line":13,"column":14}},"13":{"start":{"line":14,"column":0},"end":{"line":14,"column":36}},"14":{"start":{"line":15,"column":0},"end":{"line":15,"column":18}},"15":{"start":{"line":16,"column":0},"end":{"line":16,"column":13}},"16":{"start":{"line":17,"column":0},"end":{"line":17,"column":10}},"18":{"start":{"line":19,"column":0},"end":{"line":19,"column":2}}},"s":{"2":1,"3":1,"9":1,"10":1,"11":1,"12":1,"13":1,"14":1,"15":1,"16":1,"18":1},"branchMap":{"0":{"type":"branch","line":10,"loc":{"start":{"line":10,"column":53},"end":{"line":19,"column":2}},"locations":[{"start":{"line":10,"column":53},"end":{"line":19,"column":2}}]}},"b":{"0":[1]},"fnMap":{"0":{"name":"PageLayout","decl":{"start":{"line":10,"column":53},"end":{"line":19,"column":2}},"loc":{"start":{"line":10,"column":53},"end":{"line":19,"column":2}},"line":10}},"f":{"0":1}}
,"D:\\UC\\MEI\\2o-ano\\Tese\\sheep-management\\frontend\\src\\components\\Menu\\Menu.tsx": {"path":"D:\\UC\\MEI\\2o-ano\\Tese\\sheep-management\\frontend\\src\\components\\Menu\\Menu.tsx","all":false,"statementMap":{"0":{"start":{"line":1,"column":0},"end":{"line":1,"column":59}},"1":{"start":{"line":2,"column":0},"end":{"line":2,"column":39}},"2":{"start":{"line":3,"column":0},"end":{"line":3,"column":40}},"4":{"start":{"line":5,"column":0},"end":{"line":5,"column":37}},"5":{"start":{"line":6,"column":0},"end":{"line":6,"column":64}},"6":{"start":{"line":7,"column":0},"end":{"line":7,"column":49}},"8":{"start":{"line":9,"column":0},"end":{"line":9,"column":49}},"9":{"start":{"line":10,"column":0},"end":{"line":10,"column":63}},"10":{"start":{"line":11,"column":0},"end":{"line":11,"column":4}},"12":{"start":{"line":13,"column":0},"end":{"line":13,"column":19}},"13":{"start":{"line":14,"column":0},"end":{"line":14,"column":52}},"14":{"start":{"line":15,"column":0},"end":{"line":15,"column":79}},"15":{"start":{"line":16,"column":0},"end":{"line":16,"column":26}},"16":{"start":{"line":17,"column":0},"end":{"line":17,"column":7}},"17":{"start":{"line":18,"column":0},"end":{"line":18,"column":5}},"19":{"start":{"line":20,"column":0},"end":{"line":20,"column":63}},"20":{"start":{"line":21,"column":0},"end":{"line":21,"column":18}},"21":{"start":{"line":22,"column":0},"end":{"line":22,"column":68}},"22":{"start":{"line":23,"column":0},"end":{"line":23,"column":6}},"23":{"start":{"line":24,"column":0},"end":{"line":24,"column":9}},"25":{"start":{"line":26,"column":0},"end":{"line":26,"column":21}},"26":{"start":{"line":27,"column":0},"end":{"line":27,"column":5}},"27":{"start":{"line":28,"column":0},"end":{"line":28,"column":25}},"28":{"start":{"line":29,"column":0},"end":{"line":29,"column":17}},"29":{"start":{"line":30,"column":0},"end":{"line":30,"column":49}},"30":{"start":{"line":31,"column":0},"end":{"line":31,"column":57}},"31":{"start":{"line":32,"column":0},"end":{"line":32,"column":7}},"32":{"start":{"line":33,"column":0},"end":{"line":33,"column":6}},"33":{"start":{"line":34,"column":0},"end":{"line":34,"column":5}},"34":{"start":{"line":35,"column":0},"end":{"line":35,"column":22}},"35":{"start":{"line":36,"column":0},"end":{"line":36,"column":17}},"36":{"start":{"line":37,"column":0},"end":{"line":37,"column":48}},"37":{"start":{"line":38,"column":0},"end":{"line":38,"column":56}},"38":{"start":{"line":39,"column":0},"end":{"line":39,"column":7}},"39":{"start":{"line":40,"column":0},"end":{"line":40,"column":6}},"40":{"start":{"line":41,"column":0},"end":{"line":41,"column":5}},"41":{"start":{"line":42,"column":0},"end":{"line":42,"column":21}},"42":{"start":{"line":43,"column":0},"end":{"line":43,"column":17}},"43":{"start":{"line":44,"column":0},"end":{"line":44,"column":48}},"44":{"start":{"line":45,"column":0},"end":{"line":45,"column":52}},"45":{"start":{"line":46,"column":0},"end":{"line":46,"column":7}},"46":{"start":{"line":47,"column":0},"end":{"line":47,"column":6}},"47":{"start":{"line":48,"column":0},"end":{"line":48,"column":5}},"48":{"start":{"line":49,"column":0},"end":{"line":49,"column":24}},"49":{"start":{"line":50,"column":0},"end":{"line":50,"column":17}},"50":{"start":{"line":51,"column":0},"end":{"line":51,"column":51}},"51":{"start":{"line":52,"column":0},"end":{"line":52,"column":71}},"52":{"start":{"line":53,"column":0},"end":{"line":53,"column":7}},"53":{"start":{"line":54,"column":0},"end":{"line":54,"column":6}},"54":{"start":{"line":55,"column":0},"end":{"line":55,"column":5}},"55":{"start":{"line":56,"column":0},"end":{"line":56,"column":23}},"56":{"start":{"line":57,"column":0},"end":{"line":57,"column":17}},"57":{"start":{"line":58,"column":0},"end":{"line":58,"column":62}},"58":{"start":{"line":59,"column":0},"end":{"line":59,"column":65}},"59":{"start":{"line":60,"column":0},"end":{"line":60,"column":63}},"60":{"start":{"line":61,"column":0},"end":{"line":61,"column":7}},"61":{"start":{"line":62,"column":0},"end":{"line":62,"column":6}},"62":{"start":{"line":63,"column":0},"end":{"line":63,"column":5}},"63":{"start":{"line":64,"column":0},"end":{"line":64,"column":19}},"64":{"start":{"line":65,"column":0},"end":{"line":65,"column":17}},"65":{"start":{"line":66,"column":0},"end":{"line":66,"column":42}},"66":{"start":{"line":67,"column":0},"end":{"line":67,"column":59}},"67":{"start":{"line":68,"column":0},"end":{"line":68,"column":7}},"68":{"start":{"line":69,"column":0},"end":{"line":69,"column":5}},"69":{"start":{"line":70,"column":0},"end":{"line":70,"column":4}},"71":{"start":{"line":72,"column":0},"end":{"line":72,"column":10}},"72":{"start":{"line":73,"column":0},"end":{"line":73,"column":35}},"73":{"start":{"line":74,"column":0},"end":{"line":74,"column":48}},"74":{"start":{"line":75,"column":0},"end":{"line":75,"column":40}},"75":{"start":{"line":76,"column":0},"end":{"line":76,"column":64}},"76":{"start":{"line":77,"column":0},"end":{"line":77,"column":13}},"78":{"start":{"line":79,"column":0},"end":{"line":79,"column":48}},"79":{"start":{"line":80,"column":0},"end":{"line":80,"column":53}},"80":{"start":{"line":81,"column":0},"end":{"line":81,"column":19}},"81":{"start":{"line":82,"column":0},"end":{"line":82,"column":51}},"82":{"start":{"line":83,"column":0},"end":{"line":83,"column":41}},"83":{"start":{"line":84,"column":0},"end":{"line":84,"column":34}},"84":{"start":{"line":85,"column":0},"end":{"line":85,"column":47}},"86":{"start":{"line":87,"column":0},"end":{"line":87,"column":20}},"87":{"start":{"line":88,"column":0},"end":{"line":88,"column":21}},"89":{"start":{"line":90,"column":0},"end":{"line":90,"column":35}},"90":{"start":{"line":91,"column":0},"end":{"line":91,"column":76}},"91":{"start":{"line":92,"column":0},"end":{"line":92,"column":50}},"92":{"start":{"line":93,"column":0},"end":{"line":93,"column":34}},"93":{"start":{"line":94,"column":0},"end":{"line":94,"column":25}},"94":{"start":{"line":95,"column":0},"end":{"line":95,"column":29}},"95":{"start":{"line":96,"column":0},"end":{"line":96,"column":52}},"96":{"start":{"line":97,"column":0},"end":{"line":97,"column":55}},"98":{"start":{"line":99,"column":0},"end":{"line":99,"column":29}},"99":{"start":{"line":100,"column":0},"end":{"line":100,"column":27}},"100":{"start":{"line":101,"column":0},"end":{"line":101,"column":23}},"101":{"start":{"line":102,"column":0},"end":{"line":102,"column":19}},"102":{"start":{"line":103,"column":0},"end":{"line":103,"column":19}},"104":{"start":{"line":105,"column":0},"end":{"line":105,"column":15}},"105":{"start":{"line":106,"column":0},"end":{"line":106,"column":11}},"106":{"start":{"line":107,"column":0},"end":{"line":107,"column":11}},"107":{"start":{"line":108,"column":0},"end":{"line":108,"column":10}},"109":{"start":{"line":110,"column":0},"end":{"line":110,"column":2}}},"s":{"0":1,"1":1,"2":1,"4":1,"5":6,"6":6,"8":6,"9":2,"10":2,"12":6,"13":3,"14":1,"15":1,"16":1,"17":1,"19":3,"20":3,"21":3,"22":3,"23":6,"25":6,"26":6,"27":6,"28":6,"29":6,"30":6,"31":6,"32":6,"33":6,"34":6,"35":6,"36":6,"37":6,"38":6,"39":6,"40":6,"41":6,"42":6,"43":6,"44":6,"45":6,"46":6,"47":6,"48":6,"49":6,"50":6,"51":6,"52":6,"53":6,"54":6,"55":6,"56":6,"57":6,"58":6,"59":6,"60":6,"61":6,"62":6,"63":6,"64":6,"65":6,"66":6,"67":6,"68":6,"69":6,"71":6,"72":6,"73":6,"74":6,"75":6,"76":6,"78":6,"79":36,"80":36,"81":36,"82":36,"83":36,"84":36,"86":36,"87":36,"89":36,"90":2,"91":2,"92":4,"93":4,"94":4,"95":4,"96":4,"98":4,"99":4,"100":4,"101":2,"102":2,"104":36,"105":6,"106":6,"107":6,"109":6},"branchMap":{"0":{"type":"branch","line":5,"loc":{"start":{"line":5,"column":30},"end":{"line":110,"column":2}},"locations":[{"start":{"line":5,"column":30},"end":{"line":110,"column":2}}]},"1":{"type":"branch","line":9,"loc":{"start":{"line":9,"column":26},"end":{"line":11,"column":4}},"locations":[{"start":{"line":9,"column":26},"end":{"line":11,"column":4}}]},"2":{"type":"branch","line":10,"loc":{"start":{"line":10,"column":16},"end":{"line":10,"column":61}},"locations":[{"start":{"line":10,"column":16},"end":{"line":10,"column":61}}]},"3":{"type":"branch","line":10,"loc":{"start":{"line":10,"column":34},"end":{"line":10,"column":52}},"locations":[{"start":{"line":10,"column":34},"end":{"line":10,"column":52}}]},"4":{"type":"branch","line":13,"loc":{"start":{"line":13,"column":12},"end":{"line":24,"column":5}},"locations":[{"start":{"line":13,"column":12},"end":{"line":24,"column":5}}]},"5":{"type":"branch","line":14,"loc":{"start":{"line":14,"column":4},"end":{"line":18,"column":5}},"locations":[{"start":{"line":14,"column":4},"end":{"line":18,"column":5}}]},"6":{"type":"branch","line":21,"loc":{"start":{"line":21,"column":11},"end":{"line":23,"column":6}},"locations":[{"start":{"line":21,"column":11},"end":{"line":23,"column":6}}]},"7":{"type":"branch","line":79,"loc":{"start":{"line":79,"column":23},"end":{"line":105,"column":15}},"locations":[{"start":{"line":79,"column":23},"end":{"line":105,"column":15}}]},"8":{"type":"branch","line":90,"loc":{"start":{"line":90,"column":26},"end":{"line":103,"column":19}},"locations":[{"start":{"line":90,"column":26},"end":{"line":103,"column":19}}]},"9":{"type":"branch","line":82,"loc":{"start":{"line":82,"column":23},"end":{"line":82,"column":51}},"locations":[{"start":{"line":82,"column":23},"end":{"line":82,"column":51}}]},"10":{"type":"branch","line":92,"loc":{"start":{"line":92,"column":30},"end":{"line":101,"column":23}},"locations":[{"start":{"line":92,"column":30},"end":{"line":101,"column":23}}]}},"b":{"0":[6],"1":[2],"2":[2],"3":[0],"4":[3],"5":[1],"6":[3],"7":[36],"8":[2],"9":[2],"10":[4]},"fnMap":{"0":{"name":"Menu","decl":{"start":{"line":5,"column":30},"end":{"line":110,"column":2}},"loc":{"start":{"line":5,"column":30},"end":{"line":110,"column":2}},"line":5},"1":{"name":"handleMenuClick","decl":{"start":{"line":9,"column":26},"end":{"line":11,"column":4}},"loc":{"start":{"line":9,"column":26},"end":{"line":11,"column":4}},"line":9},"2":{"name":"handleClickOutside","decl":{"start":{"line":14,"column":4},"end":{"line":18,"column":5}},"loc":{"start":{"line":14,"column":4},"end":{"line":18,"column":5}},"line":14},"3":{"name":"onClick","decl":{"start":{"line":82,"column":23},"end":{"line":82,"column":51}},"loc":{"start":{"line":82,"column":23},"end":{"line":82,"column":51}},"line":82},"4":{"name":"onClick","decl":{"start":{"line":97,"column":31},"end":{"line":97,"column":55}},"loc":{"start":{"line":97,"column":31},"end":{"line":97,"column":55}},"line":97}},"f":{"0":6,"1":2,"2":1,"3":2,"4":0}}
,"D:\\UC\\MEI\\2o-ano\\Tese\\sheep-management\\frontend\\src\\components\\SearchInput\\SearchInput.tsx": {"path":"D:\\UC\\MEI\\2o-ano\\Tese\\sheep-management\\frontend\\src\\components\\SearchInput\\SearchInput.tsx","all":false,"statementMap":{"2":{"start":{"line":3,"column":0},"end":{"line":3,"column":46}},"10":{"start":{"line":11,"column":0},"end":{"line":11,"column":57}},"11":{"start":{"line":12,"column":0},"end":{"line":12,"column":28}},"12":{"start":{"line":13,"column":0},"end":{"line":13,"column":8}},"13":{"start":{"line":14,"column":0},"end":{"line":14,"column":11}},"14":{"start":{"line":15,"column":0},"end":{"line":15,"column":7}},"15":{"start":{"line":16,"column":0},"end":{"line":16,"column":10}},"16":{"start":{"line":17,"column":0},"end":{"line":17,"column":36}},"17":{"start":{"line":18,"column":0},"end":{"line":18,"column":45}},"18":{"start":{"line":19,"column":0},"end":{"line":19,"column":12}},"19":{"start":{"line":20,"column":0},"end":{"line":20,"column":19}},"20":{"start":{"line":21,"column":0},"end":{"line":21,"column":32}},"21":{"start":{"line":22,"column":0},"end":{"line":22,"column":33}},"22":{"start":{"line":23,"column":0},"end":{"line":23,"column":21}},"23":{"start":{"line":24,"column":0},"end":{"line":24,"column":27}},"24":{"start":{"line":25,"column":0},"end":{"line":25,"column":8}},"25":{"start":{"line":26,"column":0},"end":{"line":26,"column":10}},"27":{"start":{"line":28,"column":0},"end":{"line":28,"column":2}}},"s":{"2":1,"10":1,"11":4,"12":4,"13":4,"14":4,"15":4,"16":4,"17":4,"18":4,"19":4,"20":4,"21":4,"22":4,"23":4,"24":4,"25":4,"27":4},"branchMap":{"0":{"type":"branch","line":11,"loc":{"start":{"line":11,"column":55},"end":{"line":28,"column":2}},"locations":[{"start":{"line":11,"column":55},"end":{"line":28,"column":2}}]}},"b":{"0":[4]},"fnMap":{"0":{"name":"SearchInput","decl":{"start":{"line":11,"column":55},"end":{"line":28,"column":2}},"loc":{"start":{"line":11,"column":55},"end":{"line":28,"column":2}},"line":11}},"f":{"0":4}}
,"D:\\UC\\MEI\\2o-ano\\Tese\\sheep-management\\frontend\\src\\components\\Table\\Table.tsx": {"path":"D:\\UC\\MEI\\2o-ano\\Tese\\sheep-management\\frontend\\src\\components\\Table\\Table.tsx","all":false,"statementMap":{"2":{"start":{"line":3,"column":0},"end":{"line":3,"column":40}},"9":{"start":{"line":10,"column":0},"end":{"line":10,"column":67}},"10":{"start":{"line":11,"column":0},"end":{"line":11,"column":10}},"11":{"start":{"line":12,"column":0},"end":{"line":12,"column":41}},"12":{"start":{"line":13,"column":0},"end":{"line":13,"column":38}},"13":{"start":{"line":14,"column":0},"end":{"line":14,"column":15}},"14":{"start":{"line":15,"column":0},"end":{"line":15,"column":14}},"15":{"start":{"line":16,"column":0},"end":{"line":16,"column":43}},"16":{"start":{"line":17,"column":0},"end":{"line":17,"column":41}},"17":{"start":{"line":18,"column":0},"end":{"line":18,"column":15}},"18":{"start":{"line":19,"column":0},"end":{"line":19,"column":15}},"19":{"start":{"line":20,"column":0},"end":{"line":20,"column":16}},"20":{"start":{"line":21,"column":0},"end":{"line":21,"column":15}},"21":{"start":{"line":22,"column":0},"end":{"line":22,"column":35}},"22":{"start":{"line":23,"column":0},"end":{"line":23,"column":74}},"23":{"start":{"line":24,"column":0},"end":{"line":24,"column":43}},"24":{"start":{"line":25,"column":0},"end":{"line":25,"column":45}},"25":{"start":{"line":26,"column":0},"end":{"line":26,"column":17}},"26":{"start":{"line":27,"column":0},"end":{"line":27,"column":17}},"27":{"start":{"line":28,"column":0},"end":{"line":28,"column":13}},"28":{"start":{"line":29,"column":0},"end":{"line":29,"column":16}},"29":{"start":{"line":30,"column":0},"end":{"line":30,"column":14}},"30":{"start":{"line":31,"column":0},"end":{"line":31,"column":10}},"32":{"start":{"line":33,"column":0},"end":{"line":33,"column":2}}},"s":{"2":1,"9":1,"10":3,"11":3,"12":3,"13":3,"14":3,"15":3,"16":9,"17":3,"18":3,"19":3,"20":3,"21":3,"22":9,"23":9,"24":27,"25":9,"26":9,"27":3,"28":3,"29":3,"30":3,"32":3},"branchMap":{"0":{"type":"branch","line":10,"loc":{"start":{"line":10,"column":43},"end":{"line":33,"column":2}},"locations":[{"start":{"line":10,"column":43},"end":{"line":33,"column":2}}]},"1":{"type":"branch","line":16,"loc":{"start":{"line":16,"column":25},"end":{"line":17,"column":41}},"locations":[{"start":{"line":16,"column":25},"end":{"line":17,"column":41}}]},"2":{"type":"branch","line":22,"loc":{"start":{"line":22,"column":20},"end":{"line":27,"column":17}},"locations":[{"start":{"line":22,"column":20},"end":{"line":27,"column":17}}]},"3":{"type":"branch","line":23,"loc":{"start":{"line":23,"column":49},"end":{"line":23,"column":70}},"locations":[{"start":{"line":23,"column":49},"end":{"line":23,"column":70}}]},"4":{"type":"branch","line":23,"loc":{"start":{"line":23,"column":60},"end":{"line":23,"column":74}},"locations":[{"start":{"line":23,"column":60},"end":{"line":23,"column":74}}]},"5":{"type":"branch","line":24,"loc":{"start":{"line":24,"column":23},"end":{"line":25,"column":45}},"locations":[{"start":{"line":24,"column":23},"end":{"line":25,"column":45}}]}},"b":{"0":[3],"1":[9],"2":[9],"3":[6],"4":[3],"5":[27]},"fnMap":{"0":{"name":"Table","decl":{"start":{"line":10,"column":43},"end":{"line":33,"column":2}},"loc":{"start":{"line":10,"column":43},"end":{"line":33,"column":2}},"line":10}},"f":{"0":3}}
,"D:\\UC\\MEI\\2o-ano\\Tese\\sheep-management\\frontend\\src\\pages\\Dashboard.tsx": {"path":"D:\\UC\\MEI\\2o-ano\\Tese\\sheep-management\\frontend\\src\\pages\\Dashboard.tsx","all":false,"statementMap":{"1":{"start":{"line":2,"column":0},"end":{"line":2,"column":47}},"2":{"start":{"line":3,"column":0},"end":{"line":3,"column":61}},"3":{"start":{"line":4,"column":0},"end":{"line":4,"column":44}},"5":{"start":{"line":6,"column":0},"end":{"line":6,"column":42}},"6":{"start":{"line":7,"column":0},"end":{"line":7,"column":26}},"7":{"start":{"line":8,"column":0},"end":{"line":8,"column":71}},"8":{"start":{"line":9,"column":0},"end":{"line":9,"column":75}},"9":{"start":{"line":10,"column":0},"end":{"line":10,"column":76}},"10":{"start":{"line":11,"column":0},"end":{"line":11,"column":4}},"12":{"start":{"line":13,"column":0},"end":{"line":13,"column":26}},"13":{"start":{"line":14,"column":0},"end":{"line":14,"column":32}},"14":{"start":{"line":15,"column":0},"end":{"line":15,"column":28}},"15":{"start":{"line":16,"column":0},"end":{"line":16,"column":32}},"16":{"start":{"line":17,"column":0},"end":{"line":17,"column":31}},"17":{"start":{"line":18,"column":0},"end":{"line":18,"column":4}},"19":{"start":{"line":20,"column":0},"end":{"line":20,"column":10}},"20":{"start":{"line":21,"column":0},"end":{"line":21,"column":16}},"21":{"start":{"line":22,"column":0},"end":{"line":22,"column":40}},"22":{"start":{"line":23,"column":0},"end":{"line":23,"column":32}},"23":{"start":{"line":24,"column":0},"end":{"line":24,"column":15}},"25":{"start":{"line":26,"column":0},"end":{"line":26,"column":43}},"26":{"start":{"line":27,"column":0},"end":{"line":27,"column":46}},"27":{"start":{"line":28,"column":0},"end":{"line":28,"column":48}},"28":{"start":{"line":29,"column":0},"end":{"line":29,"column":30}},"29":{"start":{"line":30,"column":0},"end":{"line":30,"column":50}},"30":{"start":{"line":31,"column":0},"end":{"line":31,"column":37}},"31":{"start":{"line":32,"column":0},"end":{"line":32,"column":61}},"32":{"start":{"line":33,"column":0},"end":{"line":33,"column":18}},"33":{"start":{"line":34,"column":0},"end":{"line":34,"column":52}},"34":{"start":{"line":35,"column":0},"end":{"line":35,"column":76}},"35":{"start":{"line":36,"column":0},"end":{"line":36,"column":21}},"37":{"start":{"line":38,"column":0},"end":{"line":38,"column":34}},"38":{"start":{"line":39,"column":0},"end":{"line":39,"column":20}},"39":{"start":{"line":40,"column":0},"end":{"line":40,"column":20}},"40":{"start":{"line":41,"column":0},"end":{"line":41,"column":19}},"41":{"start":{"line":42,"column":0},"end":{"line":42,"column":13}},"42":{"start":{"line":43,"column":0},"end":{"line":43,"column":18}},"44":{"start":{"line":45,"column":0},"end":{"line":45,"column":48}},"45":{"start":{"line":46,"column":0},"end":{"line":46,"column":87}},"47":{"start":{"line":48,"column":0},"end":{"line":48,"column":16}},"48":{"start":{"line":49,"column":0},"end":{"line":49,"column":30}},"49":{"start":{"line":50,"column":0},"end":{"line":50,"column":80}},"50":{"start":{"line":51,"column":0},"end":{"line":51,"column":17}},"52":{"start":{"line":53,"column":0},"end":{"line":53,"column":16}},"53":{"start":{"line":54,"column":0},"end":{"line":54,"column":26}},"54":{"start":{"line":55,"column":0},"end":{"line":55,"column":80}},"55":{"start":{"line":56,"column":0},"end":{"line":56,"column":17}},"56":{"start":{"line":57,"column":0},"end":{"line":57,"column":18}},"58":{"start":{"line":59,"column":0},"end":{"line":59,"column":47}},"59":{"start":{"line":60,"column":0},"end":{"line":60,"column":16}},"60":{"start":{"line":61,"column":0},"end":{"line":61,"column":32}},"61":{"start":{"line":62,"column":0},"end":{"line":62,"column":50}},"62":{"start":{"line":63,"column":0},"end":{"line":63,"column":64}},"63":{"start":{"line":64,"column":0},"end":{"line":64,"column":69}},"64":{"start":{"line":65,"column":0},"end":{"line":65,"column":56}},"65":{"start":{"line":66,"column":0},"end":{"line":66,"column":92}},"66":{"start":{"line":67,"column":0},"end":{"line":67,"column":26}},"67":{"start":{"line":68,"column":0},"end":{"line":68,"column":17}},"68":{"start":{"line":69,"column":0},"end":{"line":69,"column":17}},"69":{"start":{"line":70,"column":0},"end":{"line":70,"column":17}},"70":{"start":{"line":71,"column":0},"end":{"line":71,"column":18}},"71":{"start":{"line":72,"column":0},"end":{"line":72,"column":13}},"72":{"start":{"line":73,"column":0},"end":{"line":73,"column":17}},"74":{"start":{"line":75,"column":0},"end":{"line":75,"column":2}}},"s":{"1":1,"2":1,"3":1,"5":1,"6":5,"7":5,"8":5,"9":5,"10":5,"12":5,"13":5,"14":5,"15":5,"16":5,"17":5,"19":5,"20":5,"21":5,"22":5,"23":5,"25":5,"26":5,"27":5,"28":15,"29":15,"30":15,"31":15,"32":15,"33":15,"34":15,"35":15,"37":15,"38":15,"39":15,"40":15,"41":5,"42":5,"44":5,"45":5,"47":5,"48":5,"49":5,"50":5,"52":5,"53":5,"54":5,"55":5,"56":5,"58":5,"59":5,"60":5,"61":5,"62":5,"63":20,"64":20,"65":20,"66":20,"67":5,"68":5,"69":5,"70":5,"71":5,"72":5,"74":5},"branchMap":{"0":{"type":"branch","line":6,"loc":{"start":{"line":6,"column":35},"end":{"line":75,"column":2}},"locations":[{"start":{"line":6,"column":35},"end":{"line":75,"column":2}}]},"1":{"type":"branch","line":28,"loc":{"start":{"line":28,"column":30},"end":{"line":41,"column":19}},"locations":[{"start":{"line":28,"column":30},"end":{"line":41,"column":19}}]},"2":{"type":"branch","line":35,"loc":{"start":{"line":35,"column":49},"end":{"line":35,"column":65}},"locations":[{"start":{"line":35,"column":49},"end":{"line":35,"column":65}}]},"3":{"type":"branch","line":35,"loc":{"start":{"line":35,"column":60},"end":{"line":35,"column":76}},"locations":[{"start":{"line":35,"column":60},"end":{"line":35,"column":76}}]},"4":{"type":"branch","line":63,"loc":{"start":{"line":63,"column":34},"end":{"line":67,"column":26}},"locations":[{"start":{"line":63,"column":34},"end":{"line":67,"column":26}}]}},"b":{"0":[5],"1":[15],"2":[10],"3":[5],"4":[20]},"fnMap":{"0":{"name":"Dashboard","decl":{"start":{"line":6,"column":35},"end":{"line":75,"column":2}},"loc":{"start":{"line":6,"column":35},"end":{"line":75,"column":2}},"line":6}},"f":{"0":5}}
,"D:\\UC\\MEI\\2o-ano\\Tese\\sheep-management\\frontend\\src\\pages\\Inventory.tsx": {"path":"D:\\UC\\MEI\\2o-ano\\Tese\\sheep-management\\frontend\\src\\pages\\Inventory.tsx","all":false,"statementMap":{"2":{"start":{"line":3,"column":0},"end":{"line":3,"column":50}},"3":{"start":{"line":4,"column":0},"end":{"line":4,"column":61}},"4":{"start":{"line":5,"column":0},"end":{"line":5,"column":44}},"6":{"start":{"line":7,"column":0},"end":{"line":7,"column":42}},"7":{"start":{"line":8,"column":0},"end":{"line":8,"column":19}},"8":{"start":{"line":9,"column":0},"end":{"line":9,"column":11}},"9":{"start":{"line":10,"column":0},"end":{"line":10,"column":11}},"10":{"start":{"line":11,"column":0},"end":{"line":11,"column":25}},"11":{"start":{"line":12,"column":0},"end":{"line":12,"column":22}},"12":{"start":{"line":13,"column":0},"end":{"line":13,"column":28}},"13":{"start":{"line":14,"column":0},"end":{"line":14,"column":26}},"14":{"start":{"line":15,"column":0},"end":{"line":15,"column":4}},"16":{"start":{"line":17,"column":0},"end":{"line":17,"column":16}},"17":{"start":{"line":18,"column":0},"end":{"line":18,"column":80}},"18":{"start":{"line":19,"column":0},"end":{"line":19,"column":80}},"19":{"start":{"line":20,"column":0},"end":{"line":20,"column":80}},"20":{"start":{"line":21,"column":0},"end":{"line":21,"column":80}},"21":{"start":{"line":22,"column":0},"end":{"line":22,"column":80}},"22":{"start":{"line":23,"column":0},"end":{"line":23,"column":4}},"24":{"start":{"line":25,"column":0},"end":{"line":25,"column":10}},"25":{"start":{"line":26,"column":0},"end":{"line":26,"column":16}},"26":{"start":{"line":27,"column":0},"end":{"line":27,"column":50}},"27":{"start":{"line":28,"column":0},"end":{"line":28,"column":42}},"28":{"start":{"line":29,"column":0},"end":{"line":29,"column":62}},"29":{"start":{"line":30,"column":0},"end":{"line":30,"column":63}},"30":{"start":{"line":31,"column":0},"end":{"line":31,"column":64}},"31":{"start":{"line":32,"column":0},"end":{"line":32,"column":12}},"32":{"start":{"line":33,"column":0},"end":{"line":33,"column":45}},"33":{"start":{"line":34,"column":0},"end":{"line":34,"column":17}},"35":{"start":{"line":36,"column":0},"end":{"line":36,"column":2}}},"s":{"2":1,"3":1,"4":1,"6":1,"7":4,"8":4,"9":4,"10":4,"11":4,"12":4,"13":4,"14":4,"16":4,"17":4,"18":4,"19":4,"20":4,"21":4,"22":4,"24":4,"25":4,"26":4,"27":4,"28":4,"29":4,"30":4,"31":4,"32":4,"33":4,"35":4},"branchMap":{"0":{"type":"branch","line":7,"loc":{"start":{"line":7,"column":35},"end":{"line":36,"column":2}},"locations":[{"start":{"line":7,"column":35},"end":{"line":36,"column":2}}]}},"b":{"0":[4]},"fnMap":{"0":{"name":"Inventory","decl":{"start":{"line":7,"column":35},"end":{"line":36,"column":2}},"loc":{"start":{"line":7,"column":35},"end":{"line":36,"column":2}},"line":7}},"f":{"0":4}}
}
