{"D:\\UC\\MEI\\2o-ano\\Tese\\sheep-management\\frontend\\jest.setup.ts": {"path":"D:\\UC\\MEI\\2o-ano\\Tese\\sheep-management\\frontend\\jest.setup.ts","all":true,"statementMap":{"1":{"start":{"line":2,"column":0},"end":{"line":2,"column":35}}},"s":{"1":0},"branchMap":{"0":{"type":"branch","line":1,"loc":{"start":{"line":1,"column":2},"end":{"line":2,"column":35}},"locations":[{"start":{"line":1,"column":2},"end":{"line":2,"column":35}}]}},"b":{"0":[1]},"fnMap":{"0":{"name":"(empty-report)","decl":{"start":{"line":1,"column":2},"end":{"line":2,"column":35}},"loc":{"start":{"line":1,"column":2},"end":{"line":2,"column":35}},"line":1}},"f":{"0":1}}
,"D:\\UC\\MEI\\2o-ano\\Tese\\sheep-management\\frontend\\public\\service-worker.js": {"path":"D:\\UC\\MEI\\2o-ano\\Tese\\sheep-management\\frontend\\public\\service-worker.js","all":true,"statementMap":{"0":{"start":{"line":1,"column":0},"end":{"line":1,"column":0}},"1":{"start":{"line":2,"column":0},"end":{"line":2,"column":45}},"2":{"start":{"line":3,"column":0},"end":{"line":3,"column":48}},"3":{"start":{"line":4,"column":0},"end":{"line":4,"column":23}},"4":{"start":{"line":5,"column":0},"end":{"line":5,"column":5}},"5":{"start":{"line":6,"column":0},"end":{"line":6,"column":2}},"6":{"start":{"line":7,"column":0},"end":{"line":7,"column":48}},"7":{"start":{"line":8,"column":0},"end":{"line":8,"column":48}},"8":{"start":{"line":9,"column":0},"end":{"line":9,"column":5}},"9":{"start":{"line":10,"column":0},"end":{"line":10,"column":2}},"10":{"start":{"line":11,"column":0},"end":{"line":11,"column":45}},"11":{"start":{"line":12,"column":0},"end":{"line":12,"column":22}},"12":{"start":{"line":13,"column":0},"end":{"line":13,"column":33}},"13":{"start":{"line":14,"column":0},"end":{"line":14,"column":29}},"14":{"start":{"line":15,"column":0},"end":{"line":15,"column":50}},"15":{"start":{"line":16,"column":0},"end":{"line":16,"column":10}},"16":{"start":{"line":17,"column":0},"end":{"line":17,"column":6}},"17":{"start":{"line":18,"column":0},"end":{"line":18,"column":5}}},"s":{"0":0,"1":0,"2":0,"3":0,"4":0,"5":0,"6":0,"7":0,"8":0,"9":0,"10":0,"11":0,"12":0,"13":0,"14":0,"15":0,"16":0,"17":0},"branchMap":{"0":{"type":"branch","line":1,"loc":{"start":{"line":1,"column":460},"end":{"line":18,"column":5}},"locations":[{"start":{"line":1,"column":460},"end":{"line":18,"column":5}}]}},"b":{"0":[0]},"fnMap":{"0":{"name":"(empty-report)","decl":{"start":{"line":1,"column":460},"end":{"line":18,"column":5}},"loc":{"start":{"line":1,"column":460},"end":{"line":18,"column":5}},"line":1}},"f":{"0":0}}
,"D:\\UC\\MEI\\2o-ano\\Tese\\sheep-management\\frontend\\src\\App.tsx": {"path":"D:\\UC\\MEI\\2o-ano\\Tese\\sheep-management\\frontend\\src\\App.tsx","all":true,"statementMap":{"0":{"start":{"line":1,"column":0},"end":{"line":1,"column":18}},"1":{"start":{"line":2,"column":0},"end":{"line":2,"column":45}},"3":{"start":{"line":4,"column":0},"end":{"line":4,"column":16}},"4":{"start":{"line":5,"column":0},"end":{"line":5,"column":10}},"5":{"start":{"line":6,"column":0},"end":{"line":6,"column":17}},"7":{"start":{"line":8,"column":0},"end":{"line":8,"column":1}},"9":{"start":{"line":10,"column":0},"end":{"line":10,"column":18}}},"s":{"0":0,"1":0,"3":0,"4":0,"5":0,"7":0,"9":0},"branchMap":{"0":{"type":"branch","line":1,"loc":{"start":{"line":1,"column":98},"end":{"line":10,"column":-102}},"locations":[{"start":{"line":1,"column":98},"end":{"line":10,"column":-102}}]}},"b":{"0":[0]},"fnMap":{"0":{"name":"(empty-report)","decl":{"start":{"line":1,"column":98},"end":{"line":10,"column":-102}},"loc":{"start":{"line":1,"column":98},"end":{"line":10,"column":-102}},"line":1}},"f":{"0":0}}
,"D:\\UC\\MEI\\2o-ano\\Tese\\sheep-management\\frontend\\src\\main.tsx": {"path":"D:\\UC\\MEI\\2o-ano\\Tese\\sheep-management\\frontend\\src\\main.tsx","all":true,"statementMap":{"0":{"start":{"line":1,"column":0},"end":{"line":1,"column":34}},"1":{"start":{"line":2,"column":0},"end":{"line":2,"column":45}},"2":{"start":{"line":3,"column":0},"end":{"line":3,"column":20}},"3":{"start":{"line":4,"column":0},"end":{"line":4,"column":27}},"5":{"start":{"line":6,"column":0},"end":{"line":6,"column":52}},"6":{"start":{"line":7,"column":0},"end":{"line":7,"column":14}},"7":{"start":{"line":8,"column":0},"end":{"line":8,"column":11}},"8":{"start":{"line":9,"column":0},"end":{"line":9,"column":16}},"9":{"start":{"line":10,"column":0},"end":{"line":10,"column":1}}},"s":{"0":0,"1":0,"2":0,"3":0,"5":0,"6":0,"7":0,"8":0,"9":0},"branchMap":{"0":{"type":"branch","line":1,"loc":{"start":{"line":1,"column":203},"end":{"line":10,"column":-148}},"locations":[{"start":{"line":1,"column":203},"end":{"line":10,"column":-148}}]}},"b":{"0":[0]},"fnMap":{"0":{"name":"(empty-report)","decl":{"start":{"line":1,"column":203},"end":{"line":10,"column":-148}},"loc":{"start":{"line":1,"column":203},"end":{"line":10,"column":-148}},"line":1}},"f":{"0":0}}
,"D:\\UC\\MEI\\2o-ano\\Tese\\sheep-management\\frontend\\src\\components\\Button\\Button.tsx": {"path":"D:\\UC\\MEI\\2o-ano\\Tese\\sheep-management\\frontend\\src\\components\\Button\\Button.tsx","all":false,"statementMap":{"2":{"start":{"line":3,"column":0},"end":{"line":3,"column":41}},"12":{"start":{"line":13,"column":0},"end":{"line":13,"column":47}},"13":{"start":{"line":14,"column":0},"end":{"line":14,"column":11}},"14":{"start":{"line":15,"column":0},"end":{"line":15,"column":20}},"15":{"start":{"line":16,"column":0},"end":{"line":16,"column":10}},"16":{"start":{"line":17,"column":0},"end":{"line":17,"column":18}},"17":{"start":{"line":18,"column":0},"end":{"line":18,"column":19}},"18":{"start":{"line":19,"column":0},"end":{"line":19,"column":7}},"19":{"start":{"line":20,"column":0},"end":{"line":20,"column":10}},"20":{"start":{"line":21,"column":0},"end":{"line":21,"column":11}},"21":{"start":{"line":22,"column":0},"end":{"line":22,"column":55}},"22":{"start":{"line":23,"column":0},"end":{"line":23,"column":23}},"23":{"start":{"line":24,"column":0},"end":{"line":24,"column":17}},"24":{"start":{"line":25,"column":0},"end":{"line":25,"column":25}},"26":{"start":{"line":27,"column":0},"end":{"line":27,"column":16}},"27":{"start":{"line":28,"column":0},"end":{"line":28,"column":13}},"29":{"start":{"line":30,"column":0},"end":{"line":30,"column":2}}},"s":{"2":1,"12":1,"13":5,"14":5,"15":5,"16":5,"17":5,"18":5,"19":5,"20":5,"21":5,"22":5,"23":5,"24":5,"26":5,"27":5,"29":5},"branchMap":{"0":{"type":"branch","line":13,"loc":{"start":{"line":13,"column":45},"end":{"line":30,"column":2}},"locations":[{"start":{"line":13,"column":45},"end":{"line":30,"column":2}}]}},"b":{"0":[5]},"fnMap":{"0":{"name":"Button","decl":{"start":{"line":13,"column":45},"end":{"line":30,"column":2}},"loc":{"start":{"line":13,"column":45},"end":{"line":30,"column":2}},"line":13}},"f":{"0":5}}
,"D:\\UC\\MEI\\2o-ano\\Tese\\sheep-management\\frontend\\src\\components\\Card\\Card.tsx": {"path":"D:\\UC\\MEI\\2o-ano\\Tese\\sheep-management\\frontend\\src\\components\\Card\\Card.tsx","all":false,"statementMap":{"2":{"start":{"line":3,"column":0},"end":{"line":3,"column":39}},"9":{"start":{"line":10,"column":0},"end":{"line":10,"column":76}},"10":{"start":{"line":11,"column":0},"end":{"line":11,"column":73}},"11":{"start":{"line":12,"column":0},"end":{"line":12,"column":2}}},"s":{"2":1,"9":1,"10":28,"11":28},"branchMap":{"0":{"type":"branch","line":10,"loc":{"start":{"line":10,"column":41},"end":{"line":12,"column":2}},"locations":[{"start":{"line":10,"column":41},"end":{"line":12,"column":2}}]}},"b":{"0":[28]},"fnMap":{"0":{"name":"Card","decl":{"start":{"line":10,"column":41},"end":{"line":12,"column":2}},"loc":{"start":{"line":10,"column":41},"end":{"line":12,"column":2}},"line":10}},"f":{"0":28}}
,"D:\\UC\\MEI\\2o-ano\\Tese\\sheep-management\\frontend\\src\\components\\Menu\\Menu.tsx": {"path":"D:\\UC\\MEI\\2o-ano\\Tese\\sheep-management\\frontend\\src\\components\\Menu\\Menu.tsx","all":false,"statementMap":{"0":{"start":{"line":1,"column":0},"end":{"line":1,"column":59}},"1":{"start":{"line":2,"column":0},"end":{"line":2,"column":39}},"3":{"start":{"line":4,"column":0},"end":{"line":4,"column":37}},"4":{"start":{"line":5,"column":0},"end":{"line":5,"column":64}},"5":{"start":{"line":6,"column":0},"end":{"line":6,"column":49}},"7":{"start":{"line":8,"column":0},"end":{"line":8,"column":49}},"8":{"start":{"line":9,"column":0},"end":{"line":9,"column":63}},"9":{"start":{"line":10,"column":0},"end":{"line":10,"column":4}},"12":{"start":{"line":13,"column":0},"end":{"line":13,"column":19}},"13":{"start":{"line":14,"column":0},"end":{"line":14,"column":52}},"14":{"start":{"line":15,"column":0},"end":{"line":15,"column":79}},"15":{"start":{"line":16,"column":0},"end":{"line":16,"column":26}},"16":{"start":{"line":17,"column":0},"end":{"line":17,"column":7}},"17":{"start":{"line":18,"column":0},"end":{"line":18,"column":5}},"19":{"start":{"line":20,"column":0},"end":{"line":20,"column":63}},"20":{"start":{"line":21,"column":0},"end":{"line":21,"column":18}},"21":{"start":{"line":22,"column":0},"end":{"line":22,"column":68}},"22":{"start":{"line":23,"column":0},"end":{"line":23,"column":6}},"23":{"start":{"line":24,"column":0},"end":{"line":24,"column":9}},"25":{"start":{"line":26,"column":0},"end":{"line":26,"column":21}},"26":{"start":{"line":27,"column":0},"end":{"line":27,"column":70}},"27":{"start":{"line":28,"column":0},"end":{"line":28,"column":71}},"28":{"start":{"line":29,"column":0},"end":{"line":29,"column":64}},"29":{"start":{"line":30,"column":0},"end":{"line":30,"column":68}},"30":{"start":{"line":31,"column":0},"end":{"line":31,"column":4}},"32":{"start":{"line":33,"column":0},"end":{"line":33,"column":10}},"33":{"start":{"line":34,"column":0},"end":{"line":34,"column":35}},"34":{"start":{"line":35,"column":0},"end":{"line":35,"column":48}},"35":{"start":{"line":36,"column":0},"end":{"line":36,"column":40}},"36":{"start":{"line":37,"column":0},"end":{"line":37,"column":60}},"37":{"start":{"line":38,"column":0},"end":{"line":38,"column":13}},"39":{"start":{"line":40,"column":0},"end":{"line":40,"column":48}},"40":{"start":{"line":41,"column":0},"end":{"line":41,"column":53}},"41":{"start":{"line":42,"column":0},"end":{"line":42,"column":14}},"42":{"start":{"line":43,"column":0},"end":{"line":43,"column":22}},"43":{"start":{"line":44,"column":0},"end":{"line":44,"column":31}},"44":{"start":{"line":45,"column":0},"end":{"line":45,"column":35}},"45":{"start":{"line":46,"column":0},"end":{"line":46,"column":38}},"46":{"start":{"line":47,"column":0},"end":{"line":47,"column":16}},"47":{"start":{"line":48,"column":0},"end":{"line":48,"column":41}},"48":{"start":{"line":49,"column":0},"end":{"line":49,"column":34}},"49":{"start":{"line":50,"column":0},"end":{"line":50,"column":47}},"51":{"start":{"line":52,"column":0},"end":{"line":52,"column":20}},"52":{"start":{"line":53,"column":0},"end":{"line":53,"column":16}},"54":{"start":{"line":55,"column":0},"end":{"line":55,"column":35}},"55":{"start":{"line":56,"column":0},"end":{"line":56,"column":76}},"56":{"start":{"line":57,"column":0},"end":{"line":57,"column":44}},"57":{"start":{"line":58,"column":0},"end":{"line":58,"column":36}},"58":{"start":{"line":59,"column":0},"end":{"line":59,"column":76}},"59":{"start":{"line":60,"column":0},"end":{"line":60,"column":23}},"60":{"start":{"line":61,"column":0},"end":{"line":61,"column":19}},"61":{"start":{"line":62,"column":0},"end":{"line":62,"column":19}},"63":{"start":{"line":64,"column":0},"end":{"line":64,"column":15}},"64":{"start":{"line":65,"column":0},"end":{"line":65,"column":11}},"65":{"start":{"line":66,"column":0},"end":{"line":66,"column":11}},"66":{"start":{"line":67,"column":0},"end":{"line":67,"column":10}},"68":{"start":{"line":69,"column":0},"end":{"line":69,"column":2}}},"s":{"0":1,"1":1,"3":1,"4":13,"5":13,"7":13,"8":4,"9":4,"12":13,"13":8,"14":1,"15":1,"16":1,"17":1,"19":8,"20":8,"21":8,"22":8,"23":13,"25":13,"26":13,"27":13,"28":13,"29":13,"30":13,"32":13,"33":13,"34":13,"35":13,"36":13,"37":13,"39":13,"40":52,"41":52,"42":52,"43":52,"44":4,"45":4,"46":4,"47":52,"48":52,"49":52,"51":52,"52":52,"54":52,"55":3,"56":3,"57":6,"58":6,"59":6,"60":3,"61":3,"63":52,"64":13,"65":13,"66":13,"68":13},"branchMap":{"0":{"type":"branch","line":4,"loc":{"start":{"line":4,"column":30},"end":{"line":69,"column":2}},"locations":[{"start":{"line":4,"column":30},"end":{"line":69,"column":2}}]},"1":{"type":"branch","line":8,"loc":{"start":{"line":8,"column":26},"end":{"line":10,"column":4}},"locations":[{"start":{"line":8,"column":26},"end":{"line":10,"column":4}}]},"2":{"type":"branch","line":9,"loc":{"start":{"line":9,"column":16},"end":{"line":9,"column":61}},"locations":[{"start":{"line":9,"column":16},"end":{"line":9,"column":61}}]},"3":{"type":"branch","line":9,"loc":{"start":{"line":9,"column":34},"end":{"line":9,"column":52}},"locations":[{"start":{"line":9,"column":34},"end":{"line":9,"column":52}}]},"4":{"type":"branch","line":9,"loc":{"start":{"line":9,"column":45},"end":{"line":9,"column":61}},"locations":[{"start":{"line":9,"column":45},"end":{"line":9,"column":61}}]},"5":{"type":"branch","line":13,"loc":{"start":{"line":13,"column":12},"end":{"line":24,"column":5}},"locations":[{"start":{"line":13,"column":12},"end":{"line":24,"column":5}}]},"6":{"type":"branch","line":14,"loc":{"start":{"line":14,"column":4},"end":{"line":18,"column":5}},"locations":[{"start":{"line":14,"column":4},"end":{"line":18,"column":5}}]},"7":{"type":"branch","line":21,"loc":{"start":{"line":21,"column":11},"end":{"line":23,"column":6}},"locations":[{"start":{"line":21,"column":11},"end":{"line":23,"column":6}}]},"8":{"type":"branch","line":40,"loc":{"start":{"line":40,"column":23},"end":{"line":64,"column":15}},"locations":[{"start":{"line":40,"column":23},"end":{"line":64,"column":15}}]},"9":{"type":"branch","line":55,"loc":{"start":{"line":55,"column":26},"end":{"line":62,"column":19}},"locations":[{"start":{"line":55,"column":26},"end":{"line":62,"column":19}}]},"10":{"type":"branch","line":44,"loc":{"start":{"line":44,"column":23},"end":{"line":47,"column":16}},"locations":[{"start":{"line":44,"column":23},"end":{"line":47,"column":16}}]},"11":{"type":"branch","line":57,"loc":{"start":{"line":57,"column":30},"end":{"line":60,"column":23}},"locations":[{"start":{"line":57,"column":30},"end":{"line":60,"column":23}}]}},"b":{"0":[13],"1":[4],"2":[4],"3":[1],"4":[3],"5":[8],"6":[1],"7":[8],"8":[52],"9":[3],"10":[4],"11":[6]},"fnMap":{"0":{"name":"Menu","decl":{"start":{"line":4,"column":30},"end":{"line":69,"column":2}},"loc":{"start":{"line":4,"column":30},"end":{"line":69,"column":2}},"line":4},"1":{"name":"handleMenuClick","decl":{"start":{"line":8,"column":26},"end":{"line":10,"column":4}},"loc":{"start":{"line":8,"column":26},"end":{"line":10,"column":4}},"line":8},"2":{"name":"handleClickOutside","decl":{"start":{"line":14,"column":4},"end":{"line":18,"column":5}},"loc":{"start":{"line":14,"column":4},"end":{"line":18,"column":5}},"line":14},"3":{"name":"onClick","decl":{"start":{"line":44,"column":23},"end":{"line":47,"column":16}},"loc":{"start":{"line":44,"column":23},"end":{"line":47,"column":16}},"line":44}},"f":{"0":13,"1":4,"2":1,"3":4}}
,"D:\\UC\\MEI\\2o-ano\\Tese\\sheep-management\\frontend\\src\\components\\SearchInput\\SearchInput.tsx": {"path":"D:\\UC\\MEI\\2o-ano\\Tese\\sheep-management\\frontend\\src\\components\\SearchInput\\SearchInput.tsx","all":false,"statementMap":{"2":{"start":{"line":3,"column":0},"end":{"line":3,"column":46}},"10":{"start":{"line":11,"column":0},"end":{"line":11,"column":57}},"11":{"start":{"line":12,"column":0},"end":{"line":12,"column":28}},"12":{"start":{"line":13,"column":0},"end":{"line":13,"column":8}},"13":{"start":{"line":14,"column":0},"end":{"line":14,"column":11}},"14":{"start":{"line":15,"column":0},"end":{"line":15,"column":7}},"15":{"start":{"line":16,"column":0},"end":{"line":16,"column":10}},"16":{"start":{"line":17,"column":0},"end":{"line":17,"column":36}},"17":{"start":{"line":18,"column":0},"end":{"line":18,"column":45}},"18":{"start":{"line":19,"column":0},"end":{"line":19,"column":12}},"19":{"start":{"line":20,"column":0},"end":{"line":20,"column":19}},"20":{"start":{"line":21,"column":0},"end":{"line":21,"column":32}},"21":{"start":{"line":22,"column":0},"end":{"line":22,"column":33}},"22":{"start":{"line":23,"column":0},"end":{"line":23,"column":21}},"23":{"start":{"line":24,"column":0},"end":{"line":24,"column":27}},"24":{"start":{"line":25,"column":0},"end":{"line":25,"column":8}},"25":{"start":{"line":26,"column":0},"end":{"line":26,"column":10}},"27":{"start":{"line":28,"column":0},"end":{"line":28,"column":2}}},"s":{"2":1,"10":1,"11":4,"12":4,"13":4,"14":4,"15":4,"16":4,"17":4,"18":4,"19":4,"20":4,"21":4,"22":4,"23":4,"24":4,"25":4,"27":4},"branchMap":{"0":{"type":"branch","line":11,"loc":{"start":{"line":11,"column":55},"end":{"line":28,"column":2}},"locations":[{"start":{"line":11,"column":55},"end":{"line":28,"column":2}}]}},"b":{"0":[4]},"fnMap":{"0":{"name":"SearchInput","decl":{"start":{"line":11,"column":55},"end":{"line":28,"column":2}},"loc":{"start":{"line":11,"column":55},"end":{"line":28,"column":2}},"line":11}},"f":{"0":4}}
,"D:\\UC\\MEI\\2o-ano\\Tese\\sheep-management\\frontend\\src\\components\\Table\\Table.tsx": {"path":"D:\\UC\\MEI\\2o-ano\\Tese\\sheep-management\\frontend\\src\\components\\Table\\Table.tsx","all":false,"statementMap":{"2":{"start":{"line":3,"column":0},"end":{"line":3,"column":40}},"9":{"start":{"line":10,"column":0},"end":{"line":10,"column":67}},"10":{"start":{"line":11,"column":0},"end":{"line":11,"column":10}},"11":{"start":{"line":12,"column":0},"end":{"line":12,"column":41}},"12":{"start":{"line":13,"column":0},"end":{"line":13,"column":38}},"13":{"start":{"line":14,"column":0},"end":{"line":14,"column":15}},"14":{"start":{"line":15,"column":0},"end":{"line":15,"column":14}},"15":{"start":{"line":16,"column":0},"end":{"line":16,"column":43}},"16":{"start":{"line":17,"column":0},"end":{"line":17,"column":41}},"17":{"start":{"line":18,"column":0},"end":{"line":18,"column":15}},"18":{"start":{"line":19,"column":0},"end":{"line":19,"column":15}},"19":{"start":{"line":20,"column":0},"end":{"line":20,"column":16}},"20":{"start":{"line":21,"column":0},"end":{"line":21,"column":15}},"21":{"start":{"line":22,"column":0},"end":{"line":22,"column":35}},"22":{"start":{"line":23,"column":0},"end":{"line":23,"column":74}},"23":{"start":{"line":24,"column":0},"end":{"line":24,"column":43}},"24":{"start":{"line":25,"column":0},"end":{"line":25,"column":45}},"25":{"start":{"line":26,"column":0},"end":{"line":26,"column":17}},"26":{"start":{"line":27,"column":0},"end":{"line":27,"column":17}},"27":{"start":{"line":28,"column":0},"end":{"line":28,"column":13}},"28":{"start":{"line":29,"column":0},"end":{"line":29,"column":16}},"29":{"start":{"line":30,"column":0},"end":{"line":30,"column":14}},"30":{"start":{"line":31,"column":0},"end":{"line":31,"column":10}},"32":{"start":{"line":33,"column":0},"end":{"line":33,"column":2}}},"s":{"2":1,"9":1,"10":3,"11":3,"12":3,"13":3,"14":3,"15":3,"16":9,"17":3,"18":3,"19":3,"20":3,"21":3,"22":9,"23":9,"24":27,"25":9,"26":9,"27":3,"28":3,"29":3,"30":3,"32":3},"branchMap":{"0":{"type":"branch","line":10,"loc":{"start":{"line":10,"column":43},"end":{"line":33,"column":2}},"locations":[{"start":{"line":10,"column":43},"end":{"line":33,"column":2}}]},"1":{"type":"branch","line":16,"loc":{"start":{"line":16,"column":25},"end":{"line":17,"column":41}},"locations":[{"start":{"line":16,"column":25},"end":{"line":17,"column":41}}]},"2":{"type":"branch","line":22,"loc":{"start":{"line":22,"column":20},"end":{"line":27,"column":17}},"locations":[{"start":{"line":22,"column":20},"end":{"line":27,"column":17}}]},"3":{"type":"branch","line":23,"loc":{"start":{"line":23,"column":49},"end":{"line":23,"column":70}},"locations":[{"start":{"line":23,"column":49},"end":{"line":23,"column":70}}]},"4":{"type":"branch","line":23,"loc":{"start":{"line":23,"column":60},"end":{"line":23,"column":74}},"locations":[{"start":{"line":23,"column":60},"end":{"line":23,"column":74}}]},"5":{"type":"branch","line":24,"loc":{"start":{"line":24,"column":23},"end":{"line":25,"column":45}},"locations":[{"start":{"line":24,"column":23},"end":{"line":25,"column":45}}]}},"b":{"0":[3],"1":[9],"2":[9],"3":[6],"4":[3],"5":[27]},"fnMap":{"0":{"name":"Table","decl":{"start":{"line":10,"column":43},"end":{"line":33,"column":2}},"loc":{"start":{"line":10,"column":43},"end":{"line":33,"column":2}},"line":10}},"f":{"0":3}}
,"D:\\UC\\MEI\\2o-ano\\Tese\\sheep-management\\frontend\\src\\pages\\Dashboard.tsx": {"path":"D:\\UC\\MEI\\2o-ano\\Tese\\sheep-management\\frontend\\src\\pages\\Dashboard.tsx","all":false,"statementMap":{"1":{"start":{"line":2,"column":0},"end":{"line":2,"column":47}},"2":{"start":{"line":3,"column":0},"end":{"line":3,"column":47}},"3":{"start":{"line":4,"column":0},"end":{"line":4,"column":44}},"5":{"start":{"line":6,"column":0},"end":{"line":6,"column":42}},"7":{"start":{"line":8,"column":0},"end":{"line":8,"column":26}},"8":{"start":{"line":9,"column":0},"end":{"line":9,"column":71}},"9":{"start":{"line":10,"column":0},"end":{"line":10,"column":75}},"10":{"start":{"line":11,"column":0},"end":{"line":11,"column":76}},"11":{"start":{"line":12,"column":0},"end":{"line":12,"column":4}},"13":{"start":{"line":14,"column":0},"end":{"line":14,"column":26}},"14":{"start":{"line":15,"column":0},"end":{"line":15,"column":32}},"15":{"start":{"line":16,"column":0},"end":{"line":16,"column":28}},"16":{"start":{"line":17,"column":0},"end":{"line":17,"column":32}},"17":{"start":{"line":18,"column":0},"end":{"line":18,"column":31}},"18":{"start":{"line":19,"column":0},"end":{"line":19,"column":4}},"21":{"start":{"line":22,"column":0},"end":{"line":22,"column":10}},"22":{"start":{"line":23,"column":0},"end":{"line":23,"column":47}},"23":{"start":{"line":24,"column":0},"end":{"line":24,"column":14}},"24":{"start":{"line":25,"column":0},"end":{"line":25,"column":40}},"25":{"start":{"line":26,"column":0},"end":{"line":26,"column":32}},"26":{"start":{"line":27,"column":0},"end":{"line":27,"column":15}},"28":{"start":{"line":29,"column":0},"end":{"line":29,"column":43}},"29":{"start":{"line":30,"column":0},"end":{"line":30,"column":46}},"30":{"start":{"line":31,"column":0},"end":{"line":31,"column":48}},"31":{"start":{"line":32,"column":0},"end":{"line":32,"column":30}},"32":{"start":{"line":33,"column":0},"end":{"line":33,"column":50}},"33":{"start":{"line":34,"column":0},"end":{"line":34,"column":37}},"34":{"start":{"line":35,"column":0},"end":{"line":35,"column":61}},"35":{"start":{"line":36,"column":0},"end":{"line":36,"column":18}},"36":{"start":{"line":37,"column":0},"end":{"line":37,"column":52}},"37":{"start":{"line":38,"column":0},"end":{"line":38,"column":76}},"38":{"start":{"line":39,"column":0},"end":{"line":39,"column":21}},"40":{"start":{"line":41,"column":0},"end":{"line":41,"column":34}},"41":{"start":{"line":42,"column":0},"end":{"line":42,"column":20}},"42":{"start":{"line":43,"column":0},"end":{"line":43,"column":20}},"43":{"start":{"line":44,"column":0},"end":{"line":44,"column":19}},"44":{"start":{"line":45,"column":0},"end":{"line":45,"column":13}},"45":{"start":{"line":46,"column":0},"end":{"line":46,"column":18}},"47":{"start":{"line":48,"column":0},"end":{"line":48,"column":48}},"48":{"start":{"line":49,"column":0},"end":{"line":49,"column":89}},"50":{"start":{"line":51,"column":0},"end":{"line":51,"column":18}},"51":{"start":{"line":52,"column":0},"end":{"line":52,"column":34}},"52":{"start":{"line":53,"column":0},"end":{"line":53,"column":84}},"53":{"start":{"line":54,"column":0},"end":{"line":54,"column":19}},"55":{"start":{"line":56,"column":0},"end":{"line":56,"column":18}},"56":{"start":{"line":57,"column":0},"end":{"line":57,"column":30}},"57":{"start":{"line":58,"column":0},"end":{"line":58,"column":84}},"58":{"start":{"line":59,"column":0},"end":{"line":59,"column":19}},"59":{"start":{"line":60,"column":0},"end":{"line":60,"column":18}},"62":{"start":{"line":63,"column":0},"end":{"line":63,"column":47}},"63":{"start":{"line":64,"column":0},"end":{"line":64,"column":18}},"64":{"start":{"line":65,"column":0},"end":{"line":65,"column":36}},"65":{"start":{"line":66,"column":0},"end":{"line":66,"column":54}},"66":{"start":{"line":67,"column":0},"end":{"line":67,"column":66}},"67":{"start":{"line":68,"column":0},"end":{"line":68,"column":73}},"68":{"start":{"line":69,"column":0},"end":{"line":69,"column":58}},"69":{"start":{"line":70,"column":0},"end":{"line":70,"column":94}},"70":{"start":{"line":71,"column":0},"end":{"line":71,"column":30}},"71":{"start":{"line":72,"column":0},"end":{"line":72,"column":19}},"72":{"start":{"line":73,"column":0},"end":{"line":73,"column":21}},"73":{"start":{"line":74,"column":0},"end":{"line":74,"column":19}},"74":{"start":{"line":75,"column":0},"end":{"line":75,"column":18}},"76":{"start":{"line":77,"column":0},"end":{"line":77,"column":13}},"77":{"start":{"line":78,"column":0},"end":{"line":78,"column":10}},"79":{"start":{"line":80,"column":0},"end":{"line":80,"column":2}}},"s":{"1":1,"2":1,"3":1,"5":1,"7":4,"8":4,"9":4,"10":4,"11":4,"13":4,"14":4,"15":4,"16":4,"17":4,"18":4,"21":4,"22":4,"23":4,"24":4,"25":4,"26":4,"28":4,"29":4,"30":4,"31":12,"32":12,"33":12,"34":12,"35":12,"36":12,"37":12,"38":12,"40":12,"41":12,"42":12,"43":12,"44":4,"45":4,"47":4,"48":4,"50":4,"51":4,"52":4,"53":4,"55":4,"56":4,"57":4,"58":4,"59":4,"62":4,"63":4,"64":4,"65":4,"66":4,"67":16,"68":16,"69":16,"70":16,"71":4,"72":4,"73":4,"74":4,"76":4,"77":4,"79":4},"branchMap":{"0":{"type":"branch","line":6,"loc":{"start":{"line":6,"column":35},"end":{"line":80,"column":2}},"locations":[{"start":{"line":6,"column":35},"end":{"line":80,"column":2}}]},"1":{"type":"branch","line":31,"loc":{"start":{"line":31,"column":30},"end":{"line":44,"column":19}},"locations":[{"start":{"line":31,"column":30},"end":{"line":44,"column":19}}]},"2":{"type":"branch","line":38,"loc":{"start":{"line":38,"column":49},"end":{"line":38,"column":65}},"locations":[{"start":{"line":38,"column":49},"end":{"line":38,"column":65}}]},"3":{"type":"branch","line":38,"loc":{"start":{"line":38,"column":60},"end":{"line":38,"column":76}},"locations":[{"start":{"line":38,"column":60},"end":{"line":38,"column":76}}]},"4":{"type":"branch","line":67,"loc":{"start":{"line":67,"column":36},"end":{"line":71,"column":30}},"locations":[{"start":{"line":67,"column":36},"end":{"line":71,"column":30}}]}},"b":{"0":[4],"1":[12],"2":[8],"3":[4],"4":[16]},"fnMap":{"0":{"name":"Dashboard","decl":{"start":{"line":6,"column":35},"end":{"line":80,"column":2}},"loc":{"start":{"line":6,"column":35},"end":{"line":80,"column":2}},"line":6}},"f":{"0":4}}
}
