TN:
SF:src\App.tsx
FN:18,App
FNF:1
FNH:1
FNDA:12,App
DA:2,1
DA:3,1
DA:4,1
DA:5,1
DA:6,1
DA:7,1
DA:8,1
DA:9,1
DA:10,1
DA:11,1
DA:12,1
DA:13,1
DA:14,1
DA:15,1
DA:16,1
DA:18,1
DA:19,12
DA:20,12
DA:21,12
DA:22,12
DA:23,12
DA:24,12
DA:25,12
DA:26,12
DA:28,12
DA:30,12
DA:31,12
DA:32,12
DA:33,12
DA:35,12
DA:36,12
DA:37,12
DA:38,12
DA:39,12
DA:41,12
DA:42,12
DA:43,12
DA:44,12
DA:45,12
DA:47,12
DA:48,12
DA:49,12
DA:50,12
DA:51,12
DA:53,12
DA:55,12
DA:56,12
DA:57,12
DA:58,12
DA:60,12
DA:61,12
DA:62,12
DA:63,12
DA:64,12
DA:66,12
DA:68,12
DA:69,12
DA:70,12
DA:71,12
DA:73,12
DA:74,12
DA:75,12
DA:76,12
DA:77,12
DA:79,12
DA:80,12
DA:81,12
DA:82,12
DA:83,12
DA:85,12
DA:86,12
DA:87,12
DA:88,12
DA:89,12
DA:91,12
DA:92,12
DA:94,12
DA:96,1
LF:78
LH:78
BRDA:18,0,0,12
BRF:1
BRH:1
end_of_record
TN:
SF:src\RequireRole.tsx
FN:10,getUserRole
FN:14,isLoggedIn
FN:18,RequireRole
FNF:3
FNH:3
FNDA:3,getUserRole
FNDA:4,isLoggedIn
FNDA:4,RequireRole
DA:2,1
DA:3,1
DA:10,3
DA:11,3
DA:12,3
DA:14,4
DA:15,4
DA:16,4
DA:18,1
DA:19,4
DA:21,4
DA:22,1
DA:23,1
DA:25,3
DA:27,4
DA:28,2
DA:29,2
DA:31,1
DA:32,1
LF:19
LH:19
BRDA:10,0,0,3
BRDA:14,1,0,4
BRDA:18,2,0,4
BRDA:21,3,0,1
BRDA:23,4,0,3
BRDA:27,5,0,2
BRDA:27,6,0,2
BRDA:29,7,0,1
BRF:8
BRH:8
end_of_record
TN:
SF:src\UserContext.tsx
FN:24,UserProvider
FN:63,useUser
FNF:2
FNH:2
FNDA:11,UserProvider
FNDA:52,useUser
DA:2,1
DA:18,1
DA:24,1
DA:25,11
DA:27,11
DA:28,9
DA:29,9
DA:30,8
DA:31,8
DA:32,8
DA:33,8
DA:34,8
DA:35,8
DA:36,7
DA:37,5
DA:38,8
DA:39,8
DA:40,4
DA:41,4
DA:42,4
DA:43,4
DA:44,4
DA:45,4
DA:46,4
DA:47,8
DA:48,8
DA:49,3
DA:50,3
DA:51,8
DA:52,8
DA:53,11
DA:56,11
DA:57,11
DA:58,11
DA:59,11
DA:61,11
DA:63,1
DA:64,52
DA:65,52
DA:66,2
DA:67,2
DA:68,49
DA:69,49
LF:43
LH:43
BRDA:24,0,0,11
BRDA:27,1,0,9
BRDA:29,2,0,8
BRDA:35,3,0,7
BRDA:36,4,0,6
BRDA:36,5,0,2
BRDA:36,6,0,5
BRDA:39,7,0,4
BRDA:48,8,0,3
BRDA:63,9,0,52
BRDA:65,10,0,2
BRDA:67,11,0,49
BRF:12
BRH:12
end_of_record
TN:
SF:src\vite-env.d.ts
FN:1,(empty-report)
FNF:1
FNH:1
FNDA:1,(empty-report)
LF:0
LH:0
BRDA:1,0,0,1
BRF:1
BRH:1
end_of_record
TN:
SF:src\components\Button\Button.tsx
FN:22,handleClick
FNF:1
FNH:1
FNDA:56,handleClick
DA:1,1
DA:2,1
DA:13,1
DA:14,1203
DA:15,1203
DA:16,1203
DA:17,1203
DA:18,1203
DA:19,1203
DA:20,1203
DA:22,1203
DA:23,56
DA:25,56
DA:26,56
DA:27,56
DA:28,56
DA:30,1203
DA:31,1203
DA:33,1203
DA:34,1203
DA:35,1203
DA:36,1203
DA:37,1203
DA:38,1203
DA:39,1203
DA:41,1203
DA:42,1203
DA:44,1203
LF:28
LH:28
BRDA:13,0,0,1203
BRDA:31,1,0,83
BRDA:31,2,0,72
BRDA:31,3,0,25
BRDA:31,4,0,47
BRDA:31,5,0,1131
BRDA:22,6,0,56
BRDA:23,7,0,0
BRDA:25,8,0,40
BRDA:27,9,0,47
BRF:10
BRH:9
end_of_record
TN:
SF:src\components\Card\Card.tsx
FN:12,Card
FNF:1
FNH:1
FNDA:231,Card
DA:1,1
DA:2,1
DA:12,1
DA:13,231
DA:14,231
DA:15,231
DA:16,231
DA:17,231
DA:19,231
DA:20,231
DA:22,231
LF:11
LH:11
BRDA:12,0,0,231
BRF:1
BRH:1
end_of_record
TN:
SF:src\components\LineGraph\LineGraph.tsx
FN:17,generateColors
FN:29,formatDateToDDMM
FN:39,LineGraph
FNF:3
FNH:3
FNDA:2,generateColors
FNDA:6,formatDateToDDMM
FNDA:3,LineGraph
DA:1,1
DA:2,1
DA:3,1
DA:17,2
DA:18,2
DA:19,2
DA:20,2
DA:21,2
DA:22,4
DA:23,4
DA:24,4
DA:25,2
DA:26,2
DA:29,1
DA:30,6
DA:31,6
DA:32,3
DA:33,3
DA:34,3
DA:35,3
DA:39,3
DA:40,3
DA:41,3
DA:42,3
DA:43,3
DA:44,3
DA:46,3
DA:47,3
DA:49,3
DA:52,2
DA:54,2
DA:56,2
DA:57,4
DA:58,4
DA:59,4
DA:60,2
DA:61,3
DA:63,3
DA:64,3
DA:65,3
DA:66,3
DA:67,3
DA:68,3
DA:70,3
DA:71,3
DA:73,3
DA:74,3
DA:75,3
DA:76,3
DA:77,3
DA:78,3
DA:79,3
DA:80,3
DA:81,3
DA:82,3
DA:83,3
DA:84,3
DA:85,4
DA:86,4
DA:87,4
DA:88,4
DA:89,4
DA:90,4
DA:91,4
DA:92,4
DA:93,3
DA:94,3
DA:95,3
DA:96,3
DA:98,3
LF:70
LH:70
BRDA:17,0,0,2
BRDA:21,1,0,4
BRDA:29,2,0,6
BRDA:31,3,0,3
BRDA:39,4,0,3
BRDA:65,5,0,1
BRDA:46,6,0,3
BRDA:47,7,0,0
BRDA:47,8,0,0
BRDA:49,9,0,1
BRDA:49,10,0,2
BRDA:52,11,0,6
BRDA:56,12,0,4
BRDA:84,13,0,4
BRDA:90,14,0,0
BRF:15
BRH:12
end_of_record
TN:
SF:src\components\Menu\Menu.tsx
FN:8,Menu
FN:37,handleLogoutClick
FN:41,handleMenuClick
FN:46,handleClickOutside
FN:58,confirmLogout
FN:114,onClick
FN:130,onClick
FN:140,onClick
FN:174,onClick
FNF:9
FNH:7
FNDA:201,Menu
FNDA:3,handleLogoutClick
FNDA:3,handleMenuClick
FNDA:1,handleClickOutside
FNDA:2,confirmLogout
FNDA:0,onClick
FNDA:3,onClick
FNDA:0,onClick
FNDA:1,onClick
DA:1,1
DA:2,1
DA:3,1
DA:4,1
DA:5,1
DA:6,1
DA:8,1
DA:9,201
DA:10,201
DA:11,201
DA:12,201
DA:13,201
DA:15,201
DA:16,201
DA:18,201
DA:19,201
DA:21,201
DA:22,79
DA:23,3
DA:24,3
DA:25,3
DA:27,3
DA:29,3
DA:30,3
DA:31,3
DA:32,3
DA:33,3
DA:34,201
DA:37,201
DA:38,3
DA:39,3
DA:41,201
DA:42,3
DA:43,3
DA:45,201
DA:46,75
DA:47,1
DA:48,1
DA:49,1
DA:50,1
DA:52,75
DA:53,75
DA:54,75
DA:55,75
DA:56,201
DA:58,201
DA:59,2
DA:60,2
DA:61,2
DA:62,2
DA:63,2
DA:64,2
DA:65,2
DA:66,2
DA:67,2
DA:68,1
DA:69,1
DA:70,1
DA:71,2
DA:73,2
DA:74,2
DA:75,2
DA:76,2
DA:78,201
DA:79,201
DA:80,201
DA:81,201
DA:82,201
DA:83,201
DA:84,201
DA:85,201
DA:86,201
DA:87,201
DA:88,201
DA:89,201
DA:90,201
DA:91,201
DA:92,201
DA:93,201
DA:94,201
DA:95,201
DA:96,201
DA:97,201
DA:98,201
DA:99,201
DA:100,201
DA:101,201
DA:102,201
DA:103,201
DA:104,201
DA:106,201
DA:107,201
DA:108,201
DA:109,201
DA:110,201
DA:111,80
DA:112,80
DA:113,80
DA:114,80
DA:115,80
DA:117,80
DA:119,80
DA:122,201
DA:123,201
DA:124,201
DA:125,298
DA:126,298
DA:127,298
DA:128,298
DA:129,298
DA:130,298
DA:131,298
DA:132,298
DA:134,298
DA:135,298
DA:136,298
DA:137,2
DA:138,2
DA:139,4
DA:140,4
DA:141,4
DA:142,4
DA:143,4
DA:144,2
DA:145,2
DA:147,298
DA:149,201
DA:151,201
DA:152,172
DA:153,172
DA:155,172
DA:156,172
DA:158,201
DA:159,201
DA:161,201
DA:162,6
DA:163,6
DA:164,6
DA:165,6
DA:166,6
DA:167,6
DA:168,6
DA:170,6
DA:171,6
DA:172,6
DA:173,6
DA:174,6
DA:176,6
DA:177,6
DA:179,6
DA:180,6
DA:181,6
DA:182,6
DA:184,201
DA:186,201
LF:155
LH:155
BRDA:8,0,0,201
BRDA:92,1,0,172
BRDA:92,2,0,80
BRDA:92,3,0,121
BRDA:101,4,0,172
BRDA:101,5,0,80
BRDA:101,6,0,121
BRDA:110,7,0,172
BRDA:110,8,0,80
BRDA:113,9,0,0
BRDA:151,10,0,172
BRDA:161,11,0,6
BRDA:21,12,0,79
BRDA:22,13,0,3
BRDA:22,14,0,3
BRDA:37,15,0,3
BRDA:38,16,0,3
BRDA:41,17,0,3
BRDA:42,18,0,3
BRDA:42,19,0,1
BRDA:42,20,0,2
BRDA:45,21,0,75
BRDA:46,22,0,1
BRDA:53,23,0,75
BRDA:58,24,0,2
BRDA:67,25,0,1
BRDA:123,26,0,603
BRDA:123,27,0,516
BRDA:123,28,0,333
BRDA:124,29,0,298
BRDA:129,30,0,14
BRDA:129,31,0,284
BRDA:136,32,0,2
BRDA:125,33,0,633
BRDA:130,34,0,3
BRDA:138,35,0,4
BRDA:174,36,0,1
BRF:37
BRH:36
end_of_record
TN:
SF:src\components\PageLayout\PageLayout.tsx
FN:10,PageLayout
FNF:1
FNH:1
FNDA:184,PageLayout
DA:2,1
DA:3,1
DA:4,1
DA:10,1
DA:11,184
DA:12,184
DA:13,184
DA:14,184
DA:15,184
DA:16,184
DA:17,184
DA:19,184
LF:12
LH:12
BRDA:10,0,0,184
BRF:1
BRH:1
end_of_record
TN:
SF:src\components\PieChart\PieChart.tsx
FN:10,generateColors
FN:27,PieChartGraph
FNF:2
FNH:2
FNDA:2,generateColors
FNDA:2,PieChartGraph
DA:1,1
DA:2,1
DA:10,2
DA:11,2
DA:12,2
DA:13,2
DA:14,2
DA:15,4
DA:16,4
DA:17,4
DA:18,2
DA:19,2
DA:27,2
DA:28,2
DA:29,2
DA:30,2
DA:31,2
DA:33,2
DA:35,2
DA:36,2
DA:37,2
DA:38,2
DA:39,2
DA:40,2
DA:41,2
DA:42,2
DA:43,2
DA:44,2
DA:45,2
DA:46,2
DA:47,2
DA:48,2
DA:50,2
DA:51,4
DA:52,4
DA:53,4
DA:54,4
DA:55,4
DA:56,2
DA:57,2
DA:58,2
DA:59,2
DA:60,2
DA:61,2
DA:62,2
DA:64,2
LF:46
LH:46
BRDA:10,0,0,2
BRDA:14,1,0,4
BRDA:27,2,0,2
BRDA:33,3,0,0
BRDA:33,4,0,0
BRDA:37,5,0,1
BRDA:50,6,0,4
BRF:7
BRH:5
end_of_record
TN:
SF:src\components\RoleOnly\RoleOnly.tsx
FN:9,RoleOnly
FNF:1
FNH:1
FNDA:67,RoleOnly
DA:2,1
DA:9,1
DA:10,67
DA:11,67
DA:12,67
LF:5
LH:5
BRDA:9,0,0,67
BRDA:11,1,0,66
BRDA:11,2,0,65
BRDA:11,3,0,2
BRF:4
BRH:4
end_of_record
TN:
SF:src\components\SearchInput\SearchInput.tsx
FN:11,SearchInput
FNF:1
FNH:1
FNDA:79,SearchInput
DA:2,1
DA:3,1
DA:11,1
DA:12,79
DA:13,79
DA:14,79
DA:15,79
DA:16,79
DA:17,79
DA:18,79
DA:19,79
DA:20,79
DA:21,79
DA:22,79
DA:23,79
DA:24,79
DA:25,79
DA:26,79
DA:28,79
LF:19
LH:19
BRDA:11,0,0,79
BRF:1
BRH:1
end_of_record
TN:
SF:src\components\Table\Table.tsx
FN:11,Table
FNF:1
FNH:1
FNDA:42,Table
DA:1,1
DA:2,1
DA:11,1
DA:12,42
DA:13,42
DA:14,42
DA:15,42
DA:16,42
DA:17,42
DA:18,237
DA:19,42
DA:20,42
DA:21,42
DA:22,42
DA:23,42
DA:24,101
DA:25,101
DA:26,611
DA:27,101
DA:28,101
DA:29,42
DA:30,42
DA:31,42
DA:32,42
DA:34,42
LF:25
LH:25
BRDA:11,0,0,42
BRDA:17,1,0,237
BRDA:23,2,0,101
BRDA:24,3,0,70
BRDA:24,4,0,31
BRDA:25,5,0,611
BRF:6
BRH:6
end_of_record
TN:
SF:src\pages\AnimalCreate\AnimalCreate.tsx
FN:8,AnimalCreate
FN:30,fetchData
FN:60,handleSubmit
FN:128,onChange
FN:138,onChange
FN:157,onChange
FN:179,onChange
FN:195,onChange
FN:208,onChange
FN:221,onClick
FNF:10
FNH:6
FNDA:21,AnimalCreate
FNDA:6,fetchData
FNDA:3,handleSubmit
FNDA:2,onChange
FNDA:0,onChange
FNDA:0,onChange
FNDA:3,onChange
FNDA:0,onChange
FNDA:0,onChange
FNDA:1,onClick
DA:1,1
DA:2,1
DA:3,1
DA:4,1
DA:5,1
DA:6,1
DA:8,1
DA:9,21
DA:11,21
DA:12,21
DA:13,21
DA:14,21
DA:16,21
DA:18,21
DA:20,21
DA:21,21
DA:23,21
DA:24,21
DA:27,21
DA:28,6
DA:30,6
DA:31,6
DA:32,6
DA:33,6
DA:36,5
DA:37,5
DA:38,5
DA:39,6
DA:40,3
DA:41,3
DA:44,3
DA:45,3
DA:46,3
DA:47,6
DA:48,3
DA:49,3
DA:50,3
DA:52,3
DA:53,3
DA:54,3
DA:55,6
DA:57,6
DA:58,21
DA:60,21
DA:61,3
DA:62,3
DA:63,3
DA:65,3
DA:66,1
DA:67,1
DA:68,1
DA:69,1
DA:71,2
DA:72,3
DA:73,0
DA:74,0
DA:75,0
DA:76,0
DA:78,2
DA:79,2
DA:80,2
DA:81,3
DA:82,3
DA:83,3
DA:84,3
DA:85,3
DA:86,3
DA:89,3
DA:90,3
DA:91,3
DA:92,3
DA:93,3
DA:94,3
DA:95,3
DA:96,3
DA:97,3
DA:99,3
DA:100,1
DA:101,1
DA:102,1
DA:103,3
DA:104,2
DA:105,2
DA:106,3
DA:108,21
DA:109,21
DA:110,21
DA:112,21
DA:113,21
DA:115,21
DA:116,21
DA:117,21
DA:119,21
DA:120,21
DA:121,21
DA:122,21
DA:123,21
DA:124,21
DA:125,21
DA:126,21
DA:127,21
DA:128,21
DA:129,21
DA:130,21
DA:131,21
DA:132,21
DA:134,21
DA:135,21
DA:136,21
DA:137,21
DA:138,21
DA:140,21
DA:142,21
DA:143,21
DA:144,21
DA:145,21
DA:146,11
DA:147,11
DA:148,11
DA:149,21
DA:150,21
DA:151,21
DA:153,21
DA:154,21
DA:155,21
DA:156,21
DA:157,21
DA:159,21
DA:161,21
DA:162,21
DA:163,21
DA:164,21
DA:165,11
DA:166,11
DA:167,11
DA:168,21
DA:169,21
DA:170,21
DA:171,21
DA:173,21
DA:174,21
DA:175,21
DA:176,21
DA:177,21
DA:178,21
DA:179,21
DA:180,21
DA:182,21
DA:183,21
DA:184,21
DA:185,21
DA:186,21
DA:189,21
DA:190,21
DA:191,21
DA:192,21
DA:193,21
DA:194,21
DA:195,21
DA:196,21
DA:197,21
DA:198,21
DA:199,21
DA:200,21
DA:202,21
DA:203,21
DA:204,21
DA:205,21
DA:206,21
DA:207,21
DA:208,21
DA:209,21
DA:210,21
DA:211,21
DA:212,21
DA:213,21
DA:214,21
DA:215,21
DA:216,21
DA:218,21
DA:219,21
DA:220,21
DA:221,21
DA:222,21
DA:224,21
DA:225,21
DA:226,21
DA:227,21
DA:228,21
DA:230,21
DA:231,21
DA:232,21
DA:233,21
DA:234,21
DA:236,21
LF:195
LH:191
BRDA:8,0,0,21
BRDA:113,1,0,5
BRDA:230,2,0,2
BRDA:230,3,0,19
BRDA:12,4,0,6
BRDA:27,5,0,6
BRDA:30,6,0,6
BRDA:33,7,0,1
BRDA:33,8,0,5
BRDA:39,9,0,0
BRDA:39,10,0,3
BRDA:47,11,0,0
BRDA:47,12,0,3
BRDA:53,13,0,0
BRDA:49,14,0,9
BRDA:60,15,0,3
BRDA:65,16,0,1
BRDA:69,17,0,2
BRDA:72,18,0,0
BRDA:76,19,0,2
BRDA:81,20,0,0
BRDA:82,21,0,2
BRDA:82,22,0,0
BRDA:97,23,0,2
BRDA:99,24,0,1
BRDA:103,25,0,2
BRDA:128,26,0,2
BRDA:144,27,0,22
BRDA:144,28,0,0
BRDA:145,29,0,11
BRDA:163,30,0,22
BRDA:163,31,0,0
BRDA:164,32,0,11
BRDA:179,33,0,3
BRDA:221,34,0,1
BRF:35
BRH:27
end_of_record
TN:
SF:src\pages\AnimalDetails\AnimalDetail.tsx
FN:35,AnimalDetails
FN:55,fetchAnimal
FN:105,fetchConsultas
FN:139,toggleView
FN:149,onClick
FN:155,onClick
FN:248,onClick
FN:264,tileContent
FNF:8
FNH:6
FNDA:10,AnimalDetails
FNDA:5,fetchAnimal
FNDA:5,fetchConsultas
FNDA:1,toggleView
FNDA:0,onClick
FNDA:1,onClick
FNDA:0,onClick
FNDA:42,tileContent
DA:1,1
DA:2,1
DA:3,1
DA:4,1
DA:5,1
DA:6,1
DA:7,1
DA:8,1
DA:9,1
DA:35,1
DA:36,10
DA:37,10
DA:39,10
DA:40,10
DA:41,10
DA:42,10
DA:43,10
DA:44,10
DA:46,10
DA:47,10
DA:49,10
DA:51,10
DA:52,5
DA:53,5
DA:55,5
DA:56,5
DA:57,5
DA:58,5
DA:59,5
DA:60,5
DA:61,3
DA:62,3
DA:64,5
DA:65,1
DA:66,1
DA:67,1
DA:68,1
DA:69,1
DA:70,1
DA:71,1
DA:72,1
DA:73,1
DA:74,1
DA:75,1
DA:78,3
DA:79,3
DA:80,3
DA:81,3
DA:82,3
DA:83,3
DA:84,5
DA:85,2
DA:86,2
DA:87,2
DA:90,3
DA:91,3
DA:92,3
DA:93,3
DA:94,3
DA:95,3
DA:96,5
DA:97,2
DA:98,2
DA:99,2
DA:100,5
DA:101,2
DA:102,2
DA:103,5
DA:105,5
DA:106,5
DA:107,5
DA:108,5
DA:109,5
DA:110,5
DA:111,5
DA:112,5
DA:113,5
DA:114,3
DA:115,3
DA:116,3
DA:117,3
DA:118,3
DA:119,3
DA:120,3
DA:121,3
DA:122,5
DA:123,2
DA:124,2
DA:125,5
DA:127,5
DA:128,5
DA:129,10
DA:131,10
DA:132,0
DA:133,0
DA:134,0
DA:135,10
DA:137,10
DA:139,10
DA:140,1
DA:141,1
DA:142,1
DA:144,10
DA:145,10
DA:146,10
DA:148,10
DA:149,10
DA:151,10
DA:152,10
DA:153,10
DA:154,10
DA:155,10
DA:156,10
DA:158,10
DA:159,10
DA:160,10
DA:162,10
DA:164,10
DA:165,10
DA:166,10
DA:167,10
DA:168,10
DA:169,10
DA:170,10
DA:171,10
DA:172,10
DA:173,10
DA:174,10
DA:175,10
DA:176,10
DA:177,10
DA:179,0
DA:180,0
DA:181,0
DA:182,0
DA:183,0
DA:185,0
DA:186,0
DA:187,0
DA:188,0
DA:189,0
DA:191,10
DA:192,10
DA:193,10
DA:194,10
DA:195,10
DA:196,10
DA:197,10
DA:198,0
DA:199,0
DA:200,0
DA:201,0
DA:203,10
DA:204,10
DA:205,10
DA:206,10
DA:207,10
DA:208,10
DA:209,10
DA:210,10
DA:211,10
DA:212,10
DA:213,10
DA:215,10
DA:216,10
DA:217,10
DA:218,10
DA:219,10
DA:221,0
DA:222,0
DA:223,0
DA:224,0
DA:225,0
DA:227,0
DA:228,0
DA:229,0
DA:231,10
DA:232,10
DA:234,10
DA:235,10
DA:236,10
DA:237,10
DA:238,10
DA:239,10
DA:240,10
DA:242,10
DA:243,9
DA:244,9
DA:245,3
DA:246,3
DA:247,3
DA:248,3
DA:249,3
DA:251,3
DA:252,3
DA:253,3
DA:254,3
DA:255,3
DA:256,3
DA:257,3
DA:258,9
DA:259,9
DA:261,1
DA:262,1
DA:263,1
DA:264,1
DA:265,42
DA:266,42
DA:267,0
DA:268,42
DA:269,42
DA:270,1
DA:271,1
DA:272,0
DA:273,0
DA:274,0
DA:275,0
DA:277,0
DA:278,0
DA:279,0
DA:280,0
DA:281,0
DA:282,0
DA:284,0
DA:285,0
DA:286,0
DA:287,0
DA:288,0
DA:290,0
DA:292,1
DA:294,10
DA:295,10
DA:296,10
DA:298,10
LF:234
LH:192
BRDA:35,0,0,10
BRDA:131,1,0,0
BRDA:162,2,0,3
BRDA:172,3,0,3
BRDA:177,4,0,0
BRDA:195,5,0,1
BRDA:195,6,0,9
BRDA:197,7,0,3
BRDA:197,8,0,0
BRDA:205,9,0,3
BRDA:209,10,0,3
BRDA:219,11,0,0
BRDA:238,12,0,1
BRDA:238,13,0,9
BRDA:242,14,0,9
BRDA:259,15,0,1
BRDA:271,16,0,0
BRDA:51,17,0,5
BRDA:53,18,0,0
BRDA:55,19,0,5
BRDA:59,20,0,4
BRDA:60,21,0,1
BRDA:60,22,0,3
BRDA:64,23,0,1
BRDA:75,24,0,3
BRDA:84,25,0,2
BRDA:87,26,0,3
BRDA:96,27,0,2
BRDA:100,28,0,2
BRDA:105,29,0,5
BRDA:112,30,0,4
BRDA:113,31,0,1
BRDA:113,32,0,3
BRDA:122,33,0,2
BRDA:116,34,0,3
BRDA:119,35,0,2
BRDA:137,36,0,3
BRDA:139,37,0,1
BRDA:140,38,0,0
BRDA:155,39,0,1
BRDA:244,40,0,3
BRDA:264,41,0,42
BRDA:266,42,0,0
BRF:43
BRH:35
end_of_record
TN:
SF:src\pages\AnimalEdit\AnimalEdit.tsx
FN:9,AnimalEdit
FN:38,fetchData
FN:91,handleChange
FN:128,handleSubmit
FN:295,onClick
FNF:5
FNH:3
FNDA:14,AnimalEdit
FNDA:6,fetchData
FNDA:1,handleChange
FNDA:0,handleSubmit
FNDA:0,onClick
DA:1,1
DA:2,1
DA:3,1
DA:4,1
DA:5,1
DA:6,1
DA:7,1
DA:9,1
DA:10,14
DA:11,6
DA:12,14
DA:14,14
DA:15,14
DA:16,14
DA:17,14
DA:19,14
DA:20,14
DA:21,14
DA:22,14
DA:24,14
DA:26,14
DA:28,14
DA:29,6
DA:30,6
DA:31,1
DA:32,1
DA:33,14
DA:35,14
DA:36,6
DA:38,6
DA:39,6
DA:41,6
DA:42,6
DA:43,6
DA:44,6
DA:45,4
DA:46,4
DA:47,4
DA:48,4
DA:49,6
DA:50,6
DA:51,6
DA:52,6
DA:53,6
DA:54,6
DA:55,6
DA:56,6
DA:59,6
DA:60,6
DA:61,6
DA:62,6
DA:63,3
DA:64,3
DA:65,3
DA:66,3
DA:67,3
DA:69,3
DA:70,3
DA:71,3
DA:72,3
DA:75,3
DA:76,3
DA:77,3
DA:78,6
DA:79,2
DA:80,2
DA:82,6
DA:83,4
DA:84,4
DA:85,6
DA:87,6
DA:88,14
DA:91,14
DA:92,1
DA:94,1
DA:95,1
DA:98,1
DA:99,0
DA:100,0
DA:103,1
DA:104,1
DA:105,1
DA:108,1
DA:110,1
DA:111,1
DA:112,1
DA:113,1
DA:114,1
DA:115,1
DA:116,1
DA:117,1
DA:118,1
DA:119,1
DA:120,1
DA:121,1
DA:122,1
DA:123,1
DA:124,1
DA:125,1
DA:128,14
DA:129,0
DA:130,0
DA:131,0
DA:132,0
DA:133,0
DA:134,0
DA:135,0
DA:137,0
DA:138,0
DA:139,0
DA:140,0
DA:141,0
DA:142,0
DA:143,0
DA:145,0
DA:146,0
DA:147,0
DA:148,0
DA:149,0
DA:150,0
DA:152,14
DA:153,14
DA:154,14
DA:155,14
DA:156,14
DA:157,14
DA:159,14
DA:160,6
DA:161,6
DA:162,6
DA:163,6
DA:164,6
DA:165,6
DA:167,6
DA:168,6
DA:169,6
DA:170,6
DA:171,6
DA:172,6
DA:173,6
DA:174,6
DA:175,6
DA:177,6
DA:178,6
DA:180,6
DA:181,6
DA:182,6
DA:184,6
DA:185,6
DA:187,6
DA:188,6
DA:189,6
DA:191,6
DA:192,6
DA:194,6
DA:195,6
DA:196,6
DA:197,6
DA:198,6
DA:200,6
DA:202,6
DA:203,6
DA:204,6
DA:205,6
DA:206,2
DA:207,2
DA:208,2
DA:209,6
DA:210,6
DA:212,6
DA:214,6
DA:215,6
DA:217,6
DA:218,6
DA:219,6
DA:220,6
DA:221,6
DA:223,6
DA:225,6
DA:226,6
DA:227,6
DA:228,6
DA:229,2
DA:230,2
DA:231,2
DA:233,2
DA:234,2
DA:235,6
DA:236,6
DA:237,6
DA:238,6
DA:240,6
DA:241,6
DA:242,6
DA:244,6
DA:245,6
DA:246,6
DA:247,6
DA:248,6
DA:249,6
DA:250,6
DA:251,6
DA:253,6
DA:254,6
DA:256,6
DA:257,6
DA:258,6
DA:259,6
DA:260,6
DA:261,6
DA:262,6
DA:263,6
DA:265,6
DA:266,6
DA:268,6
DA:269,6
DA:270,6
DA:271,6
DA:272,6
DA:273,6
DA:275,6
DA:277,6
DA:278,6
DA:279,8
DA:280,8
DA:281,8
DA:283,8
DA:284,8
DA:285,6
DA:286,6
DA:287,6
DA:288,6
DA:289,6
DA:290,6
DA:292,6
DA:293,6
DA:294,6
DA:295,6
DA:296,6
DA:298,6
DA:299,6
DA:300,6
DA:301,6
DA:302,6
DA:303,6
DA:305,6
DA:306,6
DA:307,6
DA:310,8
DA:312,8
DA:314,14
DA:316,14
LF:252
LH:230
BRDA:9,0,0,14
BRDA:157,1,0,4
BRDA:159,2,0,6
BRDA:197,3,0,3
BRDA:220,4,0,3
BRDA:272,5,0,0
BRDA:307,6,0,8
BRDA:10,7,0,6
BRDA:28,8,0,6
BRDA:29,9,0,0
BRDA:30,10,0,1
BRDA:30,11,0,1
BRDA:35,12,0,6
BRDA:36,13,0,0
BRDA:38,14,0,6
BRDA:44,15,0,1
BRDA:44,16,0,4
BRDA:49,17,0,0
BRDA:50,18,0,0
BRDA:52,19,0,0
BRDA:54,20,0,3
BRDA:54,21,0,1
BRDA:55,22,0,3
BRDA:55,23,0,1
BRDA:61,24,0,4
BRDA:62,25,0,1
BRDA:62,26,0,3
BRDA:78,27,0,1
BRDA:78,28,0,2
BRDA:82,29,0,4
BRDA:65,30,0,4
BRDA:69,31,0,2
BRDA:70,32,0,4
BRDA:91,33,0,1
BRDA:94,34,0,1
BRDA:98,35,0,0
BRDA:114,36,0,0
BRDA:115,37,0,0
BRDA:117,38,0,0
BRDA:119,39,0,0
BRDA:120,40,0,0
BRDA:204,41,0,4
BRDA:204,42,0,0
BRDA:205,43,0,2
BRDA:227,44,0,4
BRDA:228,45,0,2
BRDA:278,46,0,8
BRF:47
BRH:34
end_of_record
TN:
SF:src\pages\Animals\AnimalFcts.ts
FN:19,fetchTodayMilkProduction
FN:44,submitMilkProduction
FN:87,fetchAnimals
FN:134,fetchGroups
FNF:4
FNH:4
FNDA:4,fetchTodayMilkProduction
FNDA:3,submitMilkProduction
FNDA:5,fetchAnimals
FNDA:6,fetchGroups
DA:19,1
DA:20,4
DA:21,4
DA:22,4
DA:23,4
DA:24,4
DA:25,4
DA:26,4
DA:27,4
DA:28,4
DA:29,4
DA:30,4
DA:31,4
DA:32,4
DA:34,4
DA:36,2
DA:37,4
DA:38,4
DA:39,1
DA:40,1
DA:41,1
DA:42,4
DA:44,1
DA:45,3
DA:46,3
DA:47,3
DA:48,3
DA:49,3
DA:50,3
DA:51,3
DA:52,3
DA:53,3
DA:55,3
DA:56,3
DA:57,3
DA:58,3
DA:59,3
DA:60,3
DA:61,3
DA:62,3
DA:63,3
DA:64,3
DA:65,3
DA:66,3
DA:68,3
DA:69,1
DA:70,0
DA:71,0
DA:72,0
DA:73,0
DA:74,0
DA:75,1
DA:76,1
DA:77,1
DA:78,1
DA:79,1
DA:80,3
DA:81,1
DA:82,3
DA:83,3
DA:84,3
DA:85,3
DA:87,1
DA:88,5
DA:89,5
DA:92,5
DA:93,5
DA:94,5
DA:95,5
DA:96,5
DA:97,5
DA:98,5
DA:99,5
DA:100,5
DA:101,5
DA:102,5
DA:103,5
DA:105,5
DA:107,0
DA:108,0
DA:109,0
DA:110,0
DA:111,0
DA:112,0
DA:113,0
DA:115,0
DA:117,0
DA:118,0
DA:119,0
DA:121,0
DA:122,0
DA:123,0
DA:124,0
DA:126,0
DA:127,5
DA:128,3
DA:129,3
DA:130,3
DA:131,3
DA:132,5
DA:134,1
DA:135,6
DA:136,6
DA:137,6
DA:138,6
DA:139,6
DA:140,6
DA:141,6
DA:142,6
DA:143,6
DA:144,6
DA:145,6
DA:146,6
DA:147,6
DA:148,6
DA:149,6
DA:150,6
DA:151,6
DA:152,6
DA:154,6
DA:155,1
DA:156,1
DA:158,1
DA:159,1
DA:161,1
DA:162,1
DA:163,3
DA:164,3
DA:165,2
DA:166,2
DA:167,2
DA:168,1
DA:170,1
DA:171,1
DA:172,1
DA:173,1
DA:174,1
DA:176,1
DA:177,5
DA:178,3
DA:179,6
DA:180,4
DA:181,4
DA:182,6
LF:144
LH:123
BRDA:19,0,0,4
BRDA:32,1,0,3
BRDA:34,2,0,1
BRDA:34,3,0,2
BRDA:37,4,0,1
BRDA:37,5,0,1
BRDA:38,6,0,1
BRDA:44,7,0,3
BRDA:66,8,0,2
BRDA:68,9,0,1
BRDA:80,10,0,1
BRDA:87,11,0,5
BRDA:103,12,0,3
BRDA:105,13,0,1
BRDA:105,14,0,0
BRDA:127,15,0,3
BRDA:134,16,0,6
BRDA:152,17,0,4
BRDA:154,18,0,1
BRDA:154,19,0,5
BRDA:154,20,0,1
BRDA:177,21,0,3
BRDA:179,22,0,4
BRDA:162,23,0,3
BRDA:163,24,0,2
BRDA:164,25,0,2
BRDA:165,26,0,1
BRDA:170,27,0,1
BRDA:173,28,0,0
BRF:29
BRH:27
end_of_record
TN:
SF:src\pages\Animals\Animals.tsx
FN:37,Animals
FN:89,handleConfirmDelete
FN:124,resetFormStates
FN:155,toggleFilter
FN:165,applyFilters
FN:179,resetForm
FN:188,handleSave
FN:322,handleEditSelect
FN:338,onClick
FN:348,onChange
FN:523,onClick
FN:524,onClick
FN:528,onClick
FN:544,onChange
FN:556,onChange
FN:632,onClick
FN:642,onClick
FN:669,onClick
FNF:18
FNH:1
FNDA:4,Animals
FNDA:0,handleConfirmDelete
FNDA:0,resetFormStates
FNDA:0,toggleFilter
FNDA:0,applyFilters
FNDA:0,resetForm
FNDA:0,handleSave
FNDA:0,handleEditSelect
FNDA:0,onClick
FNDA:0,onChange
FNDA:0,onClick
FNDA:0,onClick
FNDA:0,onClick
FNDA:0,onChange
FNDA:0,onChange
FNDA:0,onClick
FNDA:0,onClick
FNDA:0,onClick
DA:1,1
DA:2,1
DA:3,1
DA:4,1
DA:5,1
DA:6,1
DA:7,1
DA:8,1
DA:9,1
DA:10,1
DA:11,1
DA:37,1
DA:38,4
DA:39,4
DA:41,4
DA:42,4
DA:44,4
DA:45,4
DA:47,4
DA:48,4
DA:49,4
DA:51,4
DA:58,4
DA:59,4
DA:60,4
DA:61,4
DA:62,4
DA:63,4
DA:64,4
DA:66,4
DA:67,4
DA:68,4
DA:69,4
DA:70,4
DA:72,4
DA:74,4
DA:75,4
DA:76,4
DA:77,0
DA:78,0
DA:79,0
DA:80,4
DA:81,4
DA:82,4
DA:84,4
DA:85,4
DA:86,4
DA:87,4
DA:89,4
DA:90,0
DA:92,0
DA:93,0
DA:94,0
DA:95,0
DA:96,0
DA:97,0
DA:98,0
DA:99,0
DA:100,0
DA:101,0
DA:103,0
DA:104,0
DA:105,0
DA:108,0
DA:109,0
DA:112,0
DA:113,0
DA:114,0
DA:115,0
DA:116,0
DA:117,0
DA:118,0
DA:119,0
DA:120,0
DA:121,0
DA:122,0
DA:124,4
DA:125,0
DA:126,0
DA:127,0
DA:128,0
DA:129,0
DA:131,4
DA:132,4
DA:133,4
DA:135,4
DA:136,4
DA:137,4
DA:138,4
DA:139,4
DA:142,4
DA:143,4
DA:144,4
DA:145,0
DA:146,4
DA:147,4
DA:148,4
DA:150,4
DA:151,0
DA:152,0
DA:153,4
DA:155,4
DA:156,0
DA:157,0
DA:158,0
DA:159,0
DA:160,0
DA:161,0
DA:162,0
DA:163,0
DA:165,4
DA:166,0
DA:168,0
DA:169,0
DA:170,0
DA:171,0
DA:172,0
DA:174,0
DA:175,0
DA:177,4
DA:179,4
DA:180,0
DA:181,0
DA:182,0
DA:183,0
DA:184,0
DA:185,0
DA:186,0
DA:188,4
DA:189,0
DA:190,0
DA:191,0
DA:192,0
DA:193,0
DA:195,0
DA:196,0
DA:197,0
DA:198,0
DA:199,0
DA:200,0
DA:201,0
DA:202,0
DA:203,0
DA:204,0
DA:205,0
DA:206,0
DA:207,0
DA:208,0
DA:209,0
DA:211,0
DA:212,0
DA:213,0
DA:215,0
DA:216,0
DA:218,0
DA:219,0
DA:220,0
DA:221,0
DA:222,0
DA:223,0
DA:225,0
DA:226,0
DA:227,0
DA:228,0
DA:229,0
DA:230,0
DA:231,0
DA:232,0
DA:233,0
DA:234,0
DA:235,0
DA:236,0
DA:237,0
DA:238,0
DA:239,0
DA:240,0
DA:241,0
DA:242,0
DA:243,0
DA:244,0
DA:245,0
DA:246,0
DA:247,0
DA:248,0
DA:249,0
DA:250,0
DA:251,0
DA:252,0
DA:253,0
DA:254,0
DA:255,0
DA:257,0
DA:258,0
DA:259,0
DA:260,0
DA:261,0
DA:262,0
DA:264,0
DA:265,0
DA:266,0
DA:267,0
DA:268,0
DA:269,0
DA:270,0
DA:271,0
DA:272,0
DA:273,0
DA:276,0
DA:277,0
DA:278,0
DA:280,0
DA:281,0
DA:282,0
DA:284,0
DA:285,0
DA:288,0
DA:289,0
DA:290,0
DA:291,0
DA:292,0
DA:293,0
DA:294,0
DA:295,0
DA:296,0
DA:297,0
DA:298,0
DA:299,0
DA:300,0
DA:301,0
DA:302,0
DA:304,0
DA:305,0
DA:306,0
DA:307,0
DA:308,0
DA:311,0
DA:312,0
DA:315,0
DA:316,0
DA:317,0
DA:318,0
DA:319,0
DA:320,0
DA:322,4
DA:323,0
DA:324,0
DA:325,0
DA:326,0
DA:327,0
DA:328,0
DA:329,0
DA:330,0
DA:331,0
DA:333,4
DA:334,4
DA:335,4
DA:336,4
DA:337,4
DA:338,4
DA:340,4
DA:341,4
DA:342,4
DA:344,4
DA:345,4
DA:346,4
DA:347,4
DA:348,4
DA:349,4
DA:350,4
DA:352,4
DA:353,4
DA:354,4
DA:356,4
DA:357,4
DA:358,4
DA:359,0
DA:360,0
DA:361,0
DA:362,0
DA:363,0
DA:364,0
DA:366,0
DA:367,0
DA:368,0
DA:369,4
DA:370,4
DA:372,4
DA:373,4
DA:374,4
DA:375,4
DA:376,0
DA:377,0
DA:378,0
DA:379,0
DA:380,0
DA:381,0
DA:383,0
DA:384,0
DA:385,0
DA:386,4
DA:387,4
DA:388,4
DA:389,4
DA:391,4
DA:392,4
DA:393,4
DA:394,4
DA:396,0
DA:397,0
DA:398,0
DA:399,0
DA:400,0
DA:401,0
DA:403,0
DA:404,0
DA:405,0
DA:406,0
DA:408,0
DA:409,0
DA:410,0
DA:411,0
DA:412,0
DA:415,0
DA:416,0
DA:417,0
DA:418,0
DA:419,0
DA:420,0
DA:421,0
DA:422,0
DA:423,0
DA:424,0
DA:425,0
DA:427,0
DA:428,0
DA:429,0
DA:430,0
DA:431,0
DA:432,0
DA:433,0
DA:434,0
DA:435,0
DA:436,0
DA:437,0
DA:439,0
DA:440,0
DA:441,0
DA:442,0
DA:443,0
DA:444,0
DA:445,0
DA:446,0
DA:447,0
DA:448,0
DA:450,0
DA:451,0
DA:452,0
DA:453,0
DA:454,0
DA:456,0
DA:458,0
DA:459,0
DA:460,0
DA:462,0
DA:463,0
DA:464,0
DA:465,0
DA:466,0
DA:467,0
DA:468,0
DA:469,0
DA:470,0
DA:471,0
DA:472,0
DA:474,0
DA:475,0
DA:477,0
DA:478,0
DA:479,0
DA:480,0
DA:481,0
DA:482,0
DA:483,0
DA:484,0
DA:485,0
DA:486,0
DA:487,0
DA:488,0
DA:489,0
DA:490,0
DA:491,0
DA:492,0
DA:493,0
DA:495,0
DA:496,0
DA:497,0
DA:499,0
DA:500,0
DA:502,4
DA:503,4
DA:505,4
DA:506,4
DA:507,4
DA:509,4
DA:510,4
DA:511,4
DA:512,4
DA:514,0
DA:515,0
DA:516,0
DA:518,0
DA:519,0
DA:522,4
DA:523,4
DA:524,4
DA:526,4
DA:527,4
DA:528,4
DA:530,4
DA:532,4
DA:533,4
DA:536,4
DA:537,0
DA:538,0
DA:539,0
DA:540,0
DA:541,0
DA:542,0
DA:543,0
DA:544,0
DA:545,0
DA:546,0
DA:548,0
DA:549,0
DA:550,0
DA:551,0
DA:552,0
DA:553,0
DA:554,0
DA:555,0
DA:556,0
DA:557,0
DA:559,0
DA:560,0
DA:562,0
DA:563,0
DA:565,0
DA:566,0
DA:567,0
DA:568,0
DA:569,0
DA:570,0
DA:571,0
DA:572,0
DA:574,0
DA:576,0
DA:577,0
DA:578,0
DA:581,4
DA:582,0
DA:583,0
DA:584,0
DA:585,0
DA:586,0
DA:587,0
DA:588,0
DA:589,0
DA:590,0
DA:591,0
DA:592,0
DA:593,0
DA:594,0
DA:595,0
DA:596,0
DA:597,0
DA:599,0
DA:600,0
DA:602,0
DA:603,0
DA:604,0
DA:605,0
DA:606,0
DA:608,0
DA:609,0
DA:610,0
DA:612,4
DA:613,0
DA:614,0
DA:615,0
DA:616,0
DA:617,0
DA:618,0
DA:619,0
DA:620,0
DA:621,0
DA:622,0
DA:623,0
DA:624,0
DA:625,0
DA:626,0
DA:627,0
DA:629,0
DA:630,0
DA:631,0
DA:632,0
DA:633,0
DA:634,0
DA:635,0
DA:636,0
DA:638,0
DA:639,0
DA:640,0
DA:641,0
DA:642,0
DA:643,0
DA:645,0
DA:646,0
DA:647,0
DA:649,4
DA:650,0
DA:651,0
DA:652,0
DA:653,0
DA:654,0
DA:655,0
DA:656,0
DA:657,0
DA:658,0
DA:660,0
DA:661,0
DA:663,0
DA:665,0
DA:666,0
DA:667,0
DA:668,0
DA:669,0
DA:670,0
DA:672,0
DA:673,0
DA:675,0
DA:676,0
DA:677,0
DA:678,0
DA:680,4
DA:681,4
DA:682,4
DA:683,4
DA:685,4
LF:548
LH:132
BRDA:37,0,0,4
BRDA:393,1,0,0
BRDA:394,2,0,0
BRDA:512,3,0,0
BRDA:536,4,0,0
BRDA:581,5,0,0
BRDA:612,6,0,0
BRDA:649,7,0,0
BRDA:649,8,0,0
BRDA:74,9,0,4
BRDA:84,10,0,4
BRDA:131,11,0,4
BRDA:135,12,0,4
BRDA:136,13,0,0
BRDA:137,14,0,2
BRDA:138,15,0,2
BRDA:142,16,0,4
BRF:17
BRH:8
end_of_record
TN:
SF:src\pages\AppointmentCreate\AppointmentCreate.tsx
FN:33,AppointmentCreate
FN:55,fetchData
FN:92,handleSubmit
FN:140,onChange
FN:152,onChange
FN:164,onChange
FN:175,onClick
FNF:7
FNH:3
FNDA:12,AppointmentCreate
FNDA:8,fetchData
FNDA:0,handleSubmit
FNDA:0,onChange
FNDA:0,onChange
FNDA:0,onChange
FNDA:1,onClick
DA:1,1
DA:2,1
DA:3,1
DA:4,1
DA:5,1
DA:6,1
DA:7,1
DA:8,1
DA:26,1
DA:27,1
DA:28,1
DA:29,1
DA:30,1
DA:33,1
DA:34,12
DA:35,12
DA:36,12
DA:37,12
DA:39,12
DA:40,12
DA:41,12
DA:43,12
DA:45,12
DA:46,10
DA:47,12
DA:49,12
DA:50,10
DA:51,2
DA:52,2
DA:53,2
DA:55,8
DA:56,8
DA:57,8
DA:58,8
DA:59,8
DA:60,8
DA:61,8
DA:62,8
DA:63,8
DA:64,8
DA:66,8
DA:68,2
DA:69,2
DA:71,2
DA:72,2
DA:73,1
DA:74,2
DA:76,2
DA:77,2
DA:78,2
DA:79,2
DA:81,2
DA:82,2
DA:83,2
DA:84,8
DA:85,6
DA:86,6
DA:87,8
DA:89,8
DA:90,12
DA:92,12
DA:93,0
DA:95,0
DA:97,0
DA:98,0
DA:99,0
DA:100,0
DA:101,0
DA:103,0
DA:104,0
DA:105,0
DA:106,0
DA:107,0
DA:108,0
DA:109,0
DA:110,0
DA:111,0
DA:113,0
DA:114,0
DA:115,0
DA:116,0
DA:118,0
DA:119,0
DA:120,0
DA:121,0
DA:122,0
DA:123,0
DA:124,0
DA:127,12
DA:128,12
DA:129,12
DA:131,12
DA:132,12
DA:133,12
DA:134,12
DA:135,12
DA:137,12
DA:138,12
DA:139,12
DA:140,12
DA:141,12
DA:142,12
DA:143,12
DA:144,12
DA:146,12
DA:148,12
DA:149,12
DA:150,12
DA:151,12
DA:152,12
DA:153,0
DA:155,12
DA:156,12
DA:157,12
DA:159,12
DA:160,12
DA:162,12
DA:163,12
DA:164,12
DA:165,12
DA:166,12
DA:167,12
DA:168,12
DA:169,12
DA:170,12
DA:171,12
DA:172,12
DA:174,12
DA:175,12
DA:177,12
DA:178,12
DA:180,12
DA:181,12
DA:182,12
DA:183,12
DA:185,12
LF:136
LH:108
BRDA:33,0,0,12
BRDA:45,1,0,10
BRDA:49,2,0,10
BRDA:50,3,0,9
BRDA:50,4,0,2
BRDA:53,5,0,8
BRDA:55,6,0,8
BRDA:64,7,0,7
BRDA:66,8,0,2
BRDA:66,9,0,2
BRDA:84,10,0,6
BRDA:72,11,0,1
BRDA:76,12,0,2
BRDA:78,13,0,1
BRDA:78,14,0,1
BRDA:151,15,0,2
BRDA:175,16,0,1
BRF:17
BRH:17
end_of_record
TN:
SF:src\pages\AppointmentDetail\AppointmentDetail.tsx
FN:33,AppointmentDetail
FN:62,fetchAppointment
FN:80,fetchSheep
FN:114,onClick
FN:120,onClick
FN:138,onClick
FNF:6
FNH:6
FNDA:14,AppointmentDetail
FNDA:7,fetchAppointment
FNDA:7,fetchSheep
FNDA:1,onClick
FNDA:1,onClick
FNDA:1,onClick
DA:1,1
DA:2,1
DA:3,1
DA:4,1
DA:5,1
DA:6,1
DA:7,1
DA:8,1
DA:9,1
DA:33,1
DA:34,14
DA:35,14
DA:36,14
DA:38,14
DA:39,14
DA:40,14
DA:41,14
DA:42,14
DA:44,14
DA:45,8
DA:46,8
DA:47,1
DA:48,1
DA:49,14
DA:51,14
DA:52,14
DA:53,7
DA:54,7
DA:55,7
DA:56,14
DA:59,14
DA:60,7
DA:62,7
DA:63,7
DA:64,7
DA:65,7
DA:66,7
DA:67,7
DA:68,7
DA:69,7
DA:70,7
DA:71,0
DA:72,0
DA:73,7
DA:75,7
DA:76,14
DA:79,14
DA:80,7
DA:81,7
DA:82,7
DA:83,7
DA:84,7
DA:86,7
DA:88,7
DA:89,7
DA:90,7
DA:91,0
DA:92,0
DA:93,7
DA:95,7
DA:96,14
DA:99,14
DA:100,14
DA:101,7
DA:102,7
DA:103,7
DA:104,14
DA:106,14
DA:107,14
DA:108,14
DA:109,14
DA:110,14
DA:111,14
DA:113,14
DA:114,14
DA:116,14
DA:117,14
DA:118,14
DA:119,14
DA:120,14
DA:121,14
DA:123,14
DA:124,14
DA:125,14
DA:127,14
DA:129,14
DA:130,14
DA:131,14
DA:132,7
DA:134,7
DA:135,7
DA:136,14
DA:137,14
DA:138,14
DA:139,14
DA:140,14
DA:141,14
DA:142,7
DA:143,7
DA:145,14
DA:148,14
DA:149,14
DA:150,14
DA:151,14
DA:154,14
DA:155,14
DA:156,14
DA:157,14
DA:160,14
DA:161,14
DA:162,14
DA:163,7
DA:164,7
DA:165,7
DA:166,7
DA:167,7
DA:168,7
DA:169,7
DA:170,7
DA:172,7
DA:174,14
DA:175,14
DA:176,14
DA:178,14
LF:124
LH:120
BRDA:33,0,0,14
BRDA:110,1,0,7
BRDA:110,2,0,7
BRDA:131,3,0,7
BRDA:132,4,0,7
BRDA:150,5,0,7
BRDA:150,6,0,7
BRDA:156,7,0,7
BRDA:156,8,0,7
BRDA:162,9,0,7
BRDA:162,10,0,7
BRDA:162,11,0,7
BRDA:170,12,0,7
BRDA:44,13,0,8
BRDA:45,14,0,0
BRDA:46,15,0,1
BRDA:51,16,0,14
BRDA:52,17,0,7
BRDA:52,18,0,7
BRDA:59,19,0,7
BRDA:60,20,0,0
BRDA:62,21,0,7
BRDA:67,22,0,0
BRDA:70,23,0,0
BRDA:79,24,0,7
BRDA:80,25,0,7
BRDA:86,26,0,0
BRDA:90,27,0,0
BRDA:99,28,0,14
BRDA:100,29,0,7
BRDA:100,30,0,7
BRDA:102,31,0,14
BRDA:102,32,0,21
BRDA:103,33,0,14
BRDA:114,34,0,1
BRDA:120,35,0,1
BRDA:135,36,0,14
BRDA:138,37,0,1
BRDA:165,38,0,7
BRDA:167,39,0,0
BRDA:168,40,0,0
BRF:41
BRH:33
end_of_record
TN:
SF:src\pages\AppointmentEdit\AppointmentEdit.tsx
FN:15,AppointmentEdit
FN:57,fetchAppointment
FN:84,handleMedicationChange
FN:94,hasChanges
FN:102,addMedication
FN:109,removeMedication
FN:114,handleSubmit
FN:161,onChange
FN:171,onChange
FN:185,onChange
FN:192,onChange
FN:198,onChange
FN:203,onClick
FN:224,onClick
FNF:14
FNH:10
FNDA:21,AppointmentEdit
FNDA:6,fetchAppointment
FNDA:1,handleMedicationChange
FNDA:14,hasChanges
FNDA:1,addMedication
FNDA:1,removeMedication
FNDA:1,handleSubmit
FNDA:1,onChange
FNDA:0,onChange
FNDA:1,onChange
FNDA:0,onChange
FNDA:0,onChange
FNDA:1,onClick
FNDA:0,onClick
DA:1,1
DA:2,1
DA:3,1
DA:4,1
DA:5,1
DA:6,1
DA:7,1
DA:15,1
DA:16,21
DA:17,21
DA:19,21
DA:20,21
DA:21,21
DA:22,21
DA:23,21
DA:25,21
DA:27,21
DA:28,21
DA:29,21
DA:31,21
DA:32,21
DA:33,21
DA:34,21
DA:35,21
DA:39,21
DA:40,6
DA:41,6
DA:42,6
DA:43,1
DA:44,6
DA:45,5
DA:46,5
DA:47,21
DA:51,21
DA:52,6
DA:53,21
DA:56,21
DA:57,6
DA:58,6
DA:59,6
DA:60,6
DA:61,6
DA:62,6
DA:63,6
DA:65,6
DA:66,6
DA:67,6
DA:68,6
DA:69,6
DA:70,6
DA:71,6
DA:72,6
DA:74,6
DA:75,0
DA:76,0
DA:77,6
DA:79,6
DA:80,6
DA:81,6
DA:82,21
DA:84,21
DA:85,1
DA:86,1
DA:87,1
DA:88,1
DA:89,1
DA:90,1
DA:91,1
DA:92,1
DA:94,21
DA:95,14
DA:96,14
DA:97,14
DA:98,14
DA:99,14
DA:102,21
DA:103,1
DA:104,1
DA:105,1
DA:106,1
DA:107,1
DA:109,21
DA:110,1
DA:111,1
DA:112,1
DA:114,21
DA:115,1
DA:116,1
DA:117,1
DA:119,1
DA:120,1
DA:121,1
DA:122,1
DA:123,1
DA:124,1
DA:125,1
DA:126,1
DA:127,1
DA:128,1
DA:129,1
DA:130,1
DA:131,1
DA:132,1
DA:133,1
DA:134,1
DA:137,1
DA:138,1
DA:139,1
DA:140,0
DA:141,0
DA:142,0
DA:143,1
DA:146,21
DA:148,14
DA:149,14
DA:150,14
DA:152,14
DA:153,14
DA:154,14
DA:155,14
DA:156,14
DA:158,14
DA:159,14
DA:160,14
DA:161,14
DA:162,14
DA:163,14
DA:164,14
DA:166,14
DA:168,14
DA:169,14
DA:170,14
DA:171,14
DA:172,14
DA:173,14
DA:174,14
DA:175,14
DA:177,14
DA:178,14
DA:179,14
DA:180,15
DA:181,15
DA:182,15
DA:183,15
DA:184,15
DA:185,15
DA:186,1
DA:187,15
DA:188,15
DA:189,15
DA:190,15
DA:191,15
DA:192,15
DA:193,15
DA:194,15
DA:195,15
DA:196,15
DA:197,15
DA:198,15
DA:199,15
DA:200,15
DA:201,15
DA:202,15
DA:203,15
DA:204,15
DA:206,15
DA:207,15
DA:208,14
DA:209,14
DA:210,14
DA:211,14
DA:212,14
DA:213,14
DA:215,14
DA:216,14
DA:217,14
DA:218,14
DA:220,14
DA:221,14
DA:222,14
DA:223,14
DA:224,14
DA:225,14
DA:227,14
DA:228,14
DA:229,14
DA:230,14
DA:231,14
DA:232,14
DA:234,14
DA:235,14
DA:236,14
DA:237,14
DA:239,14
LF:194
LH:189
BRDA:15,0,0,21
BRDA:146,1,0,7
BRDA:146,2,0,14
BRDA:39,3,0,6
BRDA:41,4,0,0
BRDA:42,5,0,1
BRDA:44,6,0,5
BRDA:51,7,0,6
BRDA:56,8,0,6
BRDA:57,9,0,6
BRDA:62,10,0,0
BRDA:65,11,0,0
BRDA:66,12,0,0
BRDA:67,13,0,0
BRDA:69,14,0,0
BRDA:70,15,0,0
BRDA:71,16,0,0
BRDA:74,17,0,0
BRDA:84,18,0,1
BRDA:94,19,0,14
BRDA:98,20,0,13
BRDA:98,21,0,13
BRDA:102,22,0,1
BRDA:109,23,0,1
BRDA:110,24,0,2
BRDA:114,25,0,1
BRDA:137,26,0,0
BRDA:139,27,0,0
BRDA:117,28,0,1
BRDA:128,29,0,1
BRDA:161,30,0,1
BRDA:179,31,0,15
BRDA:185,32,0,1
BRDA:203,33,0,1
BRF:34
BRH:23
end_of_record
TN:
SF:src\pages\Appointments\Appointments.tsx
FN:36,isSameDate
FN:41,Appointments
FN:82,fetchAppointments
FN:128,fetchSheepAndGroups
FN:169,toggleFilter
FN:179,applyFilters
FN:224,toggleView
FN:235,onClick
FN:244,onClick
FN:250,onClick
FN:267,onChange
FN:282,onChange
FN:298,onChange
FN:320,onClick
FN:341,tileContent
FNF:15
FNH:13
FNDA:1,isSameDate
FNDA:28,Appointments
FNDA:15,fetchAppointments
FNDA:8,fetchSheepAndGroups
FNDA:8,toggleFilter
FNDA:18,applyFilters
FNDA:1,toggleView
FNDA:1,onClick
FNDA:0,onClick
FNDA:0,onClick
FNDA:1,onChange
FNDA:4,onChange
FNDA:4,onChange
FNDA:1,onClick
FNDA:161,tileContent
DA:1,1
DA:2,1
DA:3,1
DA:4,1
DA:5,1
DA:6,1
DA:7,1
DA:8,1
DA:9,1
DA:10,1
DA:11,1
DA:12,1
DA:36,1
DA:37,1
DA:38,1
DA:39,0
DA:41,1
DA:42,28
DA:43,8
DA:44,28
DA:46,28
DA:47,28
DA:48,28
DA:50,28
DA:51,28
DA:53,28
DA:54,28
DA:56,28
DA:57,28
DA:58,28
DA:60,28
DA:61,28
DA:63,28
DA:65,28
DA:66,8
DA:67,8
DA:69,8
DA:70,0
DA:71,0
DA:72,28
DA:74,28
DA:75,8
DA:76,8
DA:77,0
DA:78,0
DA:79,28
DA:81,28
DA:82,15
DA:83,15
DA:84,15
DA:85,15
DA:86,15
DA:87,15
DA:88,15
DA:90,15
DA:91,0
DA:92,0
DA:94,14
DA:96,14
DA:97,14
DA:99,14
DA:100,14
DA:101,14
DA:103,14
DA:104,14
DA:105,14
DA:106,14
DA:107,14
DA:108,14
DA:109,7
DA:110,7
DA:111,14
DA:112,14
DA:113,14
DA:114,14
DA:116,14
DA:117,15
DA:118,1
DA:119,15
DA:120,15
DA:121,15
DA:122,15
DA:124,15
DA:125,28
DA:127,28
DA:128,8
DA:129,8
DA:130,8
DA:131,8
DA:132,8
DA:133,8
DA:134,8
DA:135,8
DA:136,8
DA:137,8
DA:138,8
DA:139,8
DA:140,8
DA:141,8
DA:143,7
DA:144,8
DA:146,7
DA:147,7
DA:149,7
DA:150,14
DA:151,14
DA:152,7
DA:154,7
DA:155,14
DA:156,14
DA:157,7
DA:159,7
DA:160,7
DA:161,8
DA:162,1
DA:163,1
DA:164,8
DA:166,8
DA:167,28
DA:169,28
DA:170,8
DA:171,8
DA:172,8
DA:173,8
DA:174,8
DA:175,8
DA:176,8
DA:177,8
DA:179,28
DA:180,18
DA:181,18
DA:182,1
DA:184,18
DA:185,18
DA:187,18
DA:188,18
DA:189,2
DA:191,18
DA:192,18
DA:194,28
DA:195,28
DA:197,28
DA:198,28
DA:199,5
DA:200,23
DA:201,14
DA:202,14
DA:203,14
DA:204,23
DA:207,28
DA:210,28
DA:211,28
DA:212,15
DA:213,28
DA:214,28
DA:217,28
DA:218,1
DA:219,1
DA:220,1
DA:221,1
DA:222,27
DA:224,28
DA:225,1
DA:226,1
DA:227,1
DA:229,28
DA:230,28
DA:231,28
DA:233,28
DA:234,28
DA:235,28
DA:237,28
DA:238,28
DA:240,28
DA:241,23
DA:242,23
DA:243,23
DA:244,23
DA:245,23
DA:247,23
DA:248,23
DA:249,23
DA:250,23
DA:251,23
DA:253,23
DA:254,23
DA:257,28
DA:258,28
DA:259,28
DA:260,28
DA:261,28
DA:263,28
DA:264,28
DA:265,28
DA:266,28
DA:267,28
DA:268,28
DA:269,28
DA:271,28
DA:272,28
DA:273,28
DA:275,28
DA:276,28
DA:277,28
DA:278,56
DA:279,56
DA:280,56
DA:281,56
DA:282,56
DA:283,56
DA:285,56
DA:286,56
DA:287,28
DA:288,28
DA:290,28
DA:291,28
DA:292,28
DA:293,28
DA:294,34
DA:295,34
DA:296,34
DA:297,34
DA:298,34
DA:299,4
DA:301,34
DA:302,34
DA:303,34
DA:304,28
DA:305,28
DA:307,28
DA:309,28
DA:310,28
DA:311,10
DA:312,18
DA:313,14
DA:314,3
DA:316,11
DA:317,11
DA:318,11
DA:319,11
DA:320,11
DA:322,11
DA:323,11
DA:324,11
DA:325,11
DA:326,11
DA:327,11
DA:328,11
DA:329,11
DA:330,11
DA:331,11
DA:332,11
DA:333,11
DA:334,11
DA:335,11
DA:338,4
DA:339,4
DA:340,4
DA:341,4
DA:342,161
DA:343,161
DA:344,3
DA:345,158
DA:346,161
DA:347,4
DA:348,4
DA:349,1
DA:350,1
DA:351,1
DA:352,1
DA:354,0
DA:355,0
DA:356,0
DA:357,0
DA:358,0
DA:359,0
DA:362,0
DA:363,0
DA:364,0
DA:365,0
DA:366,0
DA:367,0
DA:368,0
DA:369,0
DA:370,0
DA:371,0
DA:372,0
DA:373,0
DA:375,1
DA:377,4
DA:379,28
DA:380,28
DA:381,28
DA:383,28
LF:294
LH:269
BRDA:36,0,0,1
BRDA:38,1,0,0
BRDA:41,2,0,28
BRDA:198,3,0,5
BRDA:199,4,0,23
BRDA:217,5,0,1
BRDA:221,6,0,27
BRDA:240,7,0,23
BRDA:243,8,0,0
BRDA:249,9,0,0
BRDA:258,10,0,5
BRDA:258,11,0,23
BRDA:259,12,0,5
BRDA:259,13,0,23
BRDA:310,14,0,10
BRDA:311,15,0,18
BRDA:312,16,0,14
BRDA:313,17,0,3
BRDA:314,18,0,11
BRDA:335,19,0,4
BRDA:348,20,0,1
BRDA:352,21,0,0
BRDA:42,22,0,8
BRDA:65,23,0,8
BRDA:69,24,0,0
BRDA:74,25,0,8
BRDA:75,26,0,0
BRDA:76,27,0,0
BRDA:76,28,0,0
BRDA:81,29,0,15
BRDA:82,30,0,15
BRDA:88,31,0,14
BRDA:90,32,0,0
BRDA:92,33,0,14
BRDA:117,34,0,1
BRDA:99,35,0,14
BRDA:106,36,0,7
BRDA:106,37,0,7
BRDA:107,38,0,7
BRDA:107,39,0,7
BRDA:107,40,0,7
BRDA:108,41,0,7
BRDA:108,42,0,7
BRDA:109,43,0,0
BRDA:109,44,0,7
BRDA:112,45,0,0
BRDA:100,46,0,14
BRDA:127,47,0,8
BRDA:128,48,0,8
BRDA:141,49,0,7
BRDA:144,50,0,0
BRDA:144,51,0,7
BRDA:161,52,0,1
BRDA:149,53,0,14
BRDA:154,54,0,14
BRDA:169,55,0,8
BRDA:174,56,0,8
BRDA:175,57,0,4
BRDA:175,58,0,4
BRDA:175,59,0,4
BRDA:179,60,0,18
BRDA:181,61,0,1
BRDA:185,62,0,2
BRDA:188,63,0,2
BRDA:189,64,0,0
BRDA:191,65,0,17
BRDA:191,66,0,16
BRDA:200,67,0,14
BRDA:203,68,0,0
BRDA:211,69,0,15
BRDA:218,70,0,1
BRDA:224,71,0,1
BRDA:225,72,0,0
BRDA:235,73,0,1
BRDA:267,74,0,1
BRDA:277,75,0,56
BRDA:282,76,0,4
BRDA:293,77,0,34
BRDA:298,78,0,4
BRDA:316,79,0,11
BRDA:320,80,0,1
BRDA:341,81,0,161
BRDA:343,82,0,3
BRDA:344,83,0,158
BRF:84
BRH:69
end_of_record
TN:
SF:src\pages\Dashboard\Dashboard.tsx
FN:49,Dashboard
FN:77,processGroupGraphData
FN:105,fetchSensors
FN:118,fetchData
FN:177,calcVariation
FN:238,handleSensorChange
FN:247,cancelSensorForm
FN:259,handleSaveSensor
FN:305,handleDeleteSensor
FN:325,startEditingSensor
FN:409,onClick
FN:444,onClick
FN:447,onClick
FN:464,onClick
FN:527,onClick
FN:536,onClick
FNF:16
FNH:13
FNDA:138,Dashboard
FNDA:8,processGroupGraphData
FNDA:10,fetchSensors
FNDA:10,fetchData
FNDA:18,calcVariation
FNDA:54,handleSensorChange
FNDA:3,cancelSensorForm
FNDA:3,handleSaveSensor
FNDA:1,handleDeleteSensor
FNDA:2,startEditingSensor
FNDA:4,onClick
FNDA:2,onClick
FNDA:1,onClick
FNDA:0,onClick
FNDA:0,onClick
FNDA:0,onClick
DA:1,1
DA:2,1
DA:3,1
DA:4,1
DA:5,1
DA:6,1
DA:7,1
DA:8,1
DA:9,1
DA:49,1
DA:50,138
DA:51,138
DA:52,138
DA:53,138
DA:54,138
DA:55,138
DA:56,138
DA:57,138
DA:58,138
DA:59,138
DA:60,138
DA:61,138
DA:62,138
DA:63,138
DA:64,138
DA:65,138
DA:66,138
DA:67,138
DA:69,138
DA:71,138
DA:72,10
DA:73,10
DA:74,10
DA:75,138
DA:77,138
DA:78,8
DA:79,8
DA:82,8
DA:83,16
DA:84,16
DA:85,16
DA:86,8
DA:87,8
DA:88,16
DA:89,16
DA:92,8
DA:93,8
DA:94,16
DA:95,0
DA:96,0
DA:97,16
DA:98,8
DA:99,8
DA:101,8
DA:102,8
DA:105,138
DA:106,10
DA:107,10
DA:108,10
DA:109,10
DA:110,10
DA:111,8
DA:112,8
DA:113,10
DA:114,2
DA:115,2
DA:116,10
DA:118,138
DA:119,10
DA:120,10
DA:121,10
DA:122,10
DA:123,10
DA:124,10
DA:126,10
DA:127,10
DA:128,10
DA:129,10
DA:130,10
DA:131,10
DA:132,10
DA:133,10
DA:134,10
DA:135,10
DA:136,10
DA:137,10
DA:138,10
DA:139,10
DA:140,10
DA:141,10
DA:142,10
DA:143,10
DA:144,10
DA:145,10
DA:146,10
DA:147,10
DA:148,10
DA:149,10
DA:150,10
DA:151,10
DA:152,10
DA:153,10
DA:154,10
DA:155,10
DA:156,10
DA:157,10
DA:158,10
DA:159,10
DA:161,10
DA:162,9
DA:163,9
DA:164,9
DA:165,9
DA:166,9
DA:167,9
DA:168,9
DA:169,9
DA:170,9
DA:171,9
DA:173,10
DA:174,10
DA:175,10
DA:177,10
DA:178,18
DA:179,16
DA:180,16
DA:181,18
DA:182,18
DA:184,10
DA:185,10
DA:186,10
DA:187,10
DA:188,10
DA:189,10
DA:190,10
DA:191,10
DA:192,10
DA:193,10
DA:194,10
DA:195,10
DA:197,10
DA:198,10
DA:199,16
DA:200,16
DA:201,10
DA:202,10
DA:204,10
DA:206,10
DA:207,10
DA:208,16
DA:209,16
DA:210,10
DA:211,10
DA:213,10
DA:214,10
DA:215,8
DA:216,8
DA:217,10
DA:218,10
DA:220,10
DA:221,10
DA:222,10
DA:223,10
DA:224,10
DA:225,8
DA:226,8
DA:227,8
DA:228,8
DA:229,10
DA:231,10
DA:232,10
DA:233,2
DA:234,2
DA:235,10
DA:238,138
DA:239,54
DA:240,54
DA:241,54
DA:242,54
DA:243,54
DA:244,54
DA:245,54
DA:247,138
DA:248,3
DA:249,3
DA:250,3
DA:251,3
DA:252,3
DA:253,3
DA:254,3
DA:255,3
DA:256,3
DA:257,3
DA:259,138
DA:260,3
DA:261,1
DA:262,1
DA:263,1
DA:265,3
DA:266,3
DA:267,1
DA:268,1
DA:270,3
DA:271,3
DA:272,3
DA:273,3
DA:274,3
DA:275,3
DA:276,3
DA:278,3
DA:279,3
DA:280,3
DA:281,3
DA:282,3
DA:283,3
DA:284,3
DA:285,3
DA:286,3
DA:287,3
DA:289,3
DA:290,2
DA:292,2
DA:293,2
DA:294,1
DA:295,1
DA:296,2
DA:297,2
DA:298,3
DA:299,0
DA:300,0
DA:301,0
DA:302,3
DA:305,138
DA:306,1
DA:307,1
DA:308,1
DA:309,1
DA:310,1
DA:311,1
DA:312,1
DA:314,1
DA:316,1
DA:317,1
DA:318,1
DA:319,0
DA:320,0
DA:321,0
DA:322,1
DA:325,138
DA:326,2
DA:327,2
DA:328,2
DA:329,2
DA:330,2
DA:331,2
DA:332,2
DA:333,2
DA:334,2
DA:335,2
DA:338,138
DA:339,138
DA:340,138
DA:341,138
DA:342,138
DA:343,138
DA:344,114
DA:345,114
DA:346,114
DA:347,114
DA:348,114
DA:349,114
DA:350,114
DA:351,114
DA:352,114
DA:353,114
DA:354,114
DA:355,114
DA:356,114
DA:357,114
DA:359,114
DA:360,114
DA:361,114
DA:362,114
DA:363,114
DA:364,114
DA:365,114
DA:366,114
DA:367,114
DA:368,114
DA:370,114
DA:371,114
DA:372,114
DA:373,114
DA:374,114
DA:375,114
DA:376,114
DA:377,114
DA:378,114
DA:379,114
DA:381,114
DA:382,114
DA:383,114
DA:384,114
DA:385,114
DA:386,114
DA:387,114
DA:388,114
DA:389,114
DA:390,114
DA:392,114
DA:393,114
DA:395,114
DA:396,114
DA:398,114
DA:399,114
DA:400,114
DA:401,114
DA:404,114
DA:406,24
DA:407,24
DA:408,24
DA:409,24
DA:411,24
DA:412,24
DA:414,24
DA:416,138
DA:418,138
DA:419,127
DA:420,127
DA:421,127
DA:422,127
DA:423,127
DA:424,127
DA:425,127
DA:426,127
DA:427,127
DA:429,127
DA:430,127
DA:432,127
DA:433,127
DA:434,127
DA:435,127
DA:436,127
DA:437,127
DA:438,127
DA:439,127
DA:440,127
DA:441,127
DA:442,127
DA:443,127
DA:444,127
DA:446,127
DA:447,127
DA:449,127
DA:450,127
DA:451,127
DA:452,127
DA:453,138
DA:456,138
DA:457,1
DA:458,1
DA:459,1
DA:460,1
DA:461,1
DA:462,1
DA:463,1
DA:464,1
DA:466,1
DA:467,1
DA:469,1
DA:470,1
DA:471,1
DA:472,1
DA:474,138
DA:476,138
DA:477,138
DA:478,138
DA:479,138
DA:480,138
DA:481,138
DA:482,138
DA:483,138
DA:484,138
DA:486,138
DA:487,138
DA:488,138
DA:489,138
DA:490,138
DA:491,138
DA:492,138
DA:493,138
DA:495,138
DA:496,138
DA:497,138
DA:498,138
DA:500,138
DA:501,256
DA:502,256
DA:503,256
DA:504,256
DA:505,256
DA:506,256
DA:507,256
DA:508,256
DA:510,256
DA:511,256
DA:512,256
DA:513,256
DA:514,138
DA:516,138
DA:517,138
DA:518,138
DA:519,138
DA:520,127
DA:521,127
DA:522,127
DA:523,127
DA:524,127
DA:525,127
DA:526,127
DA:527,127
DA:528,127
DA:529,127
DA:530,127
DA:532,0
DA:534,127
DA:535,127
DA:536,127
DA:538,127
DA:539,127
DA:540,127
DA:541,138
DA:542,138
DA:543,138
DA:544,138
DA:545,138
DA:546,138
DA:548,138
LF:438
LH:429
BRDA:49,0,0,138
BRDA:343,1,0,72
BRDA:343,2,0,114
BRDA:346,3,0,66
BRDA:346,4,0,48
BRDA:404,5,0,24
BRDA:456,6,0,1
BRDA:71,7,0,10
BRDA:77,8,0,8
BRDA:82,9,0,16
BRDA:85,10,0,8
BRDA:88,11,0,0
BRDA:92,12,0,8
BRDA:93,13,0,16
BRDA:94,14,0,0
BRDA:105,15,0,10
BRDA:110,16,0,8
BRDA:113,17,0,2
BRDA:118,18,0,10
BRDA:161,19,0,9
BRDA:173,20,0,1
BRDA:174,21,0,1
BRDA:175,22,0,1
BRDA:232,23,0,2
BRDA:171,24,0,72
BRDA:177,25,0,18
BRDA:178,26,0,2
BRDA:178,27,0,16
BRDA:181,28,0,0
BRDA:198,29,0,16
BRDA:200,30,0,0
BRDA:207,31,0,16
BRDA:214,32,0,8
BRDA:222,33,0,8
BRDA:224,34,0,8
BRDA:227,35,0,0
BRDA:228,36,0,0
BRDA:238,37,0,54
BRDA:240,38,0,54
BRDA:247,39,0,3
BRDA:259,40,0,3
BRDA:260,41,0,1
BRDA:263,42,0,2
BRDA:265,43,0,1
BRDA:265,44,0,1
BRDA:266,45,0,1
BRDA:267,46,0,1
BRDA:287,47,0,2
BRDA:289,48,0,0
BRDA:289,49,0,2
BRDA:298,50,0,0
BRDA:292,51,0,2
BRDA:293,52,0,1
BRDA:294,53,0,1
BRDA:295,54,0,1
BRDA:295,55,0,0
BRDA:305,56,0,1
BRDA:306,57,0,0
BRDA:314,58,0,0
BRDA:318,59,0,0
BRDA:316,60,0,1
BRDA:316,61,0,1
BRDA:325,62,0,2
BRDA:409,63,0,4
BRDA:418,64,0,127
BRDA:426,65,0,0
BRDA:444,66,0,2
BRDA:447,67,0,1
BRDA:461,68,0,1
BRDA:500,69,0,256
BRDA:507,70,0,0
BRDA:519,71,0,127
BRDA:530,72,0,0
BRDA:526,73,0,127
BRF:74
BRH:59
end_of_record
TN:
SF:src\pages\Inventory\Inventory.tsx
FN:20,Inventory
FN:48,fetchInventory
FN:94,onClick
FN:105,onClick
FN:118,toggleFilter
FN:124,handleSave
FN:159,handleCancel
FN:164,handleDeleteConfirm
FN:188,handleDeleteCancel
FN:198,onClick
FN:203,onClick
FN:218,onChange
FN:229,onChange
FN:255,onChange
FNF:14
FNH:14
FNDA:43,Inventory
FNDA:12,fetchInventory
FNDA:4,onClick
FNDA:2,onClick
FNDA:1,toggleFilter
FNDA:2,handleSave
FNDA:1,handleCancel
FNDA:1,handleDeleteConfirm
FNDA:1,handleDeleteCancel
FNDA:1,onClick
FNDA:6,onClick
FNDA:1,onChange
FNDA:1,onChange
FNDA:2,onChange
DA:1,1
DA:2,1
DA:3,1
DA:4,1
DA:5,1
DA:6,1
DA:7,1
DA:8,1
DA:20,1
DA:21,43
DA:23,43
DA:24,12
DA:25,43
DA:27,43
DA:28,43
DA:29,43
DA:30,43
DA:31,43
DA:32,43
DA:33,43
DA:34,43
DA:35,43
DA:37,43
DA:38,43
DA:39,43
DA:40,43
DA:41,43
DA:42,43
DA:43,43
DA:44,43
DA:45,43
DA:47,43
DA:48,12
DA:49,12
DA:50,12
DA:51,12
DA:52,12
DA:53,12
DA:54,12
DA:55,12
DA:57,11
DA:58,11
DA:59,12
DA:60,1
DA:61,12
DA:62,12
DA:63,12
DA:64,12
DA:66,12
DA:67,43
DA:69,43
DA:71,43
DA:72,89
DA:73,89
DA:74,89
DA:75,89
DA:76,89
DA:77,89
DA:78,43
DA:80,43
DA:81,43
DA:82,89
DA:83,89
DA:84,89
DA:85,43
DA:86,43
DA:87,85
DA:88,53
DA:89,53
DA:90,53
DA:91,53
DA:92,53
DA:93,53
DA:94,53
DA:95,4
DA:96,4
DA:97,4
DA:98,4
DA:99,53
DA:101,53
DA:102,53
DA:103,53
DA:104,53
DA:105,53
DA:106,2
DA:107,2
DA:108,2
DA:109,53
DA:111,53
DA:112,53
DA:113,53
DA:114,53
DA:115,32
DA:116,43
DA:118,43
DA:119,1
DA:120,1
DA:121,1
DA:122,1
DA:124,43
DA:125,2
DA:126,2
DA:127,2
DA:128,2
DA:129,2
DA:130,2
DA:132,2
DA:133,2
DA:134,2
DA:135,2
DA:136,2
DA:137,2
DA:138,2
DA:139,2
DA:140,2
DA:142,2
DA:144,1
DA:145,1
DA:146,1
DA:147,3
DA:148,1
DA:149,1
DA:151,1
DA:152,1
DA:153,1
DA:154,1
DA:155,1
DA:156,2
DA:157,2
DA:159,43
DA:160,1
DA:161,1
DA:162,1
DA:164,43
DA:165,1
DA:166,1
DA:168,1
DA:169,1
DA:170,1
DA:171,1
DA:172,1
DA:173,1
DA:174,1
DA:176,1
DA:179,1
DA:180,1
DA:181,1
DA:182,1
DA:183,0
DA:184,0
DA:185,0
DA:186,1
DA:188,43
DA:189,1
DA:190,1
DA:191,1
DA:193,43
DA:194,43
DA:195,43
DA:197,43
DA:198,43
DA:200,43
DA:201,43
DA:202,43
DA:203,43
DA:204,6
DA:205,6
DA:206,6
DA:208,43
DA:209,43
DA:210,43
DA:212,43
DA:214,43
DA:215,43
DA:216,43
DA:217,43
DA:218,43
DA:219,43
DA:221,43
DA:222,43
DA:223,43
DA:224,43
DA:225,60
DA:226,60
DA:227,60
DA:228,60
DA:229,60
DA:230,60
DA:231,60
DA:232,60
DA:233,43
DA:234,43
DA:235,43
DA:238,43
DA:239,43
DA:240,12
DA:242,31
DA:245,43
DA:246,6
DA:247,6
DA:248,6
DA:249,6
DA:250,6
DA:251,6
DA:252,6
DA:253,6
DA:254,6
DA:255,6
DA:256,2
DA:257,2
DA:258,2
DA:259,6
DA:260,6
DA:261,6
DA:262,6
DA:263,6
DA:264,6
DA:266,6
DA:267,6
DA:269,6
DA:270,6
DA:271,6
DA:275,43
DA:276,2
DA:277,2
DA:278,2
DA:279,2
DA:280,2
DA:281,2
DA:282,2
DA:284,2
DA:285,2
DA:287,2
DA:288,2
DA:289,2
DA:290,2
DA:292,43
DA:293,43
DA:294,43
DA:296,43
LF:240
LH:237
BRDA:20,0,0,43
BRDA:44,1,0,18
BRDA:44,2,0,25
BRDA:202,3,0,18
BRDA:202,4,0,25
BRDA:208,5,0,18
BRDA:208,6,0,25
BRDA:239,7,0,12
BRDA:240,8,0,31
BRDA:245,9,0,18
BRDA:245,10,0,8
BRDA:245,11,0,6
BRDA:275,12,0,2
BRDA:275,13,0,2
BRDA:23,14,0,12
BRDA:47,15,0,12
BRDA:48,16,0,12
BRDA:55,17,0,1
BRDA:55,18,0,11
BRDA:59,19,0,1
BRDA:69,20,0,89
BRDA:71,21,0,89
BRDA:81,22,0,89
BRDA:83,23,0,3
BRDA:84,24,0,87
BRDA:86,25,0,85
BRDA:87,26,0,53
BRDA:114,27,0,32
BRDA:94,28,0,4
BRDA:105,29,0,2
BRDA:118,30,0,1
BRDA:119,31,0,1
BRDA:120,32,0,0
BRDA:124,33,0,2
BRDA:142,34,0,1
BRDA:145,35,0,1
BRDA:146,36,0,3
BRDA:147,37,0,1
BRDA:147,38,0,2
BRDA:159,39,0,1
BRDA:164,40,0,1
BRDA:165,41,0,0
BRDA:176,42,0,0
BRDA:182,43,0,0
BRDA:179,44,0,1
BRDA:179,45,0,3
BRDA:188,46,0,1
BRDA:198,47,0,1
BRDA:203,48,0,6
BRDA:204,49,0,6
BRDA:218,50,0,1
BRDA:224,51,0,60
BRDA:229,52,0,1
BRDA:255,53,0,2
BRF:54
BRH:50
end_of_record
TN:
SF:src\pages\InventoryCreate\InventoryCreate.tsx
FN:8,InventoryCreate
FN:23,handleSubmit
FN:81,onChange
FN:93,onChange
FN:109,onChange
FN:120,onChange
FN:136,onClick
FNF:7
FNH:7
FNDA:24,InventoryCreate
FNDA:4,handleSubmit
FNDA:3,onChange
FNDA:3,onChange
FNDA:3,onChange
FNDA:3,onChange
FNDA:1,onClick
DA:1,1
DA:2,1
DA:3,1
DA:4,1
DA:5,1
DA:6,1
DA:8,1
DA:9,24
DA:11,24
DA:12,24
DA:13,24
DA:14,24
DA:16,24
DA:17,24
DA:19,24
DA:20,6
DA:21,24
DA:23,24
DA:24,4
DA:25,4
DA:26,4
DA:28,4
DA:29,4
DA:30,4
DA:31,4
DA:32,4
DA:33,4
DA:34,4
DA:35,4
DA:37,4
DA:38,1
DA:39,1
DA:40,1
DA:41,1
DA:43,3
DA:44,3
DA:45,3
DA:46,3
DA:47,3
DA:48,3
DA:49,3
DA:50,3
DA:51,3
DA:53,4
DA:54,1
DA:55,1
DA:56,1
DA:58,2
DA:59,4
DA:60,1
DA:61,4
DA:62,3
DA:63,3
DA:64,4
DA:67,24
DA:68,24
DA:69,24
DA:71,24
DA:72,24
DA:73,24
DA:74,24
DA:75,24
DA:77,24
DA:78,24
DA:79,24
DA:80,24
DA:81,24
DA:82,24
DA:83,24
DA:84,24
DA:85,24
DA:87,24
DA:89,24
DA:90,24
DA:91,24
DA:92,24
DA:93,24
DA:94,24
DA:95,24
DA:96,24
DA:97,24
DA:98,24
DA:100,24
DA:101,24
DA:103,24
DA:104,24
DA:105,24
DA:106,24
DA:107,24
DA:108,24
DA:109,24
DA:110,24
DA:111,24
DA:112,24
DA:113,24
DA:115,24
DA:117,24
DA:118,24
DA:119,24
DA:120,24
DA:121,24
DA:122,24
DA:124,24
DA:125,24
DA:126,24
DA:127,24
DA:128,24
DA:129,24
DA:130,24
DA:131,24
DA:132,24
DA:133,24
DA:135,24
DA:136,24
DA:138,24
DA:139,24
DA:140,24
DA:141,24
DA:142,24
DA:143,24
DA:144,24
DA:146,24
LF:122
LH:122
BRDA:8,0,0,24
BRDA:132,1,0,2
BRDA:140,2,0,3
BRDA:140,3,0,21
BRDA:19,4,0,6
BRDA:23,5,0,4
BRDA:37,6,0,3
BRDA:37,7,0,3
BRDA:37,8,0,3
BRDA:37,9,0,3
BRDA:37,10,0,1
BRDA:41,11,0,3
BRDA:53,12,0,1
BRDA:55,13,0,0
BRDA:56,14,0,2
BRDA:59,15,0,1
BRDA:60,16,0,0
BRDA:61,17,0,3
BRDA:81,18,0,3
BRDA:93,19,0,3
BRDA:109,20,0,3
BRDA:120,21,0,3
BRDA:136,22,0,1
BRF:23
BRH:21
end_of_record
TN:
SF:src\pages\Login\Login.tsx
FN:11,Login
FN:27,handleLogin
FN:97,onChange
FN:111,onChange
FN:119,onClick
FNF:5
FNH:5
FNDA:33,Login
FNDA:6,handleLogin
FNDA:6,onChange
FNDA:6,onChange
FNDA:1,onClick
DA:1,1
DA:2,1
DA:3,1
DA:4,1
DA:5,1
DA:6,1
DA:7,1
DA:8,1
DA:11,1
DA:12,33
DA:13,33
DA:14,33
DA:16,33
DA:17,33
DA:18,33
DA:19,33
DA:20,33
DA:22,33
DA:23,8
DA:24,33
DA:27,33
DA:28,6
DA:29,6
DA:31,6
DA:32,6
DA:33,6
DA:34,6
DA:35,6
DA:36,6
DA:38,6
DA:39,1
DA:40,1
DA:41,1
DA:42,1
DA:44,4
DA:45,4
DA:46,4
DA:49,4
DA:50,4
DA:51,4
DA:53,6
DA:54,1
DA:55,1
DA:56,1
DA:58,3
DA:59,3
DA:62,3
DA:63,3
DA:64,6
DA:65,1
DA:66,6
DA:67,1
DA:68,1
DA:69,1
DA:70,1
DA:72,6
DA:73,1
DA:74,1
DA:75,6
DA:76,6
DA:77,6
DA:78,6
DA:82,33
DA:83,33
DA:84,33
DA:85,33
DA:87,33
DA:88,33
DA:89,33
DA:91,33
DA:92,33
DA:93,33
DA:94,33
DA:95,33
DA:96,33
DA:97,33
DA:98,33
DA:99,33
DA:100,33
DA:101,33
DA:102,33
DA:104,33
DA:105,33
DA:106,33
DA:107,33
DA:108,33
DA:109,33
DA:110,33
DA:111,33
DA:112,33
DA:113,33
DA:114,33
DA:115,33
DA:116,33
DA:117,33
DA:118,33
DA:119,33
DA:120,33
DA:122,33
DA:123,33
DA:124,33
DA:125,33
DA:126,33
DA:127,33
DA:128,33
DA:130,33
DA:131,33
DA:132,33
DA:133,33
DA:134,33
DA:135,33
DA:136,33
DA:137,33
DA:139,33
LF:114
LH:114
BRDA:11,0,0,33
BRDA:14,1,0,0
BRDA:109,2,0,1
BRDA:109,3,0,32
BRDA:118,4,0,1
BRDA:118,5,0,32
BRDA:123,6,0,1
BRDA:123,7,0,32
BRDA:124,8,0,1
BRDA:124,9,0,32
BRDA:132,10,0,6
BRDA:132,11,0,27
BRDA:22,12,0,8
BRDA:27,13,0,6
BRDA:36,14,0,5
BRDA:38,15,0,1
BRDA:40,16,0,0
BRDA:42,17,0,4
BRDA:53,18,0,1
BRDA:56,19,0,3
BRDA:64,20,0,1
BRDA:66,21,0,2
BRDA:66,22,0,1
BRDA:72,23,0,1
BRDA:75,24,0,4
BRDA:97,25,0,6
BRDA:111,26,0,6
BRDA:119,27,0,1
BRF:28
BRH:26
end_of_record
