TN:
SF:src\App.tsx
FN:18,App
FNF:1
FNH:1
FNDA:12,App
DA:2,1
DA:3,1
DA:4,1
DA:5,1
DA:6,1
DA:7,1
DA:8,1
DA:9,1
DA:10,1
DA:11,1
DA:12,1
DA:13,1
DA:14,1
DA:15,1
DA:16,1
DA:18,1
DA:19,12
DA:20,12
DA:21,12
DA:22,12
DA:23,12
DA:24,12
DA:25,12
DA:26,12
DA:28,12
DA:30,12
DA:31,12
DA:32,12
DA:33,12
DA:35,12
DA:36,12
DA:37,12
DA:38,12
DA:39,12
DA:41,12
DA:42,12
DA:43,12
DA:44,12
DA:45,12
DA:47,12
DA:48,12
DA:49,12
DA:50,12
DA:51,12
DA:53,12
DA:55,12
DA:56,12
DA:57,12
DA:58,12
DA:60,12
DA:61,12
DA:62,12
DA:63,12
DA:64,12
DA:66,12
DA:68,12
DA:69,12
DA:70,12
DA:71,12
DA:73,12
DA:74,12
DA:75,12
DA:76,12
DA:77,12
DA:79,12
DA:80,12
DA:81,12
DA:82,12
DA:83,12
DA:85,12
DA:86,12
DA:87,12
DA:88,12
DA:89,12
DA:91,12
DA:92,12
DA:94,12
DA:96,1
LF:78
LH:78
BRDA:18,0,0,12
BRF:1
BRH:1
end_of_record
TN:
SF:src\RequireRole.tsx
FN:10,getUserRole
FN:14,isLoggedIn
FN:18,RequireRole
FNF:3
FNH:3
FNDA:3,getUserRole
FNDA:4,isLoggedIn
FNDA:4,RequireRole
DA:2,1
DA:3,1
DA:10,3
DA:11,3
DA:12,3
DA:14,4
DA:15,4
DA:16,4
DA:18,1
DA:19,4
DA:21,4
DA:22,1
DA:23,1
DA:25,3
DA:27,4
DA:28,2
DA:29,2
DA:31,1
DA:32,1
LF:19
LH:19
BRDA:10,0,0,3
BRDA:14,1,0,4
BRDA:18,2,0,4
BRDA:21,3,0,1
BRDA:23,4,0,3
BRDA:27,5,0,2
BRDA:27,6,0,2
BRDA:29,7,0,1
BRF:8
BRH:8
end_of_record
TN:
SF:src\UserContext.tsx
FN:24,UserProvider
FN:63,useUser
FNF:2
FNH:2
FNDA:11,UserProvider
FNDA:52,useUser
DA:2,1
DA:18,1
DA:24,1
DA:25,11
DA:27,11
DA:28,9
DA:29,9
DA:30,8
DA:31,8
DA:32,8
DA:33,8
DA:34,8
DA:35,8
DA:36,7
DA:37,5
DA:38,8
DA:39,8
DA:40,4
DA:41,4
DA:42,4
DA:43,4
DA:44,4
DA:45,4
DA:46,4
DA:47,8
DA:48,8
DA:49,3
DA:50,3
DA:51,8
DA:52,8
DA:53,11
DA:56,11
DA:57,11
DA:58,11
DA:59,11
DA:61,11
DA:63,1
DA:64,52
DA:65,52
DA:66,2
DA:67,2
DA:68,49
DA:69,49
LF:43
LH:43
BRDA:24,0,0,11
BRDA:27,1,0,9
BRDA:29,2,0,8
BRDA:35,3,0,7
BRDA:36,4,0,6
BRDA:36,5,0,2
BRDA:36,6,0,5
BRDA:39,7,0,4
BRDA:48,8,0,3
BRDA:63,9,0,52
BRDA:65,10,0,2
BRDA:67,11,0,49
BRF:12
BRH:12
end_of_record
TN:
SF:src\vite-env.d.ts
FN:1,(empty-report)
FNF:1
FNH:1
FNDA:1,(empty-report)
LF:0
LH:0
BRDA:1,0,0,1
BRF:1
BRH:1
end_of_record
TN:
SF:src\components\Button\Button.tsx
FN:22,handleClick
FNF:1
FNH:1
FNDA:53,handleClick
DA:1,1
DA:2,1
DA:13,1
DA:14,1065
DA:15,1065
DA:16,1065
DA:17,1065
DA:18,1065
DA:19,1065
DA:20,1065
DA:22,1065
DA:23,53
DA:25,53
DA:26,53
DA:27,53
DA:28,53
DA:30,1065
DA:31,1065
DA:33,1065
DA:34,1065
DA:35,1065
DA:36,1065
DA:37,1065
DA:38,1065
DA:39,1065
DA:41,1065
DA:42,1065
DA:44,1065
LF:28
LH:28
BRDA:13,0,0,1065
BRDA:31,1,0,80
BRDA:31,2,0,71
BRDA:31,3,0,26
BRDA:31,4,0,45
BRDA:31,5,0,994
BRDA:22,6,0,53
BRDA:23,7,0,0
BRDA:25,8,0,40
BRDA:27,9,0,41
BRF:10
BRH:9
end_of_record
TN:
SF:src\components\Card\Card.tsx
FN:12,Card
FNF:1
FNH:1
FNDA:207,Card
DA:1,1
DA:2,1
DA:12,1
DA:13,207
DA:14,207
DA:15,207
DA:16,207
DA:17,207
DA:19,207
DA:20,207
DA:22,207
LF:11
LH:11
BRDA:12,0,0,207
BRF:1
BRH:1
end_of_record
TN:
SF:src\components\LineGraph\LineGraph.tsx
FN:17,generateColors
FN:29,formatDateToDDMM
FN:39,LineGraph
FNF:3
FNH:3
FNDA:2,generateColors
FNDA:6,formatDateToDDMM
FNDA:3,LineGraph
DA:1,1
DA:2,1
DA:3,1
DA:17,2
DA:18,2
DA:19,2
DA:20,2
DA:21,2
DA:22,4
DA:23,4
DA:24,4
DA:25,2
DA:26,2
DA:29,1
DA:30,6
DA:31,6
DA:32,3
DA:33,3
DA:34,3
DA:35,3
DA:39,3
DA:40,3
DA:41,3
DA:42,3
DA:43,3
DA:44,3
DA:46,3
DA:47,3
DA:49,3
DA:52,2
DA:54,2
DA:56,2
DA:57,4
DA:58,4
DA:59,4
DA:60,2
DA:61,3
DA:63,3
DA:64,3
DA:65,3
DA:66,3
DA:67,3
DA:68,3
DA:70,3
DA:71,3
DA:73,3
DA:74,3
DA:75,3
DA:76,3
DA:77,3
DA:78,3
DA:79,3
DA:80,3
DA:81,3
DA:82,3
DA:83,3
DA:84,3
DA:85,4
DA:86,4
DA:87,4
DA:88,4
DA:89,4
DA:90,4
DA:91,4
DA:92,4
DA:93,3
DA:94,3
DA:95,3
DA:96,3
DA:98,3
LF:70
LH:70
BRDA:17,0,0,2
BRDA:21,1,0,4
BRDA:29,2,0,6
BRDA:31,3,0,3
BRDA:39,4,0,3
BRDA:65,5,0,1
BRDA:46,6,0,3
BRDA:47,7,0,0
BRDA:47,8,0,0
BRDA:49,9,0,1
BRDA:49,10,0,2
BRDA:52,11,0,6
BRDA:56,12,0,4
BRDA:84,13,0,4
BRDA:90,14,0,0
BRF:15
BRH:12
end_of_record
TN:
SF:src\components\Menu\Menu.tsx
FN:8,Menu
FN:37,handleLogoutClick
FN:41,handleMenuClick
FN:46,handleClickOutside
FN:58,confirmLogout
FN:114,onClick
FN:130,onClick
FN:140,onClick
FN:174,onClick
FNF:9
FNH:7
FNDA:174,Menu
FNDA:3,handleLogoutClick
FNDA:3,handleMenuClick
FNDA:1,handleClickOutside
FNDA:2,confirmLogout
FNDA:0,onClick
FNDA:3,onClick
FNDA:0,onClick
FNDA:1,onClick
DA:1,1
DA:2,1
DA:3,1
DA:4,1
DA:5,1
DA:6,1
DA:8,1
DA:9,174
DA:10,174
DA:11,174
DA:12,174
DA:13,174
DA:15,174
DA:16,174
DA:18,174
DA:19,174
DA:21,174
DA:22,74
DA:23,3
DA:24,3
DA:25,3
DA:27,3
DA:29,3
DA:30,3
DA:31,3
DA:32,3
DA:33,3
DA:34,174
DA:37,174
DA:38,3
DA:39,3
DA:41,174
DA:42,3
DA:43,3
DA:45,174
DA:46,70
DA:47,1
DA:48,1
DA:49,1
DA:50,1
DA:52,70
DA:53,70
DA:54,70
DA:55,70
DA:56,174
DA:58,174
DA:59,2
DA:60,2
DA:61,2
DA:62,2
DA:63,2
DA:64,2
DA:65,2
DA:66,2
DA:67,2
DA:68,1
DA:69,1
DA:70,1
DA:71,2
DA:73,2
DA:74,2
DA:75,2
DA:76,2
DA:78,174
DA:79,174
DA:80,174
DA:81,174
DA:82,174
DA:83,174
DA:84,174
DA:85,174
DA:86,174
DA:87,174
DA:88,174
DA:89,174
DA:90,174
DA:91,174
DA:92,174
DA:93,174
DA:94,174
DA:95,174
DA:96,174
DA:97,174
DA:98,174
DA:99,174
DA:100,174
DA:101,174
DA:102,174
DA:103,174
DA:104,174
DA:106,174
DA:107,174
DA:108,174
DA:109,174
DA:110,174
DA:111,70
DA:112,70
DA:113,70
DA:114,70
DA:115,70
DA:117,70
DA:119,70
DA:122,174
DA:123,174
DA:124,174
DA:125,268
DA:126,268
DA:127,268
DA:128,268
DA:129,268
DA:130,268
DA:131,268
DA:132,268
DA:134,268
DA:135,268
DA:136,268
DA:137,2
DA:138,2
DA:139,4
DA:140,4
DA:141,4
DA:142,4
DA:143,4
DA:144,2
DA:145,2
DA:147,268
DA:149,174
DA:151,174
DA:152,149
DA:153,149
DA:155,149
DA:156,149
DA:158,174
DA:159,174
DA:161,174
DA:162,6
DA:163,6
DA:164,6
DA:165,6
DA:166,6
DA:167,6
DA:168,6
DA:170,6
DA:171,6
DA:172,6
DA:173,6
DA:174,6
DA:176,6
DA:177,6
DA:179,6
DA:180,6
DA:181,6
DA:182,6
DA:184,174
DA:186,174
LF:155
LH:155
BRDA:8,0,0,174
BRDA:92,1,0,149
BRDA:92,2,0,70
BRDA:92,3,0,104
BRDA:101,4,0,149
BRDA:101,5,0,70
BRDA:101,6,0,104
BRDA:110,7,0,149
BRDA:110,8,0,70
BRDA:113,9,0,0
BRDA:151,10,0,149
BRDA:161,11,0,6
BRDA:21,12,0,74
BRDA:22,13,0,3
BRDA:22,14,0,3
BRDA:37,15,0,3
BRDA:38,16,0,3
BRDA:41,17,0,3
BRDA:42,18,0,3
BRDA:42,19,0,1
BRDA:42,20,0,2
BRDA:45,21,0,70
BRDA:46,22,0,1
BRDA:53,23,0,70
BRDA:58,24,0,2
BRDA:67,25,0,1
BRDA:123,26,0,522
BRDA:123,27,0,447
BRDA:123,28,0,303
BRDA:124,29,0,268
BRDA:129,30,0,14
BRDA:129,31,0,254
BRDA:136,32,0,2
BRDA:125,33,0,563
BRDA:130,34,0,3
BRDA:138,35,0,4
BRDA:174,36,0,1
BRF:37
BRH:36
end_of_record
TN:
SF:src\components\PageLayout\PageLayout.tsx
FN:10,PageLayout
FNF:1
FNH:1
FNDA:157,PageLayout
DA:2,1
DA:3,1
DA:4,1
DA:10,1
DA:11,157
DA:12,157
DA:13,157
DA:14,157
DA:15,157
DA:16,157
DA:17,157
DA:19,157
LF:12
LH:12
BRDA:10,0,0,157
BRF:1
BRH:1
end_of_record
TN:
SF:src\components\PieChart\PieChart.tsx
FN:10,generateColors
FN:27,PieChartGraph
FNF:2
FNH:2
FNDA:2,generateColors
FNDA:2,PieChartGraph
DA:1,1
DA:2,1
DA:10,2
DA:11,2
DA:12,2
DA:13,2
DA:14,2
DA:15,4
DA:16,4
DA:17,4
DA:18,2
DA:19,2
DA:27,2
DA:28,2
DA:29,2
DA:30,2
DA:31,2
DA:33,2
DA:35,2
DA:36,2
DA:37,2
DA:38,2
DA:39,2
DA:40,2
DA:41,2
DA:42,2
DA:43,2
DA:44,2
DA:45,2
DA:46,2
DA:47,2
DA:48,2
DA:50,2
DA:51,4
DA:52,4
DA:53,4
DA:54,4
DA:55,4
DA:56,2
DA:57,2
DA:58,2
DA:59,2
DA:60,2
DA:61,2
DA:62,2
DA:64,2
LF:46
LH:46
BRDA:10,0,0,2
BRDA:14,1,0,4
BRDA:27,2,0,2
BRDA:33,3,0,0
BRDA:33,4,0,0
BRDA:37,5,0,1
BRDA:50,6,0,4
BRF:7
BRH:5
end_of_record
TN:
SF:src\components\RoleOnly\RoleOnly.tsx
FN:9,RoleOnly
FNF:1
FNH:1
FNDA:57,RoleOnly
DA:2,1
DA:9,1
DA:10,57
DA:11,57
DA:12,57
LF:5
LH:5
BRDA:9,0,0,57
BRDA:11,1,0,56
BRDA:11,2,0,55
BRDA:11,3,0,2
BRF:4
BRH:4
end_of_record
TN:
SF:src\components\SearchInput\SearchInput.tsx
FN:11,SearchInput
FNF:1
FNH:1
FNDA:68,SearchInput
DA:2,1
DA:3,1
DA:11,1
DA:12,68
DA:13,68
DA:14,68
DA:15,68
DA:16,68
DA:17,68
DA:18,68
DA:19,68
DA:20,68
DA:21,68
DA:22,68
DA:23,68
DA:24,68
DA:25,68
DA:26,68
DA:28,68
LF:19
LH:19
BRDA:11,0,0,68
BRF:1
BRH:1
end_of_record
TN:
SF:src\components\Table\Table.tsx
FN:11,Table
FNF:1
FNH:1
FNDA:41,Table
DA:1,1
DA:2,1
DA:11,1
DA:12,41
DA:13,41
DA:14,41
DA:15,41
DA:16,41
DA:17,41
DA:18,231
DA:19,41
DA:20,41
DA:21,41
DA:22,41
DA:23,41
DA:24,98
DA:25,98
DA:26,593
DA:27,98
DA:28,98
DA:29,41
DA:30,41
DA:31,41
DA:32,41
DA:34,41
LF:25
LH:25
BRDA:11,0,0,41
BRDA:17,1,0,231
BRDA:23,2,0,98
BRDA:24,3,0,68
BRDA:24,4,0,30
BRDA:25,5,0,593
BRF:6
BRH:6
end_of_record
TN:
SF:src\pages\AnimalCreate\AnimalCreate.tsx
FN:8,AnimalCreate
FN:30,fetchData
FN:60,handleSubmit
FN:127,onChange
FN:137,onChange
FN:156,onChange
FN:178,onChange
FN:193,onChange
FN:205,onChange
FN:218,onClick
FNF:10
FNH:3
FNDA:5,AnimalCreate
FNDA:3,fetchData
FNDA:0,handleSubmit
FNDA:0,onChange
FNDA:0,onChange
FNDA:0,onChange
FNDA:0,onChange
FNDA:0,onChange
FNDA:0,onChange
FNDA:1,onClick
DA:1,1
DA:2,1
DA:3,1
DA:4,1
DA:5,1
DA:6,1
DA:8,1
DA:9,5
DA:11,5
DA:12,5
DA:13,5
DA:14,5
DA:16,5
DA:18,5
DA:20,5
DA:21,5
DA:23,5
DA:24,5
DA:27,5
DA:28,3
DA:30,3
DA:31,3
DA:32,3
DA:33,3
DA:36,2
DA:37,2
DA:38,2
DA:39,3
DA:40,1
DA:41,1
DA:44,1
DA:45,1
DA:46,1
DA:47,3
DA:48,1
DA:49,1
DA:50,1
DA:52,3
DA:53,2
DA:54,2
DA:55,3
DA:57,3
DA:58,5
DA:60,5
DA:61,0
DA:62,0
DA:63,0
DA:65,0
DA:66,0
DA:67,0
DA:68,0
DA:69,0
DA:71,0
DA:72,0
DA:73,0
DA:74,0
DA:75,0
DA:76,0
DA:78,0
DA:79,0
DA:80,0
DA:81,0
DA:82,0
DA:83,0
DA:84,0
DA:85,0
DA:86,0
DA:89,0
DA:90,0
DA:91,0
DA:92,0
DA:93,0
DA:94,0
DA:95,0
DA:96,0
DA:97,0
DA:99,0
DA:100,0
DA:101,0
DA:102,0
DA:103,0
DA:104,0
DA:105,0
DA:106,0
DA:108,5
DA:109,5
DA:110,5
DA:112,5
DA:113,5
DA:115,5
DA:116,5
DA:117,5
DA:119,5
DA:120,5
DA:121,5
DA:122,5
DA:123,5
DA:124,5
DA:125,5
DA:126,5
DA:127,5
DA:128,5
DA:129,5
DA:130,5
DA:131,5
DA:133,5
DA:134,5
DA:135,5
DA:136,5
DA:137,5
DA:139,5
DA:141,5
DA:142,5
DA:143,5
DA:144,5
DA:145,1
DA:146,1
DA:147,1
DA:148,5
DA:149,5
DA:150,5
DA:152,5
DA:153,5
DA:154,5
DA:155,5
DA:156,5
DA:158,5
DA:160,5
DA:161,5
DA:162,5
DA:163,5
DA:164,1
DA:165,1
DA:166,1
DA:167,5
DA:168,5
DA:169,5
DA:170,5
DA:172,5
DA:173,5
DA:174,5
DA:175,5
DA:176,5
DA:177,5
DA:178,5
DA:179,5
DA:181,5
DA:182,5
DA:183,5
DA:184,5
DA:185,5
DA:188,5
DA:189,5
DA:190,5
DA:191,5
DA:192,5
DA:193,5
DA:194,5
DA:195,5
DA:196,5
DA:197,5
DA:198,5
DA:200,5
DA:201,5
DA:202,5
DA:203,5
DA:204,5
DA:205,5
DA:206,5
DA:207,5
DA:208,5
DA:209,5
DA:210,5
DA:211,5
DA:212,5
DA:213,5
DA:215,5
DA:216,5
DA:217,5
DA:218,5
DA:219,5
DA:221,5
DA:222,5
DA:223,5
DA:224,5
DA:225,5
DA:227,5
DA:228,5
DA:229,5
DA:230,5
DA:231,5
DA:233,5
LF:192
LH:152
BRDA:8,0,0,5
BRDA:113,1,0,1
BRDA:227,2,0,0
BRDA:12,3,0,3
BRDA:27,4,0,3
BRDA:30,5,0,3
BRDA:33,6,0,1
BRDA:33,7,0,2
BRDA:39,8,0,0
BRDA:39,9,0,1
BRDA:47,10,0,0
BRDA:47,11,0,1
BRDA:52,12,0,2
BRDA:53,13,0,0
BRDA:49,14,0,3
BRDA:143,15,0,2
BRDA:143,16,0,0
BRDA:144,17,0,1
BRDA:162,18,0,2
BRDA:162,19,0,0
BRDA:163,20,0,1
BRDA:218,21,0,1
BRF:22
BRH:16
end_of_record
TN:
SF:src\pages\AnimalDetails\AnimalDetail.tsx
FN:35,AnimalDetails
FN:55,fetchAnimal
FN:105,fetchConsultas
FN:139,toggleView
FN:149,onClick
FN:155,onClick
FN:248,onClick
FN:264,tileContent
FNF:8
FNH:6
FNDA:10,AnimalDetails
FNDA:5,fetchAnimal
FNDA:5,fetchConsultas
FNDA:1,toggleView
FNDA:0,onClick
FNDA:1,onClick
FNDA:0,onClick
FNDA:42,tileContent
DA:1,1
DA:2,1
DA:3,1
DA:4,1
DA:5,1
DA:6,1
DA:7,1
DA:8,1
DA:9,1
DA:35,1
DA:36,10
DA:37,10
DA:39,10
DA:40,10
DA:41,10
DA:42,10
DA:43,10
DA:44,10
DA:46,10
DA:47,10
DA:49,10
DA:51,10
DA:52,5
DA:53,5
DA:55,5
DA:56,5
DA:57,5
DA:58,5
DA:59,5
DA:60,5
DA:61,3
DA:62,3
DA:64,5
DA:65,1
DA:66,1
DA:67,1
DA:68,1
DA:69,1
DA:70,1
DA:71,1
DA:72,1
DA:73,1
DA:74,1
DA:75,1
DA:78,3
DA:79,3
DA:80,3
DA:81,3
DA:82,3
DA:83,3
DA:84,5
DA:85,2
DA:86,2
DA:87,2
DA:90,3
DA:91,3
DA:92,3
DA:93,3
DA:94,3
DA:95,3
DA:96,5
DA:97,2
DA:98,2
DA:99,2
DA:100,5
DA:101,2
DA:102,2
DA:103,5
DA:105,5
DA:106,5
DA:107,5
DA:108,5
DA:109,5
DA:110,5
DA:111,5
DA:112,5
DA:113,5
DA:114,3
DA:115,3
DA:116,3
DA:117,3
DA:118,3
DA:119,3
DA:120,3
DA:121,3
DA:122,5
DA:123,2
DA:124,2
DA:125,5
DA:127,5
DA:128,5
DA:129,10
DA:131,10
DA:132,0
DA:133,0
DA:134,0
DA:135,10
DA:137,10
DA:139,10
DA:140,1
DA:141,1
DA:142,1
DA:144,10
DA:145,10
DA:146,10
DA:148,10
DA:149,10
DA:151,10
DA:152,10
DA:153,10
DA:154,10
DA:155,10
DA:156,10
DA:158,10
DA:159,10
DA:160,10
DA:162,10
DA:164,10
DA:165,10
DA:166,10
DA:167,10
DA:168,10
DA:169,10
DA:170,10
DA:171,10
DA:172,10
DA:173,10
DA:174,10
DA:175,10
DA:176,10
DA:177,10
DA:179,0
DA:180,0
DA:181,0
DA:182,0
DA:183,0
DA:185,0
DA:186,0
DA:187,0
DA:188,0
DA:189,0
DA:191,10
DA:192,10
DA:193,10
DA:194,10
DA:195,10
DA:196,10
DA:197,10
DA:198,0
DA:199,0
DA:200,0
DA:201,0
DA:203,10
DA:204,10
DA:205,10
DA:206,10
DA:207,10
DA:208,10
DA:209,10
DA:210,10
DA:211,10
DA:212,10
DA:213,10
DA:215,10
DA:216,10
DA:217,10
DA:218,10
DA:219,10
DA:221,0
DA:222,0
DA:223,0
DA:224,0
DA:225,0
DA:227,0
DA:228,0
DA:229,0
DA:231,10
DA:232,10
DA:234,10
DA:235,10
DA:236,10
DA:237,10
DA:238,10
DA:239,10
DA:240,10
DA:242,10
DA:243,9
DA:244,9
DA:245,3
DA:246,3
DA:247,3
DA:248,3
DA:249,3
DA:251,3
DA:252,3
DA:253,3
DA:254,3
DA:255,3
DA:256,3
DA:257,3
DA:258,9
DA:259,9
DA:261,1
DA:262,1
DA:263,1
DA:264,1
DA:265,42
DA:266,42
DA:267,0
DA:268,42
DA:269,42
DA:270,1
DA:271,1
DA:272,0
DA:273,0
DA:274,0
DA:275,0
DA:277,0
DA:278,0
DA:279,0
DA:280,0
DA:281,0
DA:282,0
DA:284,0
DA:285,0
DA:286,0
DA:287,0
DA:288,0
DA:290,0
DA:292,1
DA:294,10
DA:295,10
DA:296,10
DA:298,10
LF:234
LH:192
BRDA:35,0,0,10
BRDA:131,1,0,0
BRDA:162,2,0,3
BRDA:172,3,0,3
BRDA:177,4,0,0
BRDA:195,5,0,1
BRDA:195,6,0,9
BRDA:197,7,0,3
BRDA:197,8,0,0
BRDA:205,9,0,3
BRDA:209,10,0,3
BRDA:219,11,0,0
BRDA:238,12,0,1
BRDA:238,13,0,9
BRDA:242,14,0,9
BRDA:259,15,0,1
BRDA:271,16,0,0
BRDA:51,17,0,5
BRDA:53,18,0,0
BRDA:55,19,0,5
BRDA:59,20,0,4
BRDA:60,21,0,1
BRDA:60,22,0,3
BRDA:64,23,0,1
BRDA:75,24,0,3
BRDA:84,25,0,2
BRDA:87,26,0,3
BRDA:96,27,0,2
BRDA:100,28,0,2
BRDA:105,29,0,5
BRDA:112,30,0,4
BRDA:113,31,0,1
BRDA:113,32,0,3
BRDA:122,33,0,2
BRDA:116,34,0,3
BRDA:119,35,0,2
BRDA:137,36,0,3
BRDA:139,37,0,1
BRDA:140,38,0,0
BRDA:155,39,0,1
BRDA:244,40,0,3
BRDA:264,41,0,42
BRDA:266,42,0,0
BRF:43
BRH:35
end_of_record
TN:
SF:src\pages\AnimalEdit\AnimalEdit.tsx
FN:9,AnimalEdit
FN:38,fetchData
FN:91,handleChange
FN:128,handleSubmit
FN:295,onClick
FNF:5
FNH:3
FNDA:14,AnimalEdit
FNDA:6,fetchData
FNDA:1,handleChange
FNDA:0,handleSubmit
FNDA:0,onClick
DA:1,1
DA:2,1
DA:3,1
DA:4,1
DA:5,1
DA:6,1
DA:7,1
DA:9,1
DA:10,14
DA:11,6
DA:12,14
DA:14,14
DA:15,14
DA:16,14
DA:17,14
DA:19,14
DA:20,14
DA:21,14
DA:22,14
DA:24,14
DA:26,14
DA:28,14
DA:29,6
DA:30,6
DA:31,1
DA:32,1
DA:33,14
DA:35,14
DA:36,6
DA:38,6
DA:39,6
DA:41,6
DA:42,6
DA:43,6
DA:44,6
DA:45,4
DA:46,4
DA:47,4
DA:48,4
DA:49,6
DA:50,6
DA:51,6
DA:52,6
DA:53,6
DA:54,6
DA:55,6
DA:56,6
DA:59,6
DA:60,6
DA:61,6
DA:62,6
DA:63,3
DA:64,3
DA:65,3
DA:66,3
DA:67,3
DA:69,3
DA:70,3
DA:71,3
DA:72,3
DA:75,3
DA:76,3
DA:77,3
DA:78,6
DA:79,2
DA:80,2
DA:82,6
DA:83,4
DA:84,4
DA:85,6
DA:87,6
DA:88,14
DA:91,14
DA:92,1
DA:94,1
DA:95,1
DA:98,1
DA:99,0
DA:100,0
DA:103,1
DA:104,1
DA:105,1
DA:108,1
DA:110,1
DA:111,1
DA:112,1
DA:113,1
DA:114,1
DA:115,1
DA:116,1
DA:117,1
DA:118,1
DA:119,1
DA:120,1
DA:121,1
DA:122,1
DA:123,1
DA:124,1
DA:125,1
DA:128,14
DA:129,0
DA:130,0
DA:131,0
DA:132,0
DA:133,0
DA:134,0
DA:135,0
DA:137,0
DA:138,0
DA:139,0
DA:140,0
DA:141,0
DA:142,0
DA:143,0
DA:145,0
DA:146,0
DA:147,0
DA:148,0
DA:149,0
DA:150,0
DA:152,14
DA:153,14
DA:154,14
DA:155,14
DA:156,14
DA:157,14
DA:159,14
DA:160,6
DA:161,6
DA:162,6
DA:163,6
DA:164,6
DA:165,6
DA:167,6
DA:168,6
DA:169,6
DA:170,6
DA:171,6
DA:172,6
DA:173,6
DA:174,6
DA:175,6
DA:177,6
DA:178,6
DA:180,6
DA:181,6
DA:182,6
DA:184,6
DA:185,6
DA:187,6
DA:188,6
DA:189,6
DA:191,6
DA:192,6
DA:194,6
DA:195,6
DA:196,6
DA:197,6
DA:198,6
DA:200,6
DA:202,6
DA:203,6
DA:204,6
DA:205,6
DA:206,2
DA:207,2
DA:208,2
DA:209,6
DA:210,6
DA:212,6
DA:214,6
DA:215,6
DA:217,6
DA:218,6
DA:219,6
DA:220,6
DA:221,6
DA:223,6
DA:225,6
DA:226,6
DA:227,6
DA:228,6
DA:229,2
DA:230,2
DA:231,2
DA:233,2
DA:234,2
DA:235,6
DA:236,6
DA:237,6
DA:238,6
DA:240,6
DA:241,6
DA:242,6
DA:244,6
DA:245,6
DA:246,6
DA:247,6
DA:248,6
DA:249,6
DA:250,6
DA:251,6
DA:253,6
DA:254,6
DA:256,6
DA:257,6
DA:258,6
DA:259,6
DA:260,6
DA:261,6
DA:262,6
DA:263,6
DA:265,6
DA:266,6
DA:268,6
DA:269,6
DA:270,6
DA:271,6
DA:272,6
DA:273,6
DA:275,6
DA:277,6
DA:278,6
DA:279,8
DA:280,8
DA:281,8
DA:283,8
DA:284,8
DA:285,6
DA:286,6
DA:287,6
DA:288,6
DA:289,6
DA:290,6
DA:292,6
DA:293,6
DA:294,6
DA:295,6
DA:296,6
DA:298,6
DA:299,6
DA:300,6
DA:301,6
DA:302,6
DA:303,6
DA:305,6
DA:306,6
DA:307,6
DA:310,8
DA:312,8
DA:314,14
DA:316,14
LF:252
LH:230
BRDA:9,0,0,14
BRDA:157,1,0,4
BRDA:159,2,0,6
BRDA:197,3,0,3
BRDA:220,4,0,3
BRDA:272,5,0,0
BRDA:307,6,0,8
BRDA:10,7,0,6
BRDA:28,8,0,6
BRDA:29,9,0,0
BRDA:30,10,0,1
BRDA:30,11,0,1
BRDA:35,12,0,6
BRDA:36,13,0,0
BRDA:38,14,0,6
BRDA:44,15,0,1
BRDA:44,16,0,4
BRDA:49,17,0,0
BRDA:50,18,0,0
BRDA:52,19,0,0
BRDA:54,20,0,3
BRDA:54,21,0,1
BRDA:55,22,0,3
BRDA:55,23,0,1
BRDA:61,24,0,4
BRDA:62,25,0,1
BRDA:62,26,0,3
BRDA:78,27,0,1
BRDA:78,28,0,2
BRDA:82,29,0,4
BRDA:65,30,0,4
BRDA:69,31,0,2
BRDA:70,32,0,4
BRDA:91,33,0,1
BRDA:94,34,0,1
BRDA:98,35,0,0
BRDA:114,36,0,0
BRDA:115,37,0,0
BRDA:117,38,0,0
BRDA:119,39,0,0
BRDA:120,40,0,0
BRDA:204,41,0,4
BRDA:204,42,0,0
BRDA:205,43,0,2
BRDA:227,44,0,4
BRDA:228,45,0,2
BRDA:278,46,0,8
BRF:47
BRH:34
end_of_record
TN:
SF:src\pages\Animals\Animals.tsx
FN:30,Animals
FN:77,fetchTodayMilkProduction
FN:105,submitMilkProduction
FN:144,handleConfirmDelete
FN:178,resetFormStates
FN:195,fetchAnimals
FN:239,fetchGroups
FN:313,toggleFilter
FN:323,applyFilters
FN:337,resetForm
FN:346,handleSave
FN:479,handleEditSelect
FN:495,onClick
FN:505,onChange
FN:677,onClick
FN:678,onClick
FN:682,onClick
FN:698,onChange
FN:710,onChange
FN:786,onClick
FN:796,onClick
FN:823,onClick
FNF:22
FNH:3
FNDA:4,Animals
FNDA:0,fetchTodayMilkProduction
FNDA:0,submitMilkProduction
FNDA:0,handleConfirmDelete
FNDA:0,resetFormStates
FNDA:4,fetchAnimals
FNDA:4,fetchGroups
FNDA:0,toggleFilter
FNDA:0,applyFilters
FNDA:0,resetForm
FNDA:0,handleSave
FNDA:0,handleEditSelect
FNDA:0,onClick
FNDA:0,onChange
FNDA:0,onClick
FNDA:0,onClick
FNDA:0,onClick
FNDA:0,onChange
FNDA:0,onChange
FNDA:0,onClick
FNDA:0,onClick
FNDA:0,onClick
DA:1,1
DA:2,1
DA:3,1
DA:4,1
DA:5,1
DA:6,1
DA:7,1
DA:8,1
DA:9,1
DA:10,1
DA:30,1
DA:31,4
DA:32,4
DA:34,4
DA:35,4
DA:37,4
DA:38,4
DA:40,4
DA:41,4
DA:42,4
DA:44,4
DA:51,4
DA:52,4
DA:53,4
DA:54,4
DA:55,4
DA:56,4
DA:57,4
DA:59,4
DA:60,4
DA:61,4
DA:62,4
DA:63,4
DA:65,4
DA:67,4
DA:68,4
DA:69,4
DA:70,0
DA:71,0
DA:72,0
DA:73,4
DA:74,4
DA:75,4
DA:77,4
DA:78,0
DA:79,0
DA:80,0
DA:81,0
DA:83,0
DA:84,0
DA:85,0
DA:86,0
DA:87,0
DA:88,0
DA:89,0
DA:90,0
DA:91,0
DA:93,0
DA:95,0
DA:98,0
DA:99,0
DA:100,0
DA:101,0
DA:102,0
DA:103,0
DA:105,4
DA:106,0
DA:107,0
DA:108,0
DA:110,0
DA:111,0
DA:112,0
DA:113,0
DA:114,0
DA:115,0
DA:116,0
DA:117,0
DA:118,0
DA:119,0
DA:120,0
DA:121,0
DA:123,0
DA:125,0
DA:126,0
DA:127,0
DA:128,0
DA:129,0
DA:130,0
DA:131,0
DA:133,0
DA:134,0
DA:135,0
DA:136,0
DA:137,0
DA:138,0
DA:139,0
DA:140,0
DA:141,0
DA:142,0
DA:144,4
DA:145,0
DA:147,0
DA:148,0
DA:149,0
DA:150,0
DA:151,0
DA:152,0
DA:153,0
DA:154,0
DA:155,0
DA:156,0
DA:158,0
DA:159,0
DA:160,0
DA:163,0
DA:164,0
DA:166,0
DA:167,0
DA:168,0
DA:169,0
DA:170,0
DA:171,0
DA:172,0
DA:173,0
DA:174,0
DA:175,0
DA:176,0
DA:178,4
DA:179,0
DA:180,0
DA:181,0
DA:182,0
DA:183,0
DA:185,4
DA:186,4
DA:187,4
DA:189,4
DA:190,4
DA:191,4
DA:192,4
DA:193,4
DA:195,4
DA:196,4
DA:197,4
DA:198,4
DA:199,4
DA:200,4
DA:201,4
DA:202,4
DA:203,4
DA:204,4
DA:205,4
DA:207,4
DA:209,0
DA:211,0
DA:212,0
DA:213,0
DA:214,0
DA:215,0
DA:216,0
DA:217,0
DA:218,0
DA:220,0
DA:223,0
DA:224,0
DA:225,0
DA:227,0
DA:228,0
DA:229,0
DA:230,0
DA:231,0
DA:232,4
DA:233,2
DA:234,2
DA:235,2
DA:236,2
DA:237,4
DA:239,4
DA:240,4
DA:241,4
DA:242,4
DA:243,4
DA:244,4
DA:245,4
DA:246,4
DA:247,4
DA:248,4
DA:249,4
DA:250,4
DA:251,4
DA:252,4
DA:253,4
DA:254,4
DA:256,4
DA:257,0
DA:258,0
DA:260,0
DA:261,0
DA:263,0
DA:264,0
DA:265,0
DA:267,0
DA:268,0
DA:270,0
DA:272,0
DA:273,0
DA:274,0
DA:275,0
DA:276,0
DA:277,0
DA:278,0
DA:280,0
DA:281,0
DA:282,0
DA:283,0
DA:284,0
DA:286,0
DA:287,4
DA:288,2
DA:289,2
DA:290,2
DA:291,2
DA:292,4
DA:294,4
DA:295,4
DA:296,4
DA:297,4
DA:300,4
DA:301,4
DA:302,4
DA:303,0
DA:304,4
DA:305,4
DA:306,4
DA:308,4
DA:309,0
DA:310,0
DA:311,4
DA:313,4
DA:314,0
DA:315,0
DA:316,0
DA:317,0
DA:318,0
DA:319,0
DA:320,0
DA:321,0
DA:323,4
DA:324,0
DA:326,0
DA:327,0
DA:328,0
DA:329,0
DA:330,0
DA:332,0
DA:333,0
DA:335,4
DA:337,4
DA:338,0
DA:339,0
DA:340,0
DA:341,0
DA:342,0
DA:343,0
DA:344,0
DA:346,4
DA:347,0
DA:348,0
DA:349,0
DA:350,0
DA:351,0
DA:353,0
DA:354,0
DA:355,0
DA:356,0
DA:357,0
DA:358,0
DA:359,0
DA:360,0
DA:361,0
DA:362,0
DA:363,0
DA:364,0
DA:365,0
DA:366,0
DA:367,0
DA:369,0
DA:370,0
DA:371,0
DA:373,0
DA:374,0
DA:376,0
DA:377,0
DA:378,0
DA:379,0
DA:380,0
DA:381,0
DA:383,0
DA:384,0
DA:385,0
DA:386,0
DA:387,0
DA:388,0
DA:389,0
DA:390,0
DA:391,0
DA:392,0
DA:393,0
DA:394,0
DA:395,0
DA:396,0
DA:397,0
DA:398,0
DA:399,0
DA:400,0
DA:401,0
DA:402,0
DA:403,0
DA:404,0
DA:405,0
DA:406,0
DA:407,0
DA:408,0
DA:409,0
DA:410,0
DA:411,0
DA:412,0
DA:413,0
DA:415,0
DA:416,0
DA:417,0
DA:418,0
DA:419,0
DA:420,0
DA:422,0
DA:423,0
DA:424,0
DA:425,0
DA:426,0
DA:427,0
DA:428,0
DA:429,0
DA:430,0
DA:431,0
DA:434,0
DA:435,0
DA:436,0
DA:438,0
DA:439,0
DA:440,0
DA:442,0
DA:443,0
DA:446,0
DA:447,0
DA:448,0
DA:449,0
DA:450,0
DA:451,0
DA:452,0
DA:453,0
DA:454,0
DA:455,0
DA:456,0
DA:457,0
DA:458,0
DA:459,0
DA:460,0
DA:462,0
DA:463,0
DA:464,0
DA:465,0
DA:466,0
DA:469,0
DA:470,0
DA:472,0
DA:473,0
DA:474,0
DA:475,0
DA:476,0
DA:477,0
DA:479,4
DA:480,0
DA:481,0
DA:482,0
DA:483,0
DA:484,0
DA:485,0
DA:486,0
DA:487,0
DA:488,0
DA:490,4
DA:491,4
DA:492,4
DA:493,4
DA:494,4
DA:495,4
DA:497,4
DA:498,4
DA:499,4
DA:501,4
DA:502,4
DA:503,4
DA:504,4
DA:505,4
DA:506,4
DA:507,4
DA:509,4
DA:510,4
DA:511,4
DA:513,4
DA:514,4
DA:515,4
DA:516,0
DA:517,0
DA:518,0
DA:519,0
DA:520,0
DA:521,0
DA:523,0
DA:524,0
DA:525,0
DA:526,4
DA:527,4
DA:529,4
DA:530,4
DA:531,4
DA:532,4
DA:533,0
DA:534,0
DA:535,0
DA:536,0
DA:537,0
DA:538,0
DA:540,0
DA:541,0
DA:542,0
DA:543,4
DA:544,4
DA:545,4
DA:546,4
DA:548,4
DA:549,4
DA:550,4
DA:551,4
DA:553,0
DA:554,0
DA:555,0
DA:556,0
DA:557,0
DA:558,0
DA:560,0
DA:561,0
DA:562,0
DA:563,0
DA:565,0
DA:566,0
DA:567,0
DA:568,0
DA:569,0
DA:572,0
DA:573,0
DA:574,0
DA:575,0
DA:576,0
DA:577,0
DA:578,0
DA:579,0
DA:580,0
DA:581,0
DA:582,0
DA:584,0
DA:585,0
DA:586,0
DA:587,0
DA:588,0
DA:589,0
DA:590,0
DA:591,0
DA:592,0
DA:593,0
DA:594,0
DA:596,0
DA:597,0
DA:598,0
DA:599,0
DA:600,0
DA:601,0
DA:602,0
DA:604,0
DA:605,0
DA:606,0
DA:607,0
DA:608,0
DA:610,0
DA:612,0
DA:613,0
DA:614,0
DA:616,0
DA:617,0
DA:618,0
DA:619,0
DA:620,0
DA:621,0
DA:622,0
DA:623,0
DA:624,0
DA:625,0
DA:626,0
DA:628,0
DA:629,0
DA:631,0
DA:632,0
DA:633,0
DA:634,0
DA:635,0
DA:636,0
DA:637,0
DA:638,0
DA:639,0
DA:640,0
DA:641,0
DA:642,0
DA:643,0
DA:644,0
DA:645,0
DA:646,0
DA:647,0
DA:649,0
DA:650,0
DA:651,0
DA:653,0
DA:654,0
DA:656,4
DA:657,4
DA:659,4
DA:660,4
DA:661,4
DA:663,4
DA:664,4
DA:665,4
DA:666,4
DA:668,0
DA:669,0
DA:670,0
DA:672,0
DA:673,0
DA:676,4
DA:677,4
DA:678,4
DA:680,4
DA:681,4
DA:682,4
DA:684,4
DA:686,4
DA:687,4
DA:690,4
DA:691,0
DA:692,0
DA:693,0
DA:694,0
DA:695,0
DA:696,0
DA:697,0
DA:698,0
DA:699,0
DA:700,0
DA:702,0
DA:703,0
DA:704,0
DA:705,0
DA:706,0
DA:707,0
DA:708,0
DA:709,0
DA:710,0
DA:711,0
DA:713,0
DA:714,0
DA:716,0
DA:717,0
DA:719,0
DA:720,0
DA:721,0
DA:722,0
DA:723,0
DA:724,0
DA:725,0
DA:726,0
DA:728,0
DA:730,0
DA:731,0
DA:732,0
DA:735,4
DA:736,0
DA:737,0
DA:738,0
DA:739,0
DA:740,0
DA:741,0
DA:742,0
DA:743,0
DA:744,0
DA:745,0
DA:746,0
DA:747,0
DA:748,0
DA:749,0
DA:750,0
DA:751,0
DA:753,0
DA:754,0
DA:756,0
DA:757,0
DA:758,0
DA:759,0
DA:760,0
DA:762,0
DA:763,0
DA:764,0
DA:766,4
DA:767,0
DA:768,0
DA:769,0
DA:770,0
DA:771,0
DA:772,0
DA:773,0
DA:774,0
DA:775,0
DA:776,0
DA:777,0
DA:778,0
DA:779,0
DA:780,0
DA:781,0
DA:783,0
DA:784,0
DA:785,0
DA:786,0
DA:787,0
DA:788,0
DA:789,0
DA:790,0
DA:792,0
DA:793,0
DA:794,0
DA:795,0
DA:796,0
DA:797,0
DA:799,0
DA:800,0
DA:801,0
DA:803,4
DA:804,0
DA:805,0
DA:806,0
DA:807,0
DA:808,0
DA:809,0
DA:810,0
DA:811,0
DA:812,0
DA:814,0
DA:815,0
DA:817,0
DA:819,0
DA:820,0
DA:821,0
DA:822,0
DA:823,0
DA:824,0
DA:826,0
DA:827,0
DA:829,0
DA:830,0
DA:831,0
DA:832,0
DA:834,4
DA:835,4
DA:836,4
DA:837,4
DA:839,4
LF:682
LH:174
BRDA:30,0,0,4
BRDA:550,1,0,0
BRDA:551,2,0,0
BRDA:666,3,0,0
BRDA:690,4,0,0
BRDA:735,5,0,0
BRDA:766,6,0,0
BRDA:803,7,0,0
BRDA:803,8,0,0
BRDA:67,9,0,4
BRDA:185,10,0,4
BRDA:189,11,0,4
BRDA:190,12,0,0
BRDA:191,13,0,2
BRDA:192,14,0,2
BRDA:195,15,0,4
BRDA:205,16,0,2
BRDA:207,17,0,0
BRDA:232,18,0,2
BRDA:239,19,0,4
BRDA:254,20,0,2
BRDA:256,21,0,0
BRDA:256,22,0,0
BRDA:287,23,0,2
BRDA:294,24,0,4
BRDA:300,25,0,4
BRF:26
BRH:14
end_of_record
TN:
SF:src\pages\AppointmentCreate\AppointmentCreate.tsx
FN:33,AppointmentCreate
FN:55,fetchData
FN:92,handleSubmit
FN:140,onChange
FN:152,onChange
FN:164,onChange
FN:175,onClick
FNF:7
FNH:3
FNDA:12,AppointmentCreate
FNDA:8,fetchData
FNDA:0,handleSubmit
FNDA:0,onChange
FNDA:0,onChange
FNDA:0,onChange
FNDA:1,onClick
DA:1,1
DA:2,1
DA:3,1
DA:4,1
DA:5,1
DA:6,1
DA:7,1
DA:8,1
DA:26,1
DA:27,1
DA:28,1
DA:29,1
DA:30,1
DA:33,1
DA:34,12
DA:35,12
DA:36,12
DA:37,12
DA:39,12
DA:40,12
DA:41,12
DA:43,12
DA:45,12
DA:46,10
DA:47,12
DA:49,12
DA:50,10
DA:51,2
DA:52,2
DA:53,2
DA:55,8
DA:56,8
DA:57,8
DA:58,8
DA:59,8
DA:60,8
DA:61,8
DA:62,8
DA:63,8
DA:64,8
DA:66,8
DA:68,2
DA:69,2
DA:71,2
DA:72,2
DA:73,1
DA:74,2
DA:76,2
DA:77,2
DA:78,2
DA:79,2
DA:81,2
DA:82,2
DA:83,2
DA:84,8
DA:85,6
DA:86,6
DA:87,8
DA:89,8
DA:90,12
DA:92,12
DA:93,0
DA:95,0
DA:97,0
DA:98,0
DA:99,0
DA:100,0
DA:101,0
DA:103,0
DA:104,0
DA:105,0
DA:106,0
DA:107,0
DA:108,0
DA:109,0
DA:110,0
DA:111,0
DA:113,0
DA:114,0
DA:115,0
DA:116,0
DA:118,0
DA:119,0
DA:120,0
DA:121,0
DA:122,0
DA:123,0
DA:124,0
DA:127,12
DA:128,12
DA:129,12
DA:131,12
DA:132,12
DA:133,12
DA:134,12
DA:135,12
DA:137,12
DA:138,12
DA:139,12
DA:140,12
DA:141,12
DA:142,12
DA:143,12
DA:144,12
DA:146,12
DA:148,12
DA:149,12
DA:150,12
DA:151,12
DA:152,12
DA:153,0
DA:155,12
DA:156,12
DA:157,12
DA:159,12
DA:160,12
DA:162,12
DA:163,12
DA:164,12
DA:165,12
DA:166,12
DA:167,12
DA:168,12
DA:169,12
DA:170,12
DA:171,12
DA:172,12
DA:174,12
DA:175,12
DA:177,12
DA:178,12
DA:180,12
DA:181,12
DA:182,12
DA:183,12
DA:185,12
LF:136
LH:108
BRDA:33,0,0,12
BRDA:45,1,0,10
BRDA:49,2,0,10
BRDA:50,3,0,9
BRDA:50,4,0,2
BRDA:53,5,0,8
BRDA:55,6,0,8
BRDA:64,7,0,7
BRDA:66,8,0,2
BRDA:66,9,0,2
BRDA:84,10,0,6
BRDA:72,11,0,1
BRDA:76,12,0,2
BRDA:78,13,0,1
BRDA:78,14,0,1
BRDA:151,15,0,2
BRDA:175,16,0,1
BRF:17
BRH:17
end_of_record
TN:
SF:src\pages\AppointmentDetail\AppointmentDetail.tsx
FN:33,AppointmentDetail
FN:62,fetchAppointment
FN:80,fetchSheep
FN:114,onClick
FN:120,onClick
FN:138,onClick
FNF:6
FNH:6
FNDA:14,AppointmentDetail
FNDA:7,fetchAppointment
FNDA:7,fetchSheep
FNDA:1,onClick
FNDA:1,onClick
FNDA:1,onClick
DA:1,1
DA:2,1
DA:3,1
DA:4,1
DA:5,1
DA:6,1
DA:7,1
DA:8,1
DA:9,1
DA:33,1
DA:34,14
DA:35,14
DA:36,14
DA:38,14
DA:39,14
DA:40,14
DA:41,14
DA:42,14
DA:44,14
DA:45,8
DA:46,8
DA:47,1
DA:48,1
DA:49,14
DA:51,14
DA:52,14
DA:53,7
DA:54,7
DA:55,7
DA:56,14
DA:59,14
DA:60,7
DA:62,7
DA:63,7
DA:64,7
DA:65,7
DA:66,7
DA:67,7
DA:68,7
DA:69,7
DA:70,7
DA:71,0
DA:72,0
DA:73,7
DA:75,7
DA:76,14
DA:79,14
DA:80,7
DA:81,7
DA:82,7
DA:83,7
DA:84,7
DA:86,7
DA:88,7
DA:89,7
DA:90,7
DA:91,0
DA:92,0
DA:93,7
DA:95,7
DA:96,14
DA:99,14
DA:100,14
DA:101,7
DA:102,7
DA:103,7
DA:104,14
DA:106,14
DA:107,14
DA:108,14
DA:109,14
DA:110,14
DA:111,14
DA:113,14
DA:114,14
DA:116,14
DA:117,14
DA:118,14
DA:119,14
DA:120,14
DA:121,14
DA:123,14
DA:124,14
DA:125,14
DA:127,14
DA:129,14
DA:130,14
DA:131,14
DA:132,7
DA:134,7
DA:135,7
DA:136,14
DA:137,14
DA:138,14
DA:139,14
DA:140,14
DA:141,14
DA:142,7
DA:143,7
DA:145,14
DA:148,14
DA:149,14
DA:150,14
DA:151,14
DA:154,14
DA:155,14
DA:156,14
DA:157,14
DA:160,14
DA:161,14
DA:162,14
DA:163,7
DA:164,7
DA:165,7
DA:166,7
DA:167,7
DA:168,7
DA:169,7
DA:170,7
DA:172,7
DA:174,14
DA:175,14
DA:176,14
DA:178,14
LF:124
LH:120
BRDA:33,0,0,14
BRDA:110,1,0,7
BRDA:110,2,0,7
BRDA:131,3,0,7
BRDA:132,4,0,7
BRDA:150,5,0,7
BRDA:150,6,0,7
BRDA:156,7,0,7
BRDA:156,8,0,7
BRDA:162,9,0,7
BRDA:162,10,0,7
BRDA:162,11,0,7
BRDA:170,12,0,7
BRDA:44,13,0,8
BRDA:45,14,0,0
BRDA:46,15,0,1
BRDA:51,16,0,14
BRDA:52,17,0,7
BRDA:52,18,0,7
BRDA:59,19,0,7
BRDA:60,20,0,0
BRDA:62,21,0,7
BRDA:67,22,0,0
BRDA:70,23,0,0
BRDA:79,24,0,7
BRDA:80,25,0,7
BRDA:86,26,0,0
BRDA:90,27,0,0
BRDA:99,28,0,14
BRDA:100,29,0,7
BRDA:100,30,0,7
BRDA:102,31,0,14
BRDA:102,32,0,21
BRDA:103,33,0,14
BRDA:114,34,0,1
BRDA:120,35,0,1
BRDA:135,36,0,14
BRDA:138,37,0,1
BRDA:165,38,0,7
BRDA:167,39,0,0
BRDA:168,40,0,0
BRF:41
BRH:33
end_of_record
TN:
SF:src\pages\AppointmentEdit\AppointmentEdit.tsx
FN:15,AppointmentEdit
FN:57,fetchAppointment
FN:84,handleMedicationChange
FN:94,hasChanges
FN:102,addMedication
FN:109,removeMedication
FN:114,handleSubmit
FN:161,onChange
FN:171,onChange
FN:185,onChange
FN:192,onChange
FN:198,onChange
FN:203,onClick
FN:224,onClick
FNF:14
FNH:10
FNDA:21,AppointmentEdit
FNDA:6,fetchAppointment
FNDA:1,handleMedicationChange
FNDA:14,hasChanges
FNDA:1,addMedication
FNDA:1,removeMedication
FNDA:1,handleSubmit
FNDA:1,onChange
FNDA:0,onChange
FNDA:1,onChange
FNDA:0,onChange
FNDA:0,onChange
FNDA:1,onClick
FNDA:0,onClick
DA:1,1
DA:2,1
DA:3,1
DA:4,1
DA:5,1
DA:6,1
DA:7,1
DA:15,1
DA:16,21
DA:17,21
DA:19,21
DA:20,21
DA:21,21
DA:22,21
DA:23,21
DA:25,21
DA:27,21
DA:28,21
DA:29,21
DA:31,21
DA:32,21
DA:33,21
DA:34,21
DA:35,21
DA:39,21
DA:40,6
DA:41,6
DA:42,6
DA:43,1
DA:44,6
DA:45,5
DA:46,5
DA:47,21
DA:51,21
DA:52,6
DA:53,21
DA:56,21
DA:57,6
DA:58,6
DA:59,6
DA:60,6
DA:61,6
DA:62,6
DA:63,6
DA:65,6
DA:66,6
DA:67,6
DA:68,6
DA:69,6
DA:70,6
DA:71,6
DA:72,6
DA:74,6
DA:75,0
DA:76,0
DA:77,6
DA:79,6
DA:80,6
DA:81,6
DA:82,21
DA:84,21
DA:85,1
DA:86,1
DA:87,1
DA:88,1
DA:89,1
DA:90,1
DA:91,1
DA:92,1
DA:94,21
DA:95,14
DA:96,14
DA:97,14
DA:98,14
DA:99,14
DA:102,21
DA:103,1
DA:104,1
DA:105,1
DA:106,1
DA:107,1
DA:109,21
DA:110,1
DA:111,1
DA:112,1
DA:114,21
DA:115,1
DA:116,1
DA:117,1
DA:119,1
DA:120,1
DA:121,1
DA:122,1
DA:123,1
DA:124,1
DA:125,1
DA:126,1
DA:127,1
DA:128,1
DA:129,1
DA:130,1
DA:131,1
DA:132,1
DA:133,1
DA:134,1
DA:137,1
DA:138,1
DA:139,1
DA:140,0
DA:141,0
DA:142,0
DA:143,1
DA:146,21
DA:148,14
DA:149,14
DA:150,14
DA:152,14
DA:153,14
DA:154,14
DA:155,14
DA:156,14
DA:158,14
DA:159,14
DA:160,14
DA:161,14
DA:162,14
DA:163,14
DA:164,14
DA:166,14
DA:168,14
DA:169,14
DA:170,14
DA:171,14
DA:172,14
DA:173,14
DA:174,14
DA:175,14
DA:177,14
DA:178,14
DA:179,14
DA:180,15
DA:181,15
DA:182,15
DA:183,15
DA:184,15
DA:185,15
DA:186,1
DA:187,15
DA:188,15
DA:189,15
DA:190,15
DA:191,15
DA:192,15
DA:193,15
DA:194,15
DA:195,15
DA:196,15
DA:197,15
DA:198,15
DA:199,15
DA:200,15
DA:201,15
DA:202,15
DA:203,15
DA:204,15
DA:206,15
DA:207,15
DA:208,14
DA:209,14
DA:210,14
DA:211,14
DA:212,14
DA:213,14
DA:215,14
DA:216,14
DA:217,14
DA:218,14
DA:220,14
DA:221,14
DA:222,14
DA:223,14
DA:224,14
DA:225,14
DA:227,14
DA:228,14
DA:229,14
DA:230,14
DA:231,14
DA:232,14
DA:234,14
DA:235,14
DA:236,14
DA:237,14
DA:239,14
LF:194
LH:189
BRDA:15,0,0,21
BRDA:146,1,0,7
BRDA:146,2,0,14
BRDA:39,3,0,6
BRDA:41,4,0,0
BRDA:42,5,0,1
BRDA:44,6,0,5
BRDA:51,7,0,6
BRDA:56,8,0,6
BRDA:57,9,0,6
BRDA:62,10,0,0
BRDA:65,11,0,0
BRDA:66,12,0,0
BRDA:67,13,0,0
BRDA:69,14,0,0
BRDA:70,15,0,0
BRDA:71,16,0,0
BRDA:74,17,0,0
BRDA:84,18,0,1
BRDA:94,19,0,14
BRDA:98,20,0,13
BRDA:98,21,0,13
BRDA:102,22,0,1
BRDA:109,23,0,1
BRDA:110,24,0,2
BRDA:114,25,0,1
BRDA:137,26,0,0
BRDA:139,27,0,0
BRDA:117,28,0,1
BRDA:128,29,0,1
BRDA:161,30,0,1
BRDA:179,31,0,15
BRDA:185,32,0,1
BRDA:203,33,0,1
BRF:34
BRH:23
end_of_record
TN:
SF:src\pages\Appointments\Appointments.tsx
FN:36,isSameDate
FN:41,Appointments
FN:82,fetchAppointments
FN:128,fetchSheepAndGroups
FN:169,toggleFilter
FN:179,applyFilters
FN:224,toggleView
FN:235,onClick
FN:244,onClick
FN:250,onClick
FN:267,onChange
FN:282,onChange
FN:298,onChange
FN:320,onClick
FN:341,tileContent
FNF:15
FNH:10
FNDA:1,isSameDate
FNDA:18,Appointments
FNDA:11,fetchAppointments
FNDA:6,fetchSheepAndGroups
FNDA:0,toggleFilter
FNDA:9,applyFilters
FNDA:1,toggleView
FNDA:1,onClick
FNDA:0,onClick
FNDA:0,onClick
FNDA:1,onChange
FNDA:0,onChange
FNDA:0,onChange
FNDA:1,onClick
FNDA:161,tileContent
DA:1,1
DA:2,1
DA:3,1
DA:4,1
DA:5,1
DA:6,1
DA:7,1
DA:8,1
DA:9,1
DA:10,1
DA:11,1
DA:12,1
DA:36,1
DA:37,1
DA:38,1
DA:39,0
DA:41,1
DA:42,18
DA:43,6
DA:44,18
DA:46,18
DA:47,18
DA:48,18
DA:50,18
DA:51,18
DA:53,18
DA:54,18
DA:56,18
DA:57,18
DA:58,18
DA:60,18
DA:61,18
DA:63,18
DA:65,18
DA:66,6
DA:67,6
DA:69,6
DA:70,0
DA:71,0
DA:72,18
DA:74,18
DA:75,6
DA:76,6
DA:77,0
DA:78,0
DA:79,18
DA:81,18
DA:82,11
DA:83,11
DA:84,11
DA:85,11
DA:86,11
DA:87,11
DA:88,11
DA:90,11
DA:91,0
DA:92,0
DA:94,10
DA:96,10
DA:97,10
DA:99,10
DA:100,10
DA:101,10
DA:103,10
DA:104,10
DA:105,10
DA:106,10
DA:107,10
DA:108,10
DA:109,5
DA:110,5
DA:111,10
DA:112,10
DA:113,10
DA:114,10
DA:116,10
DA:117,11
DA:118,1
DA:119,11
DA:120,11
DA:121,11
DA:122,11
DA:124,11
DA:125,18
DA:127,18
DA:128,6
DA:129,6
DA:130,6
DA:131,6
DA:132,6
DA:133,6
DA:134,6
DA:135,6
DA:136,6
DA:137,6
DA:138,6
DA:139,6
DA:140,6
DA:141,6
DA:143,5
DA:144,6
DA:146,5
DA:147,5
DA:149,5
DA:150,10
DA:151,10
DA:152,5
DA:154,5
DA:155,10
DA:156,10
DA:157,5
DA:159,5
DA:160,5
DA:161,6
DA:162,1
DA:163,1
DA:164,6
DA:166,6
DA:167,18
DA:169,18
DA:170,0
DA:171,0
DA:172,0
DA:173,0
DA:174,0
DA:175,0
DA:176,0
DA:177,0
DA:179,18
DA:180,9
DA:181,9
DA:182,2
DA:184,9
DA:185,9
DA:187,9
DA:188,9
DA:189,0
DA:191,9
DA:192,9
DA:194,18
DA:195,18
DA:197,18
DA:198,18
DA:199,5
DA:200,13
DA:201,5
DA:202,5
DA:203,5
DA:204,13
DA:207,18
DA:210,18
DA:211,18
DA:212,7
DA:213,18
DA:214,18
DA:217,18
DA:218,1
DA:219,1
DA:220,1
DA:221,1
DA:222,17
DA:224,18
DA:225,1
DA:226,1
DA:227,1
DA:229,18
DA:230,18
DA:231,18
DA:233,18
DA:234,18
DA:235,18
DA:237,18
DA:238,18
DA:240,18
DA:241,13
DA:242,13
DA:243,13
DA:244,13
DA:245,13
DA:247,13
DA:248,13
DA:249,13
DA:250,13
DA:251,13
DA:253,13
DA:254,13
DA:257,18
DA:258,18
DA:259,18
DA:260,18
DA:261,18
DA:263,18
DA:264,18
DA:265,18
DA:266,18
DA:267,18
DA:268,18
DA:269,18
DA:271,18
DA:272,18
DA:273,18
DA:275,18
DA:276,18
DA:277,18
DA:278,36
DA:279,36
DA:280,36
DA:281,36
DA:282,36
DA:283,36
DA:285,36
DA:286,36
DA:287,18
DA:288,18
DA:290,18
DA:291,18
DA:292,18
DA:293,18
DA:294,16
DA:295,16
DA:296,16
DA:297,16
DA:298,16
DA:299,0
DA:301,16
DA:302,16
DA:303,16
DA:304,18
DA:305,18
DA:307,18
DA:309,18
DA:310,18
DA:311,8
DA:312,10
DA:313,6
DA:314,3
DA:316,3
DA:317,3
DA:318,3
DA:319,3
DA:320,3
DA:322,3
DA:323,3
DA:324,3
DA:325,3
DA:326,3
DA:327,3
DA:328,3
DA:329,3
DA:330,3
DA:331,3
DA:332,3
DA:333,3
DA:334,3
DA:335,3
DA:338,4
DA:339,4
DA:340,4
DA:341,4
DA:342,161
DA:343,161
DA:344,3
DA:345,158
DA:346,161
DA:347,4
DA:348,4
DA:349,1
DA:350,1
DA:351,1
DA:352,1
DA:354,0
DA:355,0
DA:356,0
DA:357,0
DA:358,0
DA:359,0
DA:362,0
DA:363,0
DA:364,0
DA:365,0
DA:366,0
DA:367,0
DA:368,0
DA:369,0
DA:370,0
DA:371,0
DA:372,0
DA:373,0
DA:375,1
DA:377,4
DA:379,18
DA:380,18
DA:381,18
DA:383,18
LF:294
LH:259
BRDA:36,0,0,1
BRDA:38,1,0,0
BRDA:41,2,0,18
BRDA:198,3,0,5
BRDA:199,4,0,13
BRDA:217,5,0,1
BRDA:221,6,0,17
BRDA:240,7,0,13
BRDA:243,8,0,0
BRDA:249,9,0,0
BRDA:258,10,0,5
BRDA:258,11,0,13
BRDA:259,12,0,5
BRDA:259,13,0,13
BRDA:310,14,0,8
BRDA:311,15,0,10
BRDA:312,16,0,6
BRDA:313,17,0,3
BRDA:314,18,0,3
BRDA:335,19,0,4
BRDA:348,20,0,1
BRDA:352,21,0,0
BRDA:42,22,0,6
BRDA:65,23,0,6
BRDA:69,24,0,0
BRDA:74,25,0,6
BRDA:75,26,0,0
BRDA:76,27,0,0
BRDA:76,28,0,0
BRDA:81,29,0,11
BRDA:82,30,0,11
BRDA:88,31,0,10
BRDA:90,32,0,0
BRDA:92,33,0,10
BRDA:117,34,0,1
BRDA:99,35,0,10
BRDA:106,36,0,5
BRDA:106,37,0,5
BRDA:107,38,0,5
BRDA:107,39,0,5
BRDA:107,40,0,5
BRDA:108,41,0,5
BRDA:108,42,0,5
BRDA:109,43,0,0
BRDA:109,44,0,5
BRDA:112,45,0,0
BRDA:100,46,0,10
BRDA:127,47,0,6
BRDA:128,48,0,6
BRDA:141,49,0,5
BRDA:144,50,0,0
BRDA:144,51,0,5
BRDA:161,52,0,1
BRDA:149,53,0,10
BRDA:154,54,0,10
BRDA:179,55,0,9
BRDA:181,56,0,2
BRDA:185,57,0,0
BRDA:188,58,0,0
BRDA:191,59,0,7
BRDA:191,60,0,7
BRDA:200,61,0,5
BRDA:203,62,0,0
BRDA:211,63,0,7
BRDA:218,64,0,1
BRDA:224,65,0,1
BRDA:225,66,0,0
BRDA:235,67,0,1
BRDA:267,68,0,1
BRDA:277,69,0,36
BRDA:293,70,0,16
BRDA:316,71,0,3
BRDA:320,72,0,1
BRDA:341,73,0,161
BRDA:343,74,0,3
BRDA:344,75,0,158
BRF:76
BRH:60
end_of_record
TN:
SF:src\pages\Dashboard\Dashboard.tsx
FN:49,Dashboard
FN:77,processGroupGraphData
FN:105,fetchSensors
FN:118,fetchData
FN:177,calcVariation
FN:238,handleSensorChange
FN:247,cancelSensorForm
FN:259,handleSaveSensor
FN:305,handleDeleteSensor
FN:325,startEditingSensor
FN:409,onClick
FN:444,onClick
FN:447,onClick
FN:464,onClick
FN:527,onClick
FN:536,onClick
FNF:16
FNH:13
FNDA:138,Dashboard
FNDA:8,processGroupGraphData
FNDA:10,fetchSensors
FNDA:10,fetchData
FNDA:18,calcVariation
FNDA:54,handleSensorChange
FNDA:3,cancelSensorForm
FNDA:3,handleSaveSensor
FNDA:1,handleDeleteSensor
FNDA:2,startEditingSensor
FNDA:4,onClick
FNDA:2,onClick
FNDA:1,onClick
FNDA:0,onClick
FNDA:0,onClick
FNDA:0,onClick
DA:1,1
DA:2,1
DA:3,1
DA:4,1
DA:5,1
DA:6,1
DA:7,1
DA:8,1
DA:9,1
DA:49,1
DA:50,138
DA:51,138
DA:52,138
DA:53,138
DA:54,138
DA:55,138
DA:56,138
DA:57,138
DA:58,138
DA:59,138
DA:60,138
DA:61,138
DA:62,138
DA:63,138
DA:64,138
DA:65,138
DA:66,138
DA:67,138
DA:69,138
DA:71,138
DA:72,10
DA:73,10
DA:74,10
DA:75,138
DA:77,138
DA:78,8
DA:79,8
DA:82,8
DA:83,16
DA:84,16
DA:85,16
DA:86,8
DA:87,8
DA:88,16
DA:89,16
DA:92,8
DA:93,8
DA:94,16
DA:95,0
DA:96,0
DA:97,16
DA:98,8
DA:99,8
DA:101,8
DA:102,8
DA:105,138
DA:106,10
DA:107,10
DA:108,10
DA:109,10
DA:110,10
DA:111,8
DA:112,8
DA:113,10
DA:114,2
DA:115,2
DA:116,10
DA:118,138
DA:119,10
DA:120,10
DA:121,10
DA:122,10
DA:123,10
DA:124,10
DA:126,10
DA:127,10
DA:128,10
DA:129,10
DA:130,10
DA:131,10
DA:132,10
DA:133,10
DA:134,10
DA:135,10
DA:136,10
DA:137,10
DA:138,10
DA:139,10
DA:140,10
DA:141,10
DA:142,10
DA:143,10
DA:144,10
DA:145,10
DA:146,10
DA:147,10
DA:148,10
DA:149,10
DA:150,10
DA:151,10
DA:152,10
DA:153,10
DA:154,10
DA:155,10
DA:156,10
DA:157,10
DA:158,10
DA:159,10
DA:161,10
DA:162,9
DA:163,9
DA:164,9
DA:165,9
DA:166,9
DA:167,9
DA:168,9
DA:169,9
DA:170,9
DA:171,9
DA:173,10
DA:174,10
DA:175,10
DA:177,10
DA:178,18
DA:179,16
DA:180,16
DA:181,18
DA:182,18
DA:184,10
DA:185,10
DA:186,10
DA:187,10
DA:188,10
DA:189,10
DA:190,10
DA:191,10
DA:192,10
DA:193,10
DA:194,10
DA:195,10
DA:197,10
DA:198,10
DA:199,16
DA:200,16
DA:201,10
DA:202,10
DA:204,10
DA:206,10
DA:207,10
DA:208,16
DA:209,16
DA:210,10
DA:211,10
DA:213,10
DA:214,10
DA:215,8
DA:216,8
DA:217,10
DA:218,10
DA:220,10
DA:221,10
DA:222,10
DA:223,10
DA:224,10
DA:225,8
DA:226,8
DA:227,8
DA:228,8
DA:229,10
DA:231,10
DA:232,10
DA:233,2
DA:234,2
DA:235,10
DA:238,138
DA:239,54
DA:240,54
DA:241,54
DA:242,54
DA:243,54
DA:244,54
DA:245,54
DA:247,138
DA:248,3
DA:249,3
DA:250,3
DA:251,3
DA:252,3
DA:253,3
DA:254,3
DA:255,3
DA:256,3
DA:257,3
DA:259,138
DA:260,3
DA:261,1
DA:262,1
DA:263,1
DA:265,3
DA:266,3
DA:267,1
DA:268,1
DA:270,3
DA:271,3
DA:272,3
DA:273,3
DA:274,3
DA:275,3
DA:276,3
DA:278,3
DA:279,3
DA:280,3
DA:281,3
DA:282,3
DA:283,3
DA:284,3
DA:285,3
DA:286,3
DA:287,3
DA:289,3
DA:290,2
DA:292,2
DA:293,2
DA:294,1
DA:295,1
DA:296,2
DA:297,2
DA:298,3
DA:299,0
DA:300,0
DA:301,0
DA:302,3
DA:305,138
DA:306,1
DA:307,1
DA:308,1
DA:309,1
DA:310,1
DA:311,1
DA:312,1
DA:314,1
DA:316,1
DA:317,1
DA:318,1
DA:319,0
DA:320,0
DA:321,0
DA:322,1
DA:325,138
DA:326,2
DA:327,2
DA:328,2
DA:329,2
DA:330,2
DA:331,2
DA:332,2
DA:333,2
DA:334,2
DA:335,2
DA:338,138
DA:339,138
DA:340,138
DA:341,138
DA:342,138
DA:343,138
DA:344,114
DA:345,114
DA:346,114
DA:347,114
DA:348,114
DA:349,114
DA:350,114
DA:351,114
DA:352,114
DA:353,114
DA:354,114
DA:355,114
DA:356,114
DA:357,114
DA:359,114
DA:360,114
DA:361,114
DA:362,114
DA:363,114
DA:364,114
DA:365,114
DA:366,114
DA:367,114
DA:368,114
DA:370,114
DA:371,114
DA:372,114
DA:373,114
DA:374,114
DA:375,114
DA:376,114
DA:377,114
DA:378,114
DA:379,114
DA:381,114
DA:382,114
DA:383,114
DA:384,114
DA:385,114
DA:386,114
DA:387,114
DA:388,114
DA:389,114
DA:390,114
DA:392,114
DA:393,114
DA:395,114
DA:396,114
DA:398,114
DA:399,114
DA:400,114
DA:401,114
DA:404,114
DA:406,24
DA:407,24
DA:408,24
DA:409,24
DA:411,24
DA:412,24
DA:414,24
DA:416,138
DA:418,138
DA:419,127
DA:420,127
DA:421,127
DA:422,127
DA:423,127
DA:424,127
DA:425,127
DA:426,127
DA:427,127
DA:429,127
DA:430,127
DA:432,127
DA:433,127
DA:434,127
DA:435,127
DA:436,127
DA:437,127
DA:438,127
DA:439,127
DA:440,127
DA:441,127
DA:442,127
DA:443,127
DA:444,127
DA:446,127
DA:447,127
DA:449,127
DA:450,127
DA:451,127
DA:452,127
DA:453,138
DA:456,138
DA:457,1
DA:458,1
DA:459,1
DA:460,1
DA:461,1
DA:462,1
DA:463,1
DA:464,1
DA:466,1
DA:467,1
DA:469,1
DA:470,1
DA:471,1
DA:472,1
DA:474,138
DA:476,138
DA:477,138
DA:478,138
DA:479,138
DA:480,138
DA:481,138
DA:482,138
DA:483,138
DA:484,138
DA:486,138
DA:487,138
DA:488,138
DA:489,138
DA:490,138
DA:491,138
DA:492,138
DA:493,138
DA:495,138
DA:496,138
DA:497,138
DA:498,138
DA:500,138
DA:501,256
DA:502,256
DA:503,256
DA:504,256
DA:505,256
DA:506,256
DA:507,256
DA:508,256
DA:510,256
DA:511,256
DA:512,256
DA:513,256
DA:514,138
DA:516,138
DA:517,138
DA:518,138
DA:519,138
DA:520,127
DA:521,127
DA:522,127
DA:523,127
DA:524,127
DA:525,127
DA:526,127
DA:527,127
DA:528,127
DA:529,127
DA:530,127
DA:532,0
DA:534,127
DA:535,127
DA:536,127
DA:538,127
DA:539,127
DA:540,127
DA:541,138
DA:542,138
DA:543,138
DA:544,138
DA:545,138
DA:546,138
DA:548,138
LF:438
LH:429
BRDA:49,0,0,138
BRDA:343,1,0,72
BRDA:343,2,0,114
BRDA:346,3,0,66
BRDA:346,4,0,48
BRDA:404,5,0,24
BRDA:456,6,0,1
BRDA:71,7,0,10
BRDA:77,8,0,8
BRDA:82,9,0,16
BRDA:85,10,0,8
BRDA:88,11,0,0
BRDA:92,12,0,8
BRDA:93,13,0,16
BRDA:94,14,0,0
BRDA:105,15,0,10
BRDA:110,16,0,8
BRDA:113,17,0,2
BRDA:118,18,0,10
BRDA:161,19,0,9
BRDA:173,20,0,1
BRDA:174,21,0,1
BRDA:175,22,0,1
BRDA:232,23,0,2
BRDA:171,24,0,72
BRDA:177,25,0,18
BRDA:178,26,0,2
BRDA:178,27,0,16
BRDA:181,28,0,0
BRDA:198,29,0,16
BRDA:200,30,0,0
BRDA:207,31,0,16
BRDA:214,32,0,8
BRDA:222,33,0,8
BRDA:224,34,0,8
BRDA:227,35,0,0
BRDA:228,36,0,0
BRDA:238,37,0,54
BRDA:240,38,0,54
BRDA:247,39,0,3
BRDA:259,40,0,3
BRDA:260,41,0,1
BRDA:263,42,0,2
BRDA:265,43,0,1
BRDA:265,44,0,1
BRDA:266,45,0,1
BRDA:267,46,0,1
BRDA:287,47,0,2
BRDA:289,48,0,0
BRDA:289,49,0,2
BRDA:298,50,0,0
BRDA:292,51,0,2
BRDA:293,52,0,1
BRDA:294,53,0,1
BRDA:295,54,0,1
BRDA:295,55,0,0
BRDA:305,56,0,1
BRDA:306,57,0,0
BRDA:314,58,0,0
BRDA:318,59,0,0
BRDA:316,60,0,1
BRDA:316,61,0,1
BRDA:325,62,0,2
BRDA:409,63,0,4
BRDA:418,64,0,127
BRDA:426,65,0,0
BRDA:444,66,0,2
BRDA:447,67,0,1
BRDA:461,68,0,1
BRDA:500,69,0,256
BRDA:507,70,0,0
BRDA:519,71,0,127
BRDA:530,72,0,0
BRDA:526,73,0,127
BRF:74
BRH:59
end_of_record
TN:
SF:src\pages\Inventory\Inventory.tsx
FN:20,Inventory
FN:48,fetchInventory
FN:94,onClick
FN:105,onClick
FN:118,toggleFilter
FN:124,handleSave
FN:159,handleCancel
FN:164,handleDeleteConfirm
FN:188,handleDeleteCancel
FN:198,onClick
FN:203,onClick
FN:218,onChange
FN:229,onChange
FN:255,onChange
FNF:14
FNH:14
FNDA:42,Inventory
FNDA:12,fetchInventory
FNDA:4,onClick
FNDA:2,onClick
FNDA:1,toggleFilter
FNDA:2,handleSave
FNDA:1,handleCancel
FNDA:1,handleDeleteConfirm
FNDA:1,handleDeleteCancel
FNDA:1,onClick
FNDA:6,onClick
FNDA:1,onChange
FNDA:1,onChange
FNDA:2,onChange
DA:1,1
DA:2,1
DA:3,1
DA:4,1
DA:5,1
DA:6,1
DA:7,1
DA:8,1
DA:20,1
DA:21,42
DA:23,42
DA:24,12
DA:25,42
DA:27,42
DA:28,42
DA:29,42
DA:30,42
DA:31,42
DA:32,42
DA:33,42
DA:34,42
DA:35,42
DA:37,42
DA:38,42
DA:39,42
DA:40,42
DA:41,42
DA:42,42
DA:43,42
DA:44,42
DA:45,42
DA:47,42
DA:48,12
DA:49,12
DA:50,12
DA:51,12
DA:52,12
DA:53,12
DA:54,12
DA:55,12
DA:57,11
DA:58,11
DA:59,12
DA:60,1
DA:61,12
DA:62,12
DA:63,12
DA:64,12
DA:66,12
DA:67,42
DA:69,42
DA:71,42
DA:72,86
DA:73,86
DA:74,86
DA:75,86
DA:76,86
DA:77,86
DA:78,42
DA:80,42
DA:81,42
DA:82,86
DA:83,86
DA:84,86
DA:85,42
DA:86,42
DA:87,82
DA:88,53
DA:89,53
DA:90,53
DA:91,53
DA:92,53
DA:93,53
DA:94,53
DA:95,4
DA:96,4
DA:97,4
DA:98,4
DA:99,53
DA:101,53
DA:102,53
DA:103,53
DA:104,53
DA:105,53
DA:106,2
DA:107,2
DA:108,2
DA:109,53
DA:111,53
DA:112,53
DA:113,53
DA:114,53
DA:115,29
DA:116,42
DA:118,42
DA:119,1
DA:120,1
DA:121,1
DA:122,1
DA:124,42
DA:125,2
DA:126,2
DA:127,2
DA:128,2
DA:129,2
DA:130,2
DA:132,2
DA:133,2
DA:134,2
DA:135,2
DA:136,2
DA:137,2
DA:138,2
DA:139,2
DA:140,2
DA:142,2
DA:144,1
DA:145,1
DA:146,1
DA:147,3
DA:148,1
DA:149,1
DA:151,1
DA:152,1
DA:153,1
DA:154,1
DA:155,1
DA:156,2
DA:157,2
DA:159,42
DA:160,1
DA:161,1
DA:162,1
DA:164,42
DA:165,1
DA:166,1
DA:168,1
DA:169,1
DA:170,1
DA:171,1
DA:172,1
DA:173,1
DA:174,1
DA:176,1
DA:179,1
DA:180,1
DA:181,1
DA:182,1
DA:183,0
DA:184,0
DA:185,0
DA:186,1
DA:188,42
DA:189,1
DA:190,1
DA:191,1
DA:193,42
DA:194,42
DA:195,42
DA:197,42
DA:198,42
DA:200,42
DA:201,42
DA:202,42
DA:203,42
DA:204,6
DA:205,6
DA:206,6
DA:208,42
DA:209,42
DA:210,42
DA:212,42
DA:214,42
DA:215,42
DA:216,42
DA:217,42
DA:218,42
DA:219,42
DA:221,42
DA:222,42
DA:223,42
DA:224,42
DA:225,58
DA:226,58
DA:227,58
DA:228,58
DA:229,58
DA:230,58
DA:231,58
DA:232,58
DA:233,42
DA:234,42
DA:235,42
DA:238,42
DA:239,42
DA:240,12
DA:242,30
DA:245,42
DA:246,6
DA:247,6
DA:248,6
DA:249,6
DA:250,6
DA:251,6
DA:252,6
DA:253,6
DA:254,6
DA:255,6
DA:256,2
DA:257,2
DA:258,2
DA:259,6
DA:260,6
DA:261,6
DA:262,6
DA:263,6
DA:264,6
DA:266,6
DA:267,6
DA:269,6
DA:270,6
DA:271,6
DA:275,42
DA:276,2
DA:277,2
DA:278,2
DA:279,2
DA:280,2
DA:281,2
DA:282,2
DA:284,2
DA:285,2
DA:287,2
DA:288,2
DA:289,2
DA:290,2
DA:292,42
DA:293,42
DA:294,42
DA:296,42
LF:240
LH:237
BRDA:20,0,0,42
BRDA:44,1,0,18
BRDA:44,2,0,24
BRDA:202,3,0,18
BRDA:202,4,0,24
BRDA:208,5,0,18
BRDA:208,6,0,24
BRDA:239,7,0,12
BRDA:240,8,0,30
BRDA:245,9,0,18
BRDA:245,10,0,8
BRDA:245,11,0,6
BRDA:275,12,0,2
BRDA:275,13,0,2
BRDA:23,14,0,12
BRDA:47,15,0,12
BRDA:48,16,0,12
BRDA:55,17,0,1
BRDA:55,18,0,11
BRDA:59,19,0,1
BRDA:69,20,0,86
BRDA:71,21,0,86
BRDA:81,22,0,86
BRDA:83,23,0,3
BRDA:84,24,0,84
BRDA:86,25,0,82
BRDA:87,26,0,53
BRDA:114,27,0,29
BRDA:94,28,0,4
BRDA:105,29,0,2
BRDA:118,30,0,1
BRDA:119,31,0,1
BRDA:120,32,0,0
BRDA:124,33,0,2
BRDA:142,34,0,1
BRDA:145,35,0,1
BRDA:146,36,0,3
BRDA:147,37,0,1
BRDA:147,38,0,2
BRDA:159,39,0,1
BRDA:164,40,0,1
BRDA:165,41,0,0
BRDA:176,42,0,0
BRDA:182,43,0,0
BRDA:179,44,0,1
BRDA:179,45,0,3
BRDA:188,46,0,1
BRDA:198,47,0,1
BRDA:203,48,0,6
BRDA:204,49,0,6
BRDA:218,50,0,1
BRDA:224,51,0,58
BRDA:229,52,0,1
BRDA:255,53,0,2
BRF:54
BRH:50
end_of_record
TN:
SF:src\pages\InventoryCreate\InventoryCreate.tsx
FN:8,InventoryCreate
FN:23,handleSubmit
FN:81,onChange
FN:93,onChange
FN:109,onChange
FN:120,onChange
FN:136,onClick
FNF:7
FNH:7
FNDA:24,InventoryCreate
FNDA:4,handleSubmit
FNDA:3,onChange
FNDA:3,onChange
FNDA:3,onChange
FNDA:3,onChange
FNDA:1,onClick
DA:1,1
DA:2,1
DA:3,1
DA:4,1
DA:5,1
DA:6,1
DA:8,1
DA:9,24
DA:11,24
DA:12,24
DA:13,24
DA:14,24
DA:16,24
DA:17,24
DA:19,24
DA:20,6
DA:21,24
DA:23,24
DA:24,4
DA:25,4
DA:26,4
DA:28,4
DA:29,4
DA:30,4
DA:31,4
DA:32,4
DA:33,4
DA:34,4
DA:35,4
DA:37,4
DA:38,1
DA:39,1
DA:40,1
DA:41,1
DA:43,3
DA:44,3
DA:45,3
DA:46,3
DA:47,3
DA:48,3
DA:49,3
DA:50,3
DA:51,3
DA:53,4
DA:54,1
DA:55,1
DA:56,1
DA:58,2
DA:59,4
DA:60,1
DA:61,4
DA:62,3
DA:63,3
DA:64,4
DA:67,24
DA:68,24
DA:69,24
DA:71,24
DA:72,24
DA:73,24
DA:74,24
DA:75,24
DA:77,24
DA:78,24
DA:79,24
DA:80,24
DA:81,24
DA:82,24
DA:83,24
DA:84,24
DA:85,24
DA:87,24
DA:89,24
DA:90,24
DA:91,24
DA:92,24
DA:93,24
DA:94,24
DA:95,24
DA:96,24
DA:97,24
DA:98,24
DA:100,24
DA:101,24
DA:103,24
DA:104,24
DA:105,24
DA:106,24
DA:107,24
DA:108,24
DA:109,24
DA:110,24
DA:111,24
DA:112,24
DA:113,24
DA:115,24
DA:117,24
DA:118,24
DA:119,24
DA:120,24
DA:121,24
DA:122,24
DA:124,24
DA:125,24
DA:126,24
DA:127,24
DA:128,24
DA:129,24
DA:130,24
DA:131,24
DA:132,24
DA:133,24
DA:135,24
DA:136,24
DA:138,24
DA:139,24
DA:140,24
DA:141,24
DA:142,24
DA:143,24
DA:144,24
DA:146,24
LF:122
LH:122
BRDA:8,0,0,24
BRDA:132,1,0,2
BRDA:140,2,0,3
BRDA:140,3,0,21
BRDA:19,4,0,6
BRDA:23,5,0,4
BRDA:37,6,0,3
BRDA:37,7,0,3
BRDA:37,8,0,3
BRDA:37,9,0,3
BRDA:37,10,0,1
BRDA:41,11,0,3
BRDA:53,12,0,1
BRDA:55,13,0,0
BRDA:56,14,0,2
BRDA:59,15,0,1
BRDA:60,16,0,0
BRDA:61,17,0,3
BRDA:81,18,0,3
BRDA:93,19,0,3
BRDA:109,20,0,3
BRDA:120,21,0,3
BRDA:136,22,0,1
BRF:23
BRH:21
end_of_record
TN:
SF:src\pages\Login\Login.tsx
FN:11,Login
FN:27,handleLogin
FN:97,onChange
FN:111,onChange
FN:119,onClick
FNF:5
FNH:5
FNDA:33,Login
FNDA:6,handleLogin
FNDA:6,onChange
FNDA:6,onChange
FNDA:1,onClick
DA:1,1
DA:2,1
DA:3,1
DA:4,1
DA:5,1
DA:6,1
DA:7,1
DA:8,1
DA:11,1
DA:12,33
DA:13,33
DA:14,33
DA:16,33
DA:17,33
DA:18,33
DA:19,33
DA:20,33
DA:22,33
DA:23,8
DA:24,33
DA:27,33
DA:28,6
DA:29,6
DA:31,6
DA:32,6
DA:33,6
DA:34,6
DA:35,6
DA:36,6
DA:38,6
DA:39,1
DA:40,1
DA:41,1
DA:42,1
DA:44,4
DA:45,4
DA:46,4
DA:49,4
DA:50,4
DA:51,4
DA:53,6
DA:54,1
DA:55,1
DA:56,1
DA:58,3
DA:59,3
DA:62,3
DA:63,3
DA:64,6
DA:65,1
DA:66,6
DA:67,1
DA:68,1
DA:69,1
DA:70,1
DA:72,6
DA:73,1
DA:74,1
DA:75,6
DA:76,6
DA:77,6
DA:78,6
DA:82,33
DA:83,33
DA:84,33
DA:85,33
DA:87,33
DA:88,33
DA:89,33
DA:91,33
DA:92,33
DA:93,33
DA:94,33
DA:95,33
DA:96,33
DA:97,33
DA:98,33
DA:99,33
DA:100,33
DA:101,33
DA:102,33
DA:104,33
DA:105,33
DA:106,33
DA:107,33
DA:108,33
DA:109,33
DA:110,33
DA:111,33
DA:112,33
DA:113,33
DA:114,33
DA:115,33
DA:116,33
DA:117,33
DA:118,33
DA:119,33
DA:120,33
DA:122,33
DA:123,33
DA:124,33
DA:125,33
DA:126,33
DA:127,33
DA:128,33
DA:130,33
DA:131,33
DA:132,33
DA:133,33
DA:134,33
DA:135,33
DA:136,33
DA:137,33
DA:139,33
LF:114
LH:114
BRDA:11,0,0,33
BRDA:14,1,0,0
BRDA:109,2,0,1
BRDA:109,3,0,32
BRDA:118,4,0,1
BRDA:118,5,0,32
BRDA:123,6,0,1
BRDA:123,7,0,32
BRDA:124,8,0,1
BRDA:124,9,0,32
BRDA:132,10,0,6
BRDA:132,11,0,27
BRDA:22,12,0,8
BRDA:27,13,0,6
BRDA:36,14,0,5
BRDA:38,15,0,1
BRDA:40,16,0,0
BRDA:42,17,0,4
BRDA:53,18,0,1
BRDA:56,19,0,3
BRDA:64,20,0,1
BRDA:66,21,0,2
BRDA:66,22,0,1
BRDA:72,23,0,1
BRDA:75,24,0,4
BRDA:97,25,0,6
BRDA:111,26,0,6
BRDA:119,27,0,1
BRF:28
BRH:26
end_of_record
